[2022-04-24 14:56:11] INFO: GTDB-Tk v1.5.0
[2022-04-24 14:56:11] INFO: gtdbtk classify_wf --genome_dir /home1/christina/Elos_meta/Curtain3/MAGs/bac/with_16S/100/MAG_181/Protologger --out_dir /home1/christina/Elos_meta/Curtain3/MAGs/bac/with_16S/100/MAG_181/Protologger/GTDB-TK-Results --cpus 20
[2022-04-24 14:56:11] INFO: Using GTDB-Tk reference data version r202: /mnt/big/miniconda3/envs/protologger/share/gtdbtk-1.5.0/db/
[2022-04-24 14:56:11] INFO: Identifying markers in 1 genomes with 20 threads.
[2022-04-24 14:56:11] TASK: Running Prodigal V2.6.3 to identify genes.
[2022-04-24 14:56:49] INFO: Completed 1 genome in 37.40 seconds (37.40 seconds/genome).
[2022-04-24 14:56:49] TASK: Identifying TIGRFAM protein families.
[2022-04-24 14:56:54] INFO: Completed 1 genome in 5.90 seconds (5.90 seconds/genome).
[2022-04-24 14:56:54] TASK: Identifying Pfam protein families.
[2022-04-24 14:56:55] INFO: Completed 1 genome in 0.95 seconds (1.05 genomes/second).
[2022-04-24 14:56:55] INFO: Annotations done using HMMER 3.1b2 (February 2015).
[2022-04-24 14:56:55] TASK: Summarising identified marker genes.
[2022-04-24 14:56:55] INFO: Completed 1 genome in 0.04 seconds (25.64 genomes/second).
[2022-04-24 14:56:55] INFO: Done.
[2022-04-24 14:56:56] INFO: Aligning markers in 1 genomes with 20 CPUs.
[2022-04-24 14:56:56] INFO: Processing 1 genomes identified as bacterial.
[2022-04-24 14:57:00] INFO: Read concatenated alignment for 45,555 GTDB genomes.
[2022-04-24 14:57:00] TASK: Generating concatenated alignment for each marker.
[2022-04-24 14:57:01] INFO: Completed 1 genome in 0.03 seconds (35.43 genomes/second).
[2022-04-24 14:57:01] TASK: Aligning 106 identified markers using hmmalign 3.1b2 (February 2015).
[2022-04-24 14:57:02] INFO: Completed 106 markers in 0.16 seconds (642.76 markers/second).
[2022-04-24 14:57:02] TASK: Masking columns of bacterial multiple sequence alignment using canonical mask.
[2022-04-24 14:58:02] INFO: Completed 45,556 sequences in 1.01 minutes (45,300.46 sequences/minute).
[2022-04-24 14:58:02] INFO: Masked bacterial alignment from 41,084 to 5,037 AAs.
[2022-04-24 14:58:02] INFO: 0 bacterial user genomes have amino acids in <10.0% of columns in filtered MSA.
[2022-04-24 14:58:02] INFO: Creating concatenated alignment for 45,556 bacterial GTDB and user genomes.
[2022-04-24 14:58:04] INFO: Creating concatenated alignment for 1 bacterial user genomes.
[2022-04-24 14:58:04] INFO: Done.
[2022-04-24 14:58:05] TASK: Placing 1 bacterial genomes into reference tree with pplacer using 20 CPUs (be patient).
[2022-04-24 14:58:05] INFO: pplacer version: v1.1.alpha19-0-g807f6f3
[2022-04-24 15:26:53] INFO: Calculating RED values based on reference tree.
[2022-04-24 15:27:01] TASK: Traversing tree to determine classification method.
[2022-04-24 15:27:01] INFO: Completed 1 genome in 0.00 seconds (666.50 genomes/second).
[2022-04-24 15:27:01] TASK: Calculating average nucleotide identity using FastANI (v1.33).
[2022-04-24 15:27:02] INFO: Completed 2 comparisons in 0.87 seconds (2.29 comparisons/second).
[2022-04-24 15:27:02] INFO: 0 genome(s) have been classified using FastANI and pplacer.
[2022-04-24 15:27:02] INFO: Done.
