[2022-04-24 20:24:47] INFO: GTDB-Tk v1.5.0
[2022-04-24 20:24:47] INFO: gtdbtk classify_wf --genome_dir /home1/christina/Elos_meta/Curtain3/MAGs/arc/with_16S/MAG_269/Protologger --out_dir /home1/christina/Elos_meta/Curtain3/MAGs/arc/with_16S/MAG_269/Protologger/GTDB-TK-Results --cpus 20
[2022-04-24 20:24:47] INFO: Using GTDB-Tk reference data version r202: /mnt/big/miniconda3/envs/protologger/share/gtdbtk-1.5.0/db/
[2022-04-24 20:24:47] INFO: Identifying markers in 1 genomes with 20 threads.
[2022-04-24 20:24:47] TASK: Running Prodigal V2.6.3 to identify genes.
[2022-04-24 20:25:02] INFO: Completed 1 genome in 15.31 seconds (15.31 seconds/genome).
[2022-04-24 20:25:02] TASK: Identifying TIGRFAM protein families.
[2022-04-24 20:25:08] INFO: Completed 1 genome in 6.02 seconds (6.02 seconds/genome).
[2022-04-24 20:25:08] TASK: Identifying Pfam protein families.
[2022-04-24 20:25:10] INFO: Completed 1 genome in 1.06 seconds (1.06 seconds/genome).
[2022-04-24 20:25:10] INFO: Annotations done using HMMER 3.1b2 (February 2015).
[2022-04-24 20:25:10] TASK: Summarising identified marker genes.
[2022-04-24 20:25:10] INFO: Completed 1 genome in 0.03 seconds (30.50 genomes/second).
[2022-04-24 20:25:10] INFO: Done.
[2022-04-24 20:25:10] INFO: Aligning markers in 1 genomes with 20 CPUs.
[2022-04-24 20:25:10] INFO: Processing 1 genomes identified as archaeal.
[2022-04-24 20:25:10] INFO: Read concatenated alignment for 2,339 GTDB genomes.
[2022-04-24 20:25:10] TASK: Generating concatenated alignment for each marker.
[2022-04-24 20:25:10] INFO: Completed 1 genome in 0.37 seconds (2.72 genomes/second).
[2022-04-24 20:25:11] TASK: Aligning 79 identified markers using hmmalign 3.1b2 (February 2015).
[2022-04-24 20:25:11] INFO: Completed 79 markers in 0.42 seconds (186.37 markers/second).
[2022-04-24 20:25:11] TASK: Masking columns of archaeal multiple sequence alignment using canonical mask.
[2022-04-24 20:25:14] INFO: Completed 2,340 sequences in 2.66 seconds (879.89 sequences/second).
[2022-04-24 20:25:14] INFO: Masked archaeal alignment from 32,754 to 5,124 AAs.
[2022-04-24 20:25:14] INFO: 0 archaeal user genomes have amino acids in <10.0% of columns in filtered MSA.
[2022-04-24 20:25:14] INFO: Creating concatenated alignment for 2,340 archaeal GTDB and user genomes.
[2022-04-24 20:25:14] INFO: Creating concatenated alignment for 1 archaeal user genomes.
[2022-04-24 20:25:14] INFO: Done.
[2022-04-24 20:25:14] TASK: Placing 1 archaeal genomes into reference tree with pplacer using 20 CPUs (be patient).
[2022-04-24 20:25:14] INFO: pplacer version: v1.1.alpha19-0-g807f6f3
[2022-04-24 20:26:02] INFO: Calculating RED values based on reference tree.
[2022-04-24 20:26:03] TASK: Traversing tree to determine classification method.
[2022-04-24 20:26:03] INFO: Completed 1 genome in 0.00 seconds (546.06 genomes/second).
[2022-04-24 20:26:03] INFO: 0 genome(s) have been classified using FastANI and pplacer.
[2022-04-24 20:26:03] INFO: Done.
