[2022-04-24 06:20:05] INFO: GTDB-Tk v1.5.0
[2022-04-24 06:20:05] INFO: gtdbtk classify_wf --genome_dir /home1/christina/Elos_meta/Curtain3/MAGs/bac/with_16S/100/MAG_176/Protologger --out_dir /home1/christina/Elos_meta/Curtain3/MAGs/bac/with_16S/100/MAG_176/Protologger/GTDB-TK-Results --cpus 20
[2022-04-24 06:20:05] INFO: Using GTDB-Tk reference data version r202: /mnt/big/miniconda3/envs/protologger/share/gtdbtk-1.5.0/db/
[2022-04-24 06:20:05] INFO: Identifying markers in 1 genomes with 20 threads.
[2022-04-24 06:20:05] TASK: Running Prodigal V2.6.3 to identify genes.
[2022-04-24 06:20:13] INFO: Completed 1 genome in 8.08 seconds (8.08 seconds/genome).
[2022-04-24 06:20:13] TASK: Identifying TIGRFAM protein families.
[2022-04-24 06:20:18] INFO: Completed 1 genome in 5.08 seconds (5.08 seconds/genome).
[2022-04-24 06:20:18] TASK: Identifying Pfam protein families.
[2022-04-24 06:20:19] INFO: Completed 1 genome in 0.83 seconds (1.20 genomes/second).
[2022-04-24 06:20:19] INFO: Annotations done using HMMER 3.1b2 (February 2015).
[2022-04-24 06:20:19] TASK: Summarising identified marker genes.
[2022-04-24 06:20:19] INFO: Completed 1 genome in 0.03 seconds (39.10 genomes/second).
[2022-04-24 06:20:19] INFO: Done.
[2022-04-24 06:20:19] INFO: Aligning markers in 1 genomes with 20 CPUs.
[2022-04-24 06:20:19] INFO: Processing 1 genomes identified as bacterial.
[2022-04-24 06:20:23] INFO: Read concatenated alignment for 45,555 GTDB genomes.
[2022-04-24 06:20:23] TASK: Generating concatenated alignment for each marker.
[2022-04-24 06:20:24] INFO: Completed 1 genome in 0.02 seconds (45.21 genomes/second).
[2022-04-24 06:20:24] TASK: Aligning 100 identified markers using hmmalign 3.1b2 (February 2015).
[2022-04-24 06:20:25] INFO: Completed 100 markers in 0.18 seconds (568.95 markers/second).
[2022-04-24 06:20:25] TASK: Masking columns of bacterial multiple sequence alignment using canonical mask.
[2022-04-24 06:21:26] INFO: Completed 45,556 sequences in 1.01 minutes (45,250.01 sequences/minute).
[2022-04-24 06:21:26] INFO: Masked bacterial alignment from 41,084 to 5,037 AAs.
[2022-04-24 06:21:26] INFO: 0 bacterial user genomes have amino acids in <10.0% of columns in filtered MSA.
[2022-04-24 06:21:26] INFO: Creating concatenated alignment for 45,556 bacterial GTDB and user genomes.
[2022-04-24 06:21:28] INFO: Creating concatenated alignment for 1 bacterial user genomes.
[2022-04-24 06:21:28] INFO: Done.
[2022-04-24 06:21:28] TASK: Placing 1 bacterial genomes into reference tree with pplacer using 20 CPUs (be patient).
[2022-04-24 06:21:28] INFO: pplacer version: v1.1.alpha19-0-g807f6f3
[2022-04-24 06:48:19] INFO: Calculating RED values based on reference tree.
[2022-04-24 06:48:27] TASK: Traversing tree to determine classification method.
[2022-04-24 06:48:27] INFO: Completed 1 genome in 0.00 seconds (522.07 genomes/second).
[2022-04-24 06:48:27] TASK: Calculating average nucleotide identity using FastANI (v1.33).
[2022-04-24 06:48:28] INFO: Completed 2 comparisons in 0.71 seconds (2.81 comparisons/second).
[2022-04-24 06:48:28] INFO: 0 genome(s) have been classified using FastANI and pplacer.
[2022-04-24 06:48:28] INFO: Done.
