[2022-04-24 20:09:33] INFO: GTDB-Tk v1.5.0
[2022-04-24 20:09:33] INFO: gtdbtk classify_wf --genome_dir /home1/christina/Elos_meta/Curtain3/MAGs/bac/with_16S/200/MAG_263/Protologger --out_dir /home1/christina/Elos_meta/Curtain3/MAGs/bac/with_16S/200/MAG_263/Protologger/GTDB-TK-Results --cpus 20
[2022-04-24 20:09:33] INFO: Using GTDB-Tk reference data version r202: /mnt/big/miniconda3/envs/protologger/share/gtdbtk-1.5.0/db/
[2022-04-24 20:09:33] INFO: Identifying markers in 1 genomes with 20 threads.
[2022-04-24 20:09:33] TASK: Running Prodigal V2.6.3 to identify genes.
[2022-04-24 20:09:49] INFO: Completed 1 genome in 15.56 seconds (15.56 seconds/genome).
[2022-04-24 20:09:49] TASK: Identifying TIGRFAM protein families.
[2022-04-24 20:09:53] INFO: Completed 1 genome in 4.55 seconds (4.55 seconds/genome).
[2022-04-24 20:09:54] TASK: Identifying Pfam protein families.
[2022-04-24 20:09:54] INFO: Completed 1 genome in 0.67 seconds (1.50 genomes/second).
[2022-04-24 20:09:54] INFO: Annotations done using HMMER 3.1b2 (February 2015).
[2022-04-24 20:09:54] TASK: Summarising identified marker genes.
[2022-04-24 20:09:54] INFO: Completed 1 genome in 0.02 seconds (41.00 genomes/second).
[2022-04-24 20:09:54] INFO: Done.
[2022-04-24 20:09:54] INFO: Aligning markers in 1 genomes with 20 CPUs.
[2022-04-24 20:09:54] INFO: Processing 1 genomes identified as bacterial.
[2022-04-24 20:09:59] INFO: Read concatenated alignment for 45,555 GTDB genomes.
[2022-04-24 20:09:59] TASK: Generating concatenated alignment for each marker.
[2022-04-24 20:10:00] INFO: Completed 1 genome in 0.02 seconds (55.76 genomes/second).
[2022-04-24 20:10:00] TASK: Aligning 62 identified markers using hmmalign 3.1b2 (February 2015).
[2022-04-24 20:10:02] INFO: Completed 62 markers in 0.10 seconds (614.95 markers/second).
[2022-04-24 20:10:02] TASK: Masking columns of bacterial multiple sequence alignment using canonical mask.
[2022-04-24 20:11:02] INFO: Completed 45,556 sequences in 1.01 minutes (45,139.01 sequences/minute).
[2022-04-24 20:11:02] INFO: Masked bacterial alignment from 41,084 to 5,037 AAs.
[2022-04-24 20:11:02] INFO: 0 bacterial user genomes have amino acids in <10.0% of columns in filtered MSA.
[2022-04-24 20:11:02] INFO: Creating concatenated alignment for 45,556 bacterial GTDB and user genomes.
[2022-04-24 20:11:04] INFO: Creating concatenated alignment for 1 bacterial user genomes.
[2022-04-24 20:11:04] INFO: Done.
[2022-04-24 20:11:05] TASK: Placing 1 bacterial genomes into reference tree with pplacer using 20 CPUs (be patient).
[2022-04-24 20:11:05] INFO: pplacer version: v1.1.alpha19-0-g807f6f3
[2022-04-24 20:25:21] INFO: Calculating RED values based on reference tree.
[2022-04-24 20:25:29] TASK: Traversing tree to determine classification method.
[2022-04-24 20:25:30] INFO: Completed 1 genome in 0.00 seconds (200.22 genomes/second).
[2022-04-24 20:25:30] INFO: 0 genome(s) have been classified using FastANI and pplacer.
[2022-04-24 20:25:30] INFO: Done.
