[2022-04-23 13:59:15] INFO: GTDB-Tk v1.5.0
[2022-04-23 13:59:15] INFO: gtdbtk classify_wf --genome_dir /home1/christina/Elos_meta/Curtain3/MAGs/bac/with_16S/200/MAG_243/Protologger --out_dir /home1/christina/Elos_meta/Curtain3/MAGs/bac/with_16S/200/MAG_243/Protologger/GTDB-TK-Results --cpus 20
[2022-04-23 13:59:15] INFO: Using GTDB-Tk reference data version r202: /mnt/big/miniconda3/envs/protologger/share/gtdbtk-1.5.0/db/
[2022-04-23 13:59:15] INFO: Identifying markers in 1 genomes with 20 threads.
[2022-04-23 13:59:15] TASK: Running Prodigal V2.6.3 to identify genes.
[2022-04-23 13:59:25] INFO: Completed 1 genome in 10.05 seconds (10.05 seconds/genome).
[2022-04-23 13:59:25] TASK: Identifying TIGRFAM protein families.
[2022-04-23 13:59:31] INFO: Completed 1 genome in 5.53 seconds (5.53 seconds/genome).
[2022-04-23 13:59:31] TASK: Identifying Pfam protein families.
[2022-04-23 13:59:31] INFO: Completed 1 genome in 0.80 seconds (1.24 genomes/second).
[2022-04-23 13:59:31] INFO: Annotations done using HMMER 3.1b2 (February 2015).
[2022-04-23 13:59:31] TASK: Summarising identified marker genes.
[2022-04-23 13:59:31] INFO: Completed 1 genome in 0.02 seconds (43.54 genomes/second).
[2022-04-23 13:59:32] INFO: Done.
[2022-04-23 13:59:32] INFO: Aligning markers in 1 genomes with 20 CPUs.
[2022-04-23 13:59:32] INFO: Processing 1 genomes identified as bacterial.
[2022-04-23 13:59:36] INFO: Read concatenated alignment for 45,555 GTDB genomes.
[2022-04-23 13:59:36] TASK: Generating concatenated alignment for each marker.
[2022-04-23 13:59:37] INFO: Completed 1 genome in 0.02 seconds (46.55 genomes/second).
[2022-04-23 13:59:37] TASK: Aligning 99 identified markers using hmmalign 3.1b2 (February 2015).
[2022-04-23 13:59:39] INFO: Completed 99 markers in 0.15 seconds (678.08 markers/second).
[2022-04-23 13:59:39] TASK: Masking columns of bacterial multiple sequence alignment using canonical mask.
[2022-04-23 14:00:40] INFO: Completed 45,556 sequences in 1.01 minutes (44,930.88 sequences/minute).
[2022-04-23 14:00:40] INFO: Masked bacterial alignment from 41,084 to 5,037 AAs.
[2022-04-23 14:00:40] INFO: 0 bacterial user genomes have amino acids in <10.0% of columns in filtered MSA.
[2022-04-23 14:00:40] INFO: Creating concatenated alignment for 45,556 bacterial GTDB and user genomes.
[2022-04-23 14:00:42] INFO: Creating concatenated alignment for 1 bacterial user genomes.
[2022-04-23 14:00:42] INFO: Done.
[2022-04-23 14:00:42] TASK: Placing 1 bacterial genomes into reference tree with pplacer using 20 CPUs (be patient).
[2022-04-23 14:00:42] INFO: pplacer version: v1.1.alpha19-0-g807f6f3
[2022-04-23 14:25:30] INFO: Calculating RED values based on reference tree.
[2022-04-23 14:25:38] TASK: Traversing tree to determine classification method.
[2022-04-23 14:25:38] INFO: Completed 1 genome in 0.00 seconds (729.44 genomes/second).
[2022-04-23 14:25:38] TASK: Calculating average nucleotide identity using FastANI (v1.33).
[2022-04-23 14:25:39] INFO: Completed 2 comparisons in 0.51 seconds (3.94 comparisons/second).
[2022-04-23 14:25:39] INFO: 0 genome(s) have been classified using FastANI and pplacer.
[2022-04-23 14:25:39] INFO: Done.
