[2022-04-26 13:41:22] INFO: GTDB-Tk v1.5.0
[2022-04-26 13:41:22] INFO: gtdbtk classify_wf --genome_dir /home1/christina/Elos_meta/Curtain3/MAGs/arc/with_16S/MAG_223/Protologger --out_dir /home1/christina/Elos_meta/Curtain3/MAGs/arc/with_16S/MAG_223/Protologger/GTDB-TK-Results --cpus 20
[2022-04-26 13:41:22] INFO: Using GTDB-Tk reference data version r202: /mnt/big/miniconda3/envs/protologger/share/gtdbtk-1.5.0/db/
[2022-04-26 13:41:22] INFO: Identifying markers in 1 genomes with 20 threads.
[2022-04-26 13:41:22] TASK: Running Prodigal V2.6.3 to identify genes.
[2022-04-26 13:41:48] INFO: Completed 1 genome in 25.97 seconds (25.97 seconds/genome).
[2022-04-26 13:41:48] TASK: Identifying TIGRFAM protein families.
[2022-04-26 13:41:56] INFO: Completed 1 genome in 8.30 seconds (8.30 seconds/genome).
[2022-04-26 13:41:56] TASK: Identifying Pfam protein families.
[2022-04-26 13:41:58] INFO: Completed 1 genome in 1.61 seconds (1.61 seconds/genome).
[2022-04-26 13:41:58] INFO: Annotations done using HMMER 3.1b2 (February 2015).
[2022-04-26 13:41:58] TASK: Summarising identified marker genes.
[2022-04-26 13:41:58] INFO: Completed 1 genome in 0.06 seconds (16.87 genomes/second).
[2022-04-26 13:41:58] INFO: Done.
[2022-04-26 13:41:58] INFO: Aligning markers in 1 genomes with 20 CPUs.
[2022-04-26 13:41:58] INFO: Processing 1 genomes identified as archaeal.
[2022-04-26 13:41:58] INFO: Read concatenated alignment for 2,339 GTDB genomes.
[2022-04-26 13:41:58] TASK: Generating concatenated alignment for each marker.
[2022-04-26 13:41:59] INFO: Completed 1 genome in 0.81 seconds (1.23 genomes/second).
[2022-04-26 13:42:00] TASK: Aligning 106 identified markers using hmmalign 3.1b2 (February 2015).
[2022-04-26 13:42:01] INFO: Completed 106 markers in 0.94 seconds (112.84 markers/second).
[2022-04-26 13:42:01] TASK: Masking columns of archaeal multiple sequence alignment using canonical mask.
[2022-04-26 13:42:04] INFO: Completed 2,340 sequences in 3.30 seconds (709.13 sequences/second).
[2022-04-26 13:42:04] INFO: Masked archaeal alignment from 32,754 to 5,124 AAs.
[2022-04-26 13:42:04] INFO: 0 archaeal user genomes have amino acids in <10.0% of columns in filtered MSA.
[2022-04-26 13:42:04] INFO: Creating concatenated alignment for 2,340 archaeal GTDB and user genomes.
[2022-04-26 13:42:04] INFO: Creating concatenated alignment for 1 archaeal user genomes.
[2022-04-26 13:42:04] INFO: Done.
[2022-04-26 13:42:05] TASK: Placing 1 archaeal genomes into reference tree with pplacer using 20 CPUs (be patient).
[2022-04-26 13:42:05] INFO: pplacer version: v1.1.alpha19-0-g807f6f3
[2022-04-26 13:43:21] INFO: Calculating RED values based on reference tree.
[2022-04-26 13:43:22] TASK: Traversing tree to determine classification method.
[2022-04-26 13:43:22] INFO: Completed 1 genome in 0.00 seconds (6,034.97 genomes/second).
[2022-04-26 13:43:22] TASK: Calculating average nucleotide identity using FastANI (v1.33).
[2022-04-26 13:43:23] INFO: Completed 6 comparisons in 1.26 seconds (4.77 comparisons/second).
[2022-04-26 13:43:23] INFO: 0 genome(s) have been classified using FastANI and pplacer.
[2022-04-26 13:43:23] INFO: Done.
