[2022-04-22 18:37:05] INFO: GTDB-Tk v1.5.0
[2022-04-22 18:37:05] INFO: gtdbtk classify_wf --genome_dir /home1/christina/Elos_meta/Curtain3/MAGs/bac/with_16S/rest/MAG_61/Protologger --out_dir /home1/christina/Elos_meta/Curtain3/MAGs/bac/with_16S/rest/MAG_61/Protologger/GTDB-TK-Results --cpus 20
[2022-04-22 18:37:05] INFO: Using GTDB-Tk reference data version r202: /mnt/big/miniconda3/envs/protologger/share/gtdbtk-1.5.0/db/
[2022-04-22 18:37:05] INFO: Identifying markers in 1 genomes with 20 threads.
[2022-04-22 18:37:05] TASK: Running Prodigal V2.6.3 to identify genes.
[2022-04-22 18:37:08] INFO: Completed 1 genome in 2.59 seconds (2.59 seconds/genome).
[2022-04-22 18:37:08] TASK: Identifying TIGRFAM protein families.
[2022-04-22 18:37:13] INFO: Completed 1 genome in 4.99 seconds (4.99 seconds/genome).
[2022-04-22 18:37:13] TASK: Identifying Pfam protein families.
[2022-04-22 18:37:14] INFO: Completed 1 genome in 0.72 seconds (1.39 genomes/second).
[2022-04-22 18:37:14] INFO: Annotations done using HMMER 3.1b2 (February 2015).
[2022-04-22 18:37:14] TASK: Summarising identified marker genes.
[2022-04-22 18:37:14] INFO: Completed 1 genome in 0.01 seconds (93.74 genomes/second).
[2022-04-22 18:37:14] INFO: Done.
[2022-04-22 18:37:14] INFO: Aligning markers in 1 genomes with 20 CPUs.
[2022-04-22 18:37:14] INFO: Processing 1 genomes identified as bacterial.
[2022-04-22 18:37:18] INFO: Read concatenated alignment for 45,555 GTDB genomes.
[2022-04-22 18:37:18] TASK: Generating concatenated alignment for each marker.
[2022-04-22 18:37:19] INFO: Completed 1 genome in 0.01 seconds (135.49 genomes/second).
[2022-04-22 18:37:19] TASK: Aligning 83 identified markers using hmmalign 3.1b2 (February 2015).
[2022-04-22 18:37:20] INFO: Completed 83 markers in 0.15 seconds (552.97 markers/second).
[2022-04-22 18:37:20] TASK: Masking columns of bacterial multiple sequence alignment using canonical mask.
[2022-04-22 18:38:20] INFO: Completed 45,556 sequences in 1.01 minutes (45,267.14 sequences/minute).
[2022-04-22 18:38:20] INFO: Masked bacterial alignment from 41,084 to 5,037 AAs.
[2022-04-22 18:38:20] INFO: 0 bacterial user genomes have amino acids in <10.0% of columns in filtered MSA.
[2022-04-22 18:38:20] INFO: Creating concatenated alignment for 45,556 bacterial GTDB and user genomes.
[2022-04-22 18:38:23] INFO: Creating concatenated alignment for 1 bacterial user genomes.
[2022-04-22 18:38:23] INFO: Done.
[2022-04-22 18:38:24] TASK: Placing 1 bacterial genomes into reference tree with pplacer using 20 CPUs (be patient).
[2022-04-22 18:38:24] INFO: pplacer version: v1.1.alpha19-0-g807f6f3
[2022-04-22 18:59:11] INFO: Calculating RED values based on reference tree.
[2022-04-22 18:59:19] TASK: Traversing tree to determine classification method.
[2022-04-22 18:59:19] INFO: Completed 1 genome in 0.00 seconds (670.23 genomes/second).
[2022-04-22 18:59:19] TASK: Calculating average nucleotide identity using FastANI (v1.33).
[2022-04-22 18:59:20] INFO: Completed 2 comparisons in 0.51 seconds (3.95 comparisons/second).
[2022-04-22 18:59:20] INFO: 0 genome(s) have been classified using FastANI and pplacer.
[2022-04-22 18:59:20] INFO: Done.
