[2022-04-25 21:17:49] INFO: GTDB-Tk v1.5.0
[2022-04-25 21:17:49] INFO: gtdbtk classify_wf --genome_dir /home1/christina/Elos_meta/Curtain3/MAGs/arc/with_16S/MAG_157/Protologger --out_dir /home1/christina/Elos_meta/Curtain3/MAGs/arc/with_16S/MAG_157/Protologger/GTDB-TK-Results --cpus 20
[2022-04-25 21:17:49] INFO: Using GTDB-Tk reference data version r202: /mnt/big/miniconda3/envs/protologger/share/gtdbtk-1.5.0/db/
[2022-04-25 21:17:49] INFO: Identifying markers in 1 genomes with 20 threads.
[2022-04-25 21:17:49] TASK: Running Prodigal V2.6.3 to identify genes.
[2022-04-25 21:18:01] INFO: Completed 1 genome in 12.20 seconds (12.20 seconds/genome).
[2022-04-25 21:18:01] TASK: Identifying TIGRFAM protein families.
[2022-04-25 21:18:06] INFO: Completed 1 genome in 5.07 seconds (5.07 seconds/genome).
[2022-04-25 21:18:06] TASK: Identifying Pfam protein families.
[2022-04-25 21:18:07] INFO: Completed 1 genome in 0.87 seconds (1.16 genomes/second).
[2022-04-25 21:18:07] INFO: Annotations done using HMMER 3.1b2 (February 2015).
[2022-04-25 21:18:07] TASK: Summarising identified marker genes.
[2022-04-25 21:18:07] INFO: Completed 1 genome in 0.02 seconds (48.91 genomes/second).
[2022-04-25 21:18:07] INFO: Done.
[2022-04-25 21:18:07] INFO: Aligning markers in 1 genomes with 20 CPUs.
[2022-04-25 21:18:08] INFO: Processing 1 genomes identified as archaeal.
[2022-04-25 21:18:08] INFO: Read concatenated alignment for 2,339 GTDB genomes.
[2022-04-25 21:18:08] TASK: Generating concatenated alignment for each marker.
[2022-04-25 21:18:08] INFO: Completed 1 genome in 0.38 seconds (2.66 genomes/second).
[2022-04-25 21:18:08] TASK: Aligning 97 identified markers using hmmalign 3.1b2 (February 2015).
[2022-04-25 21:18:09] INFO: Completed 97 markers in 0.53 seconds (184.49 markers/second).
[2022-04-25 21:18:09] TASK: Masking columns of archaeal multiple sequence alignment using canonical mask.
[2022-04-25 21:18:11] INFO: Completed 2,340 sequences in 2.57 seconds (909.77 sequences/second).
[2022-04-25 21:18:11] INFO: Masked archaeal alignment from 32,754 to 5,124 AAs.
[2022-04-25 21:18:11] INFO: 0 archaeal user genomes have amino acids in <10.0% of columns in filtered MSA.
[2022-04-25 21:18:12] INFO: Creating concatenated alignment for 2,340 archaeal GTDB and user genomes.
[2022-04-25 21:18:12] INFO: Creating concatenated alignment for 1 archaeal user genomes.
[2022-04-25 21:18:12] INFO: Done.
[2022-04-25 21:18:12] TASK: Placing 1 archaeal genomes into reference tree with pplacer using 20 CPUs (be patient).
[2022-04-25 21:18:12] INFO: pplacer version: v1.1.alpha19-0-g807f6f3
[2022-04-25 21:19:07] INFO: Calculating RED values based on reference tree.
[2022-04-25 21:19:08] TASK: Traversing tree to determine classification method.
[2022-04-25 21:19:08] INFO: Completed 1 genome in 0.00 seconds (8,144.28 genomes/second).
[2022-04-25 21:19:08] INFO: 0 genome(s) have been classified using FastANI and pplacer.
[2022-04-25 21:19:08] INFO: Done.
