[2022-04-24 22:39:11] INFO: GTDB-Tk v1.5.0
[2022-04-24 22:39:11] INFO: gtdbtk classify_wf --genome_dir /home1/christina/Elos_meta/Curtain3/MAGs/bac/with_16S/200/MAG_264/Protologger --out_dir /home1/christina/Elos_meta/Curtain3/MAGs/bac/with_16S/200/MAG_264/Protologger/GTDB-TK-Results --cpus 20
[2022-04-24 22:39:11] INFO: Using GTDB-Tk reference data version r202: /mnt/big/miniconda3/envs/protologger/share/gtdbtk-1.5.0/db/
[2022-04-24 22:39:11] INFO: Identifying markers in 1 genomes with 20 threads.
[2022-04-24 22:39:11] TASK: Running Prodigal V2.6.3 to identify genes.
[2022-04-24 22:39:25] INFO: Completed 1 genome in 14.49 seconds (14.49 seconds/genome).
[2022-04-24 22:39:25] TASK: Identifying TIGRFAM protein families.
[2022-04-24 22:39:31] INFO: Completed 1 genome in 5.88 seconds (5.88 seconds/genome).
[2022-04-24 22:39:31] TASK: Identifying Pfam protein families.
[2022-04-24 22:39:32] INFO: Completed 1 genome in 0.97 seconds (1.03 genomes/second).
[2022-04-24 22:39:32] INFO: Annotations done using HMMER 3.1b2 (February 2015).
[2022-04-24 22:39:32] TASK: Summarising identified marker genes.
[2022-04-24 22:39:32] INFO: Completed 1 genome in 0.03 seconds (30.35 genomes/second).
[2022-04-24 22:39:32] INFO: Done.
[2022-04-24 22:39:32] INFO: Aligning markers in 1 genomes with 20 CPUs.
[2022-04-24 22:39:32] INFO: Processing 1 genomes identified as bacterial.
[2022-04-24 22:39:37] INFO: Read concatenated alignment for 45,555 GTDB genomes.
[2022-04-24 22:39:37] TASK: Generating concatenated alignment for each marker.
[2022-04-24 22:39:39] INFO: Completed 1 genome in 0.02 seconds (40.83 genomes/second).
[2022-04-24 22:39:39] TASK: Aligning 97 identified markers using hmmalign 3.1b2 (February 2015).
[2022-04-24 22:39:41] INFO: Completed 97 markers in 0.14 seconds (680.17 markers/second).
[2022-04-24 22:39:41] TASK: Masking columns of bacterial multiple sequence alignment using canonical mask.
[2022-04-24 22:40:42] INFO: Completed 45,556 sequences in 1.02 minutes (44,873.33 sequences/minute).
[2022-04-24 22:40:42] INFO: Masked bacterial alignment from 41,084 to 5,037 AAs.
[2022-04-24 22:40:42] INFO: 0 bacterial user genomes have amino acids in <10.0% of columns in filtered MSA.
[2022-04-24 22:40:42] INFO: Creating concatenated alignment for 45,556 bacterial GTDB and user genomes.
[2022-04-24 22:40:44] INFO: Creating concatenated alignment for 1 bacterial user genomes.
[2022-04-24 22:40:44] INFO: Done.
[2022-04-24 22:40:44] TASK: Placing 1 bacterial genomes into reference tree with pplacer using 20 CPUs (be patient).
[2022-04-24 22:40:44] INFO: pplacer version: v1.1.alpha19-0-g807f6f3
[2022-04-24 23:05:47] INFO: Calculating RED values based on reference tree.
[2022-04-24 23:05:55] TASK: Traversing tree to determine classification method.
[2022-04-24 23:05:56] INFO: Completed 1 genome in 0.00 seconds (557.16 genomes/second).
[2022-04-24 23:05:56] TASK: Calculating average nucleotide identity using FastANI (v1.33).
[2022-04-24 23:05:56] INFO: Completed 2 comparisons in 0.62 seconds (3.22 comparisons/second).
[2022-04-24 23:05:56] INFO: 0 genome(s) have been classified using FastANI and pplacer.
[2022-04-24 23:05:57] INFO: Done.
