[2022-04-26 02:50:02] INFO: GTDB-Tk v1.5.0
[2022-04-26 02:50:02] INFO: gtdbtk classify_wf --genome_dir /home1/christina/Elos_meta/Curtain3/MAGs/bac/with_16S/200/MAG_287/Protologger --out_dir /home1/christina/Elos_meta/Curtain3/MAGs/bac/with_16S/200/MAG_287/Protologger/GTDB-TK-Results --cpus 20
[2022-04-26 02:50:02] INFO: Using GTDB-Tk reference data version r202: /mnt/big/miniconda3/envs/protologger/share/gtdbtk-1.5.0/db/
[2022-04-26 02:50:02] INFO: Identifying markers in 1 genomes with 20 threads.
[2022-04-26 02:50:02] TASK: Running Prodigal V2.6.3 to identify genes.
[2022-04-26 02:50:32] INFO: Completed 1 genome in 29.22 seconds (29.22 seconds/genome).
[2022-04-26 02:50:32] TASK: Identifying TIGRFAM protein families.
[2022-04-26 02:50:38] INFO: Completed 1 genome in 6.36 seconds (6.36 seconds/genome).
[2022-04-26 02:50:38] TASK: Identifying Pfam protein families.
[2022-04-26 02:50:39] INFO: Completed 1 genome in 1.04 seconds (1.04 seconds/genome).
[2022-04-26 02:50:39] INFO: Annotations done using HMMER 3.1b2 (February 2015).
[2022-04-26 02:50:39] TASK: Summarising identified marker genes.
[2022-04-26 02:50:39] INFO: Completed 1 genome in 0.04 seconds (23.30 genomes/second).
[2022-04-26 02:50:39] INFO: Done.
[2022-04-26 02:50:39] INFO: Aligning markers in 1 genomes with 20 CPUs.
[2022-04-26 02:50:40] INFO: Processing 1 genomes identified as bacterial.
[2022-04-26 02:50:44] INFO: Read concatenated alignment for 45,555 GTDB genomes.
[2022-04-26 02:50:44] TASK: Generating concatenated alignment for each marker.
[2022-04-26 02:50:45] INFO: Completed 1 genome in 0.03 seconds (37.37 genomes/second).
[2022-04-26 02:50:45] TASK: Aligning 117 identified markers using hmmalign 3.1b2 (February 2015).
[2022-04-26 02:50:47] INFO: Completed 117 markers in 0.18 seconds (637.70 markers/second).
[2022-04-26 02:50:47] TASK: Masking columns of bacterial multiple sequence alignment using canonical mask.
[2022-04-26 02:52:17] INFO: Completed 45,556 sequences in 1.51 minutes (30,100.12 sequences/minute).
[2022-04-26 02:52:17] INFO: Masked bacterial alignment from 41,084 to 5,037 AAs.
[2022-04-26 02:52:17] INFO: 0 bacterial user genomes have amino acids in <10.0% of columns in filtered MSA.
[2022-04-26 02:52:17] INFO: Creating concatenated alignment for 45,556 bacterial GTDB and user genomes.
[2022-04-26 02:52:20] INFO: Creating concatenated alignment for 1 bacterial user genomes.
[2022-04-26 02:52:20] INFO: Done.
[2022-04-26 02:52:20] TASK: Placing 1 bacterial genomes into reference tree with pplacer using 20 CPUs (be patient).
[2022-04-26 02:52:20] INFO: pplacer version: v1.1.alpha19-0-g807f6f3
[2022-04-26 03:22:56] INFO: Calculating RED values based on reference tree.
[2022-04-26 03:23:05] TASK: Traversing tree to determine classification method.
[2022-04-26 03:23:05] INFO: Completed 1 genome in 0.02 seconds (56.85 genomes/second).
[2022-04-26 03:23:05] INFO: 0 genome(s) have been classified using FastANI and pplacer.
[2022-04-26 03:23:05] INFO: Done.
