[2022-04-24 01:44:07] INFO: GTDB-Tk v1.5.0
[2022-04-24 01:44:07] INFO: gtdbtk classify_wf --genome_dir /home1/christina/Elos_meta/Curtain3/MAGs/bac/with_16S/200/MAG_251/Protologger --out_dir /home1/christina/Elos_meta/Curtain3/MAGs/bac/with_16S/200/MAG_251/Protologger/GTDB-TK-Results --cpus 20
[2022-04-24 01:44:07] INFO: Using GTDB-Tk reference data version r202: /mnt/big/miniconda3/envs/protologger/share/gtdbtk-1.5.0/db/
[2022-04-24 01:44:07] INFO: Identifying markers in 1 genomes with 20 threads.
[2022-04-24 01:44:07] TASK: Running Prodigal V2.6.3 to identify genes.
[2022-04-24 01:44:53] INFO: Completed 1 genome in 46.56 seconds (46.56 seconds/genome).
[2022-04-24 01:44:53] TASK: Identifying TIGRFAM protein families.
[2022-04-24 01:45:00] INFO: Completed 1 genome in 7.15 seconds (7.15 seconds/genome).
[2022-04-24 01:45:00] TASK: Identifying Pfam protein families.
[2022-04-24 01:45:02] INFO: Completed 1 genome in 1.29 seconds (1.29 seconds/genome).
[2022-04-24 01:45:02] INFO: Annotations done using HMMER 3.1b2 (February 2015).
[2022-04-24 01:45:02] TASK: Summarising identified marker genes.
[2022-04-24 01:45:02] INFO: Completed 1 genome in 0.05 seconds (18.30 genomes/second).
[2022-04-24 01:45:02] INFO: Done.
[2022-04-24 01:45:02] INFO: Aligning markers in 1 genomes with 20 CPUs.
[2022-04-24 01:45:02] INFO: Processing 1 genomes identified as bacterial.
[2022-04-24 01:45:07] INFO: Read concatenated alignment for 45,555 GTDB genomes.
[2022-04-24 01:45:07] TASK: Generating concatenated alignment for each marker.
[2022-04-24 01:45:08] INFO: Completed 1 genome in 0.04 seconds (27.40 genomes/second).
[2022-04-24 01:45:08] TASK: Aligning 118 identified markers using hmmalign 3.1b2 (February 2015).
[2022-04-24 01:45:09] INFO: Completed 118 markers in 0.18 seconds (655.39 markers/second).
[2022-04-24 01:45:09] TASK: Masking columns of bacterial multiple sequence alignment using canonical mask.
[2022-04-24 01:46:10] INFO: Completed 45,556 sequences in 1.01 minutes (45,033.38 sequences/minute).
[2022-04-24 01:46:10] INFO: Masked bacterial alignment from 41,084 to 5,037 AAs.
[2022-04-24 01:46:10] INFO: 0 bacterial user genomes have amino acids in <10.0% of columns in filtered MSA.
[2022-04-24 01:46:10] INFO: Creating concatenated alignment for 45,556 bacterial GTDB and user genomes.
[2022-04-24 01:46:12] INFO: Creating concatenated alignment for 1 bacterial user genomes.
[2022-04-24 01:46:12] INFO: Done.
[2022-04-24 01:46:13] TASK: Placing 1 bacterial genomes into reference tree with pplacer using 20 CPUs (be patient).
[2022-04-24 01:46:13] INFO: pplacer version: v1.1.alpha19-0-g807f6f3
[2022-04-24 02:16:58] INFO: Calculating RED values based on reference tree.
[2022-04-24 02:17:06] TASK: Traversing tree to determine classification method.
[2022-04-24 02:17:06] INFO: Completed 1 genome in 0.00 seconds (552.68 genomes/second).
[2022-04-24 02:17:06] TASK: Calculating average nucleotide identity using FastANI (v1.33).
[2022-04-24 02:17:08] INFO: Completed 6 comparisons in 1.83 seconds (3.27 comparisons/second).
[2022-04-24 02:17:08] INFO: 0 genome(s) have been classified using FastANI and pplacer.
[2022-04-24 02:17:08] INFO: Done.
