[2022-04-23 08:59:01] INFO: GTDB-Tk v1.5.0
[2022-04-23 08:59:01] INFO: gtdbtk classify_wf --genome_dir /home1/christina/Elos_meta/Curtain3/MAGs/bac/with_16S/rest/MAG_78/Protologger --out_dir /home1/christina/Elos_meta/Curtain3/MAGs/bac/with_16S/rest/MAG_78/Protologger/GTDB-TK-Results --cpus 20
[2022-04-23 08:59:01] INFO: Using GTDB-Tk reference data version r202: /mnt/big/miniconda3/envs/protologger/share/gtdbtk-1.5.0/db/
[2022-04-23 08:59:01] INFO: Identifying markers in 1 genomes with 20 threads.
[2022-04-23 08:59:01] TASK: Running Prodigal V2.6.3 to identify genes.
[2022-04-23 08:59:16] INFO: Completed 1 genome in 15.35 seconds (15.35 seconds/genome).
[2022-04-23 08:59:16] TASK: Identifying TIGRFAM protein families.
[2022-04-23 08:59:22] INFO: Completed 1 genome in 6.21 seconds (6.21 seconds/genome).
[2022-04-23 08:59:22] TASK: Identifying Pfam protein families.
[2022-04-23 08:59:23] INFO: Completed 1 genome in 1.00 seconds (1.00 genomes/second).
[2022-04-23 08:59:23] INFO: Annotations done using HMMER 3.1b2 (February 2015).
[2022-04-23 08:59:23] TASK: Summarising identified marker genes.
[2022-04-23 08:59:23] INFO: Completed 1 genome in 0.04 seconds (28.27 genomes/second).
[2022-04-23 08:59:23] INFO: Done.
[2022-04-23 08:59:24] INFO: Aligning markers in 1 genomes with 20 CPUs.
[2022-04-23 08:59:24] INFO: Processing 1 genomes identified as bacterial.
[2022-04-23 08:59:28] INFO: Read concatenated alignment for 45,555 GTDB genomes.
[2022-04-23 08:59:28] TASK: Generating concatenated alignment for each marker.
[2022-04-23 08:59:29] INFO: Completed 1 genome in 0.02 seconds (41.91 genomes/second).
[2022-04-23 08:59:29] TASK: Aligning 106 identified markers using hmmalign 3.1b2 (February 2015).
[2022-04-23 08:59:30] INFO: Completed 106 markers in 0.22 seconds (490.55 markers/second).
[2022-04-23 08:59:30] TASK: Masking columns of bacterial multiple sequence alignment using canonical mask.
[2022-04-23 09:00:30] INFO: Completed 45,556 sequences in 1.01 minutes (45,106.58 sequences/minute).
[2022-04-23 09:00:30] INFO: Masked bacterial alignment from 41,084 to 5,037 AAs.
[2022-04-23 09:00:30] INFO: 0 bacterial user genomes have amino acids in <10.0% of columns in filtered MSA.
[2022-04-23 09:00:30] INFO: Creating concatenated alignment for 45,556 bacterial GTDB and user genomes.
[2022-04-23 09:00:32] INFO: Creating concatenated alignment for 1 bacterial user genomes.
[2022-04-23 09:00:33] INFO: Done.
[2022-04-23 09:00:33] TASK: Placing 1 bacterial genomes into reference tree with pplacer using 20 CPUs (be patient).
[2022-04-23 09:00:33] INFO: pplacer version: v1.1.alpha19-0-g807f6f3
[2022-04-23 09:28:20] INFO: Calculating RED values based on reference tree.
[2022-04-23 09:28:28] TASK: Traversing tree to determine classification method.
[2022-04-23 09:28:28] INFO: Completed 1 genome in 0.00 seconds (519.93 genomes/second).
[2022-04-23 09:28:28] TASK: Calculating average nucleotide identity using FastANI (v1.33).
[2022-04-23 09:28:30] INFO: Completed 2 comparisons in 1.45 seconds (1.38 comparisons/second).
[2022-04-23 09:28:30] INFO: 0 genome(s) have been classified using FastANI and pplacer.
[2022-04-23 09:28:30] INFO: Done.
