[2022-04-22 14:10:56] INFO: GTDB-Tk v1.5.0
[2022-04-22 14:10:56] INFO: gtdbtk classify_wf --genome_dir /home1/christina/Elos_meta/Curtain3/MAGs/bac/with_16S/100/MAG_135/Protologger --out_dir /home1/christina/Elos_meta/Curtain3/MAGs/bac/with_16S/100/MAG_135/Protologger/GTDB-TK-Results --cpus 20
[2022-04-22 14:10:56] INFO: Using GTDB-Tk reference data version r202: /mnt/big/miniconda3/envs/protologger/share/gtdbtk-1.5.0/db/
[2022-04-22 14:10:56] INFO: Identifying markers in 1 genomes with 20 threads.
[2022-04-22 14:10:56] TASK: Running Prodigal V2.6.3 to identify genes.
[2022-04-22 14:11:22] INFO: Completed 1 genome in 25.20 seconds (25.20 seconds/genome).
[2022-04-22 14:11:22] TASK: Identifying TIGRFAM protein families.
[2022-04-22 14:11:28] INFO: Completed 1 genome in 6.23 seconds (6.23 seconds/genome).
[2022-04-22 14:11:28] TASK: Identifying Pfam protein families.
[2022-04-22 14:11:29] INFO: Completed 1 genome in 1.03 seconds (1.03 seconds/genome).
[2022-04-22 14:11:29] INFO: Annotations done using HMMER 3.1b2 (February 2015).
[2022-04-22 14:11:29] TASK: Summarising identified marker genes.
[2022-04-22 14:11:29] INFO: Completed 1 genome in 0.04 seconds (25.76 genomes/second).
[2022-04-22 14:11:29] INFO: Done.
[2022-04-22 14:11:29] INFO: Aligning markers in 1 genomes with 20 CPUs.
[2022-04-22 14:11:29] INFO: Processing 1 genomes identified as bacterial.
[2022-04-22 14:11:33] INFO: Read concatenated alignment for 45,555 GTDB genomes.
[2022-04-22 14:11:33] TASK: Generating concatenated alignment for each marker.
[2022-04-22 14:11:34] INFO: Completed 1 genome in 0.02 seconds (42.31 genomes/second).
[2022-04-22 14:11:34] TASK: Aligning 110 identified markers using hmmalign 3.1b2 (February 2015).
[2022-04-22 14:11:35] INFO: Completed 110 markers in 0.21 seconds (533.94 markers/second).
[2022-04-22 14:11:35] TASK: Masking columns of bacterial multiple sequence alignment using canonical mask.
[2022-04-22 14:12:36] INFO: Completed 45,556 sequences in 1.01 minutes (45,191.43 sequences/minute).
[2022-04-22 14:12:36] INFO: Masked bacterial alignment from 41,084 to 5,037 AAs.
[2022-04-22 14:12:36] INFO: 0 bacterial user genomes have amino acids in <10.0% of columns in filtered MSA.
[2022-04-22 14:12:36] INFO: Creating concatenated alignment for 45,556 bacterial GTDB and user genomes.
[2022-04-22 14:12:39] INFO: Creating concatenated alignment for 1 bacterial user genomes.
[2022-04-22 14:12:39] INFO: Done.
[2022-04-22 14:12:39] TASK: Placing 1 bacterial genomes into reference tree with pplacer using 20 CPUs (be patient).
[2022-04-22 14:12:39] INFO: pplacer version: v1.1.alpha19-0-g807f6f3
[2022-04-22 14:42:31] INFO: Calculating RED values based on reference tree.
[2022-04-22 14:42:39] TASK: Traversing tree to determine classification method.
[2022-04-22 14:42:39] INFO: Completed 1 genome in 0.00 seconds (618.36 genomes/second).
[2022-04-22 14:42:39] INFO: 0 genome(s) have been classified using FastANI and pplacer.
[2022-04-22 14:42:39] INFO: Done.
