[2022-04-23 15:32:08] INFO: GTDB-Tk v1.5.0
[2022-04-23 15:32:08] INFO: gtdbtk classify_wf --genome_dir /home1/christina/Elos_meta/Curtain3/MAGs/bac/with_16S/100/MAG_158/Protologger --out_dir /home1/christina/Elos_meta/Curtain3/MAGs/bac/with_16S/100/MAG_158/Protologger/GTDB-TK-Results --cpus 20
[2022-04-23 15:32:08] INFO: Using GTDB-Tk reference data version r202: /mnt/big/miniconda3/envs/protologger/share/gtdbtk-1.5.0/db/
[2022-04-23 15:32:08] INFO: Identifying markers in 1 genomes with 20 threads.
[2022-04-23 15:32:08] TASK: Running Prodigal V2.6.3 to identify genes.
[2022-04-23 15:32:25] INFO: Completed 1 genome in 17.33 seconds (17.33 seconds/genome).
[2022-04-23 15:32:25] TASK: Identifying TIGRFAM protein families.
[2022-04-23 15:32:31] INFO: Completed 1 genome in 5.84 seconds (5.84 seconds/genome).
[2022-04-23 15:32:31] TASK: Identifying Pfam protein families.
[2022-04-23 15:32:32] INFO: Completed 1 genome in 0.90 seconds (1.11 genomes/second).
[2022-04-23 15:32:32] INFO: Annotations done using HMMER 3.1b2 (February 2015).
[2022-04-23 15:32:32] TASK: Summarising identified marker genes.
[2022-04-23 15:32:32] INFO: Completed 1 genome in 0.04 seconds (23.24 genomes/second).
[2022-04-23 15:32:32] INFO: Done.
[2022-04-23 15:32:32] INFO: Aligning markers in 1 genomes with 20 CPUs.
[2022-04-23 15:32:32] INFO: Processing 1 genomes identified as bacterial.
[2022-04-23 15:32:37] INFO: Read concatenated alignment for 45,555 GTDB genomes.
[2022-04-23 15:32:37] TASK: Generating concatenated alignment for each marker.
[2022-04-23 15:32:37] INFO: Completed 1 genome in 0.03 seconds (35.28 genomes/second).
[2022-04-23 15:32:38] TASK: Aligning 107 identified markers using hmmalign 3.1b2 (February 2015).
[2022-04-23 15:32:39] INFO: Completed 107 markers in 0.17 seconds (644.60 markers/second).
[2022-04-23 15:32:39] TASK: Masking columns of bacterial multiple sequence alignment using canonical mask.
[2022-04-23 15:33:39] INFO: Completed 45,556 sequences in 1.01 minutes (45,273.77 sequences/minute).
[2022-04-23 15:33:39] INFO: Masked bacterial alignment from 41,084 to 5,037 AAs.
[2022-04-23 15:33:39] INFO: 0 bacterial user genomes have amino acids in <10.0% of columns in filtered MSA.
[2022-04-23 15:33:39] INFO: Creating concatenated alignment for 45,556 bacterial GTDB and user genomes.
[2022-04-23 15:33:41] INFO: Creating concatenated alignment for 1 bacterial user genomes.
[2022-04-23 15:33:41] INFO: Done.
[2022-04-23 15:33:41] TASK: Placing 1 bacterial genomes into reference tree with pplacer using 20 CPUs (be patient).
[2022-04-23 15:33:41] INFO: pplacer version: v1.1.alpha19-0-g807f6f3
[2022-04-23 16:02:20] INFO: Calculating RED values based on reference tree.
[2022-04-23 16:02:28] TASK: Traversing tree to determine classification method.
[2022-04-23 16:02:28] INFO: Completed 1 genome in 0.00 seconds (540.09 genomes/second).
[2022-04-23 16:02:28] TASK: Calculating average nucleotide identity using FastANI (v1.33).
[2022-04-23 16:02:29] INFO: Completed 8 comparisons in 1.53 seconds (5.24 comparisons/second).
[2022-04-23 16:02:29] INFO: 0 genome(s) have been classified using FastANI and pplacer.
[2022-04-23 16:02:30] INFO: Done.
