[2022-04-21 19:39:10] INFO: GTDB-Tk v1.5.0
[2022-04-21 19:39:10] INFO: gtdbtk classify_wf --genome_dir /home1/christina/Elos_meta/Curtain3/MAGs/bac/with_16S/100/MAG_109/Protologger --out_dir /home1/christina/Elos_meta/Curtain3/MAGs/bac/with_16S/100/MAG_109/Protologger/GTDB-TK-Results --cpus 20
[2022-04-21 19:39:10] INFO: Using GTDB-Tk reference data version r202: /mnt/big/miniconda3/envs/protologger/share/gtdbtk-1.5.0/db/
[2022-04-21 19:39:10] INFO: Identifying markers in 1 genomes with 20 threads.
[2022-04-21 19:39:10] TASK: Running Prodigal V2.6.3 to identify genes.
[2022-04-21 19:39:30] INFO: Completed 1 genome in 19.43 seconds (19.43 seconds/genome).
[2022-04-21 19:39:30] TASK: Identifying TIGRFAM protein families.
[2022-04-21 19:39:36] INFO: Completed 1 genome in 6.25 seconds (6.25 seconds/genome).
[2022-04-21 19:39:36] TASK: Identifying Pfam protein families.
[2022-04-21 19:39:37] INFO: Completed 1 genome in 1.06 seconds (1.06 seconds/genome).
[2022-04-21 19:39:37] INFO: Annotations done using HMMER 3.1b2 (February 2015).
[2022-04-21 19:39:37] TASK: Summarising identified marker genes.
[2022-04-21 19:39:37] INFO: Completed 1 genome in 0.04 seconds (22.72 genomes/second).
[2022-04-21 19:39:37] INFO: Done.
[2022-04-21 19:39:37] INFO: Aligning markers in 1 genomes with 20 CPUs.
[2022-04-21 19:39:38] INFO: Processing 1 genomes identified as bacterial.
[2022-04-21 19:39:42] INFO: Read concatenated alignment for 45,555 GTDB genomes.
[2022-04-21 19:39:42] TASK: Generating concatenated alignment for each marker.
[2022-04-21 19:39:43] INFO: Completed 1 genome in 0.02 seconds (43.03 genomes/second).
[2022-04-21 19:39:43] TASK: Aligning 115 identified markers using hmmalign 3.1b2 (February 2015).
[2022-04-21 19:39:44] INFO: Completed 115 markers in 0.20 seconds (578.79 markers/second).
[2022-04-21 19:39:44] TASK: Masking columns of bacterial multiple sequence alignment using canonical mask.
[2022-04-21 19:40:45] INFO: Completed 45,556 sequences in 1.02 minutes (44,710.16 sequences/minute).
[2022-04-21 19:40:45] INFO: Masked bacterial alignment from 41,084 to 5,037 AAs.
[2022-04-21 19:40:45] INFO: 0 bacterial user genomes have amino acids in <10.0% of columns in filtered MSA.
[2022-04-21 19:40:45] INFO: Creating concatenated alignment for 45,556 bacterial GTDB and user genomes.
[2022-04-21 19:40:48] INFO: Creating concatenated alignment for 1 bacterial user genomes.
[2022-04-21 19:40:48] INFO: Done.
[2022-04-21 19:40:48] TASK: Placing 1 bacterial genomes into reference tree with pplacer using 20 CPUs (be patient).
[2022-04-21 19:40:48] INFO: pplacer version: v1.1.alpha19-0-g807f6f3
[2022-04-21 20:12:19] INFO: Calculating RED values based on reference tree.
[2022-04-21 20:12:27] TASK: Traversing tree to determine classification method.
[2022-04-21 20:12:27] INFO: Completed 1 genome in 0.00 seconds (352.37 genomes/second).
[2022-04-21 20:12:27] TASK: Calculating average nucleotide identity using FastANI (v1.33).
[2022-04-21 20:12:28] INFO: Completed 6 comparisons in 0.87 seconds (6.89 comparisons/second).
[2022-04-21 20:12:28] INFO: 0 genome(s) have been classified using FastANI and pplacer.
[2022-04-21 20:12:28] INFO: Done.
