[2022-04-23 16:30:39] INFO: GTDB-Tk v1.5.0
[2022-04-23 16:30:39] INFO: gtdbtk classify_wf --genome_dir /home1/christina/Elos_meta/Curtain3/MAGs/bac/with_16S/200/MAG_244/Protologger --out_dir /home1/christina/Elos_meta/Curtain3/MAGs/bac/with_16S/200/MAG_244/Protologger/GTDB-TK-Results --cpus 20
[2022-04-23 16:30:39] INFO: Using GTDB-Tk reference data version r202: /mnt/big/miniconda3/envs/protologger/share/gtdbtk-1.5.0/db/
[2022-04-23 16:30:40] INFO: Identifying markers in 1 genomes with 20 threads.
[2022-04-23 16:30:40] TASK: Running Prodigal V2.6.3 to identify genes.
[2022-04-23 16:30:51] INFO: Completed 1 genome in 11.13 seconds (11.13 seconds/genome).
[2022-04-23 16:30:51] TASK: Identifying TIGRFAM protein families.
[2022-04-23 16:30:57] INFO: Completed 1 genome in 5.97 seconds (5.97 seconds/genome).
[2022-04-23 16:30:57] TASK: Identifying Pfam protein families.
[2022-04-23 16:30:58] INFO: Completed 1 genome in 0.96 seconds (1.04 genomes/second).
[2022-04-23 16:30:58] INFO: Annotations done using HMMER 3.1b2 (February 2015).
[2022-04-23 16:30:58] TASK: Summarising identified marker genes.
[2022-04-23 16:30:58] INFO: Completed 1 genome in 0.03 seconds (31.77 genomes/second).
[2022-04-23 16:30:58] INFO: Done.
[2022-04-23 16:30:58] INFO: Aligning markers in 1 genomes with 20 CPUs.
[2022-04-23 16:30:58] INFO: Processing 1 genomes identified as bacterial.
[2022-04-23 16:31:02] INFO: Read concatenated alignment for 45,555 GTDB genomes.
[2022-04-23 16:31:02] TASK: Generating concatenated alignment for each marker.
[2022-04-23 16:31:04] INFO: Completed 1 genome in 0.02 seconds (55.86 genomes/second).
[2022-04-23 16:31:04] TASK: Aligning 111 identified markers using hmmalign 3.1b2 (February 2015).
[2022-04-23 16:31:05] INFO: Completed 111 markers in 0.17 seconds (671.23 markers/second).
[2022-04-23 16:31:05] TASK: Masking columns of bacterial multiple sequence alignment using canonical mask.
[2022-04-23 16:32:06] INFO: Completed 45,556 sequences in 1.01 minutes (44,906.91 sequences/minute).
[2022-04-23 16:32:06] INFO: Masked bacterial alignment from 41,084 to 5,037 AAs.
[2022-04-23 16:32:06] INFO: 0 bacterial user genomes have amino acids in <10.0% of columns in filtered MSA.
[2022-04-23 16:32:06] INFO: Creating concatenated alignment for 45,556 bacterial GTDB and user genomes.
[2022-04-23 16:32:09] INFO: Creating concatenated alignment for 1 bacterial user genomes.
[2022-04-23 16:32:09] INFO: Done.
[2022-04-23 16:32:09] TASK: Placing 1 bacterial genomes into reference tree with pplacer using 20 CPUs (be patient).
[2022-04-23 16:32:09] INFO: pplacer version: v1.1.alpha19-0-g807f6f3
[2022-04-23 17:00:59] INFO: Calculating RED values based on reference tree.
[2022-04-23 17:01:07] TASK: Traversing tree to determine classification method.
[2022-04-23 17:01:07] INFO: Completed 1 genome in 0.00 seconds (613.47 genomes/second).
[2022-04-23 17:01:07] INFO: 0 genome(s) have been classified using FastANI and pplacer.
[2022-04-23 17:01:08] INFO: Done.
