[2022-04-26 07:05:38] INFO: GTDB-Tk v1.5.0
[2022-04-26 07:05:38] INFO: gtdbtk classify_wf --genome_dir /home1/christina/Elos_meta/Curtain3/MAGs/bac/with_16S/200/MAG_288/Protologger --out_dir /home1/christina/Elos_meta/Curtain3/MAGs/bac/with_16S/200/MAG_288/Protologger/GTDB-TK-Results --cpus 20
[2022-04-26 07:05:38] INFO: Using GTDB-Tk reference data version r202: /mnt/big/miniconda3/envs/protologger/share/gtdbtk-1.5.0/db/
[2022-04-26 07:05:38] INFO: Identifying markers in 1 genomes with 20 threads.
[2022-04-26 07:05:38] TASK: Running Prodigal V2.6.3 to identify genes.
[2022-04-26 07:05:49] INFO: Completed 1 genome in 11.15 seconds (11.15 seconds/genome).
[2022-04-26 07:05:49] TASK: Identifying TIGRFAM protein families.
[2022-04-26 07:05:55] INFO: Completed 1 genome in 5.86 seconds (5.86 seconds/genome).
[2022-04-26 07:05:55] TASK: Identifying Pfam protein families.
[2022-04-26 07:05:56] INFO: Completed 1 genome in 0.86 seconds (1.17 genomes/second).
[2022-04-26 07:05:56] INFO: Annotations done using HMMER 3.1b2 (February 2015).
[2022-04-26 07:05:56] TASK: Summarising identified marker genes.
[2022-04-26 07:05:56] INFO: Completed 1 genome in 0.03 seconds (31.91 genomes/second).
[2022-04-26 07:05:56] INFO: Done.
[2022-04-26 07:05:56] INFO: Aligning markers in 1 genomes with 20 CPUs.
[2022-04-26 07:05:56] INFO: Processing 1 genomes identified as bacterial.
[2022-04-26 07:06:01] INFO: Read concatenated alignment for 45,555 GTDB genomes.
[2022-04-26 07:06:01] TASK: Generating concatenated alignment for each marker.
[2022-04-26 07:06:02] INFO: Completed 1 genome in 0.02 seconds (60.32 genomes/second).
[2022-04-26 07:06:02] TASK: Aligning 105 identified markers using hmmalign 3.1b2 (February 2015).
[2022-04-26 07:06:04] INFO: Completed 105 markers in 0.16 seconds (665.71 markers/second).
[2022-04-26 07:06:04] TASK: Masking columns of bacterial multiple sequence alignment using canonical mask.
[2022-04-26 07:07:05] INFO: Completed 45,556 sequences in 1.02 minutes (44,824.13 sequences/minute).
[2022-04-26 07:07:05] INFO: Masked bacterial alignment from 41,084 to 5,037 AAs.
[2022-04-26 07:07:05] INFO: 0 bacterial user genomes have amino acids in <10.0% of columns in filtered MSA.
[2022-04-26 07:07:05] INFO: Creating concatenated alignment for 45,556 bacterial GTDB and user genomes.
[2022-04-26 07:07:07] INFO: Creating concatenated alignment for 1 bacterial user genomes.
[2022-04-26 07:07:07] INFO: Done.
[2022-04-26 07:07:07] TASK: Placing 1 bacterial genomes into reference tree with pplacer using 20 CPUs (be patient).
[2022-04-26 07:07:07] INFO: pplacer version: v1.1.alpha19-0-g807f6f3
[2022-04-26 07:33:43] INFO: Calculating RED values based on reference tree.
[2022-04-26 07:33:51] TASK: Traversing tree to determine classification method.
[2022-04-26 07:33:51] INFO: Completed 1 genome in 0.00 seconds (441.69 genomes/second).
[2022-04-26 07:33:51] TASK: Calculating average nucleotide identity using FastANI (v1.33).
[2022-04-26 07:33:52] INFO: Completed 2 comparisons in 0.60 seconds (3.34 comparisons/second).
[2022-04-26 07:33:52] INFO: 0 genome(s) have been classified using FastANI and pplacer.
[2022-04-26 07:33:52] INFO: Done.
