[2022-04-25 04:35:24] INFO: GTDB-Tk v1.5.0
[2022-04-25 04:35:24] INFO: gtdbtk classify_wf --genome_dir /home1/christina/Elos_meta/Curtain3/MAGs/bac/with_16S/100/MAG_192/Protologger --out_dir /home1/christina/Elos_meta/Curtain3/MAGs/bac/with_16S/100/MAG_192/Protologger/GTDB-TK-Results --cpus 20
[2022-04-25 04:35:24] INFO: Using GTDB-Tk reference data version r202: /mnt/big/miniconda3/envs/protologger/share/gtdbtk-1.5.0/db/
[2022-04-25 04:35:24] INFO: Identifying markers in 1 genomes with 20 threads.
[2022-04-25 04:35:24] TASK: Running Prodigal V2.6.3 to identify genes.
[2022-04-25 04:35:42] INFO: Completed 1 genome in 18.22 seconds (18.22 seconds/genome).
[2022-04-25 04:35:42] TASK: Identifying TIGRFAM protein families.
[2022-04-25 04:35:48] INFO: Completed 1 genome in 6.11 seconds (6.11 seconds/genome).
[2022-04-25 04:35:48] TASK: Identifying Pfam protein families.
[2022-04-25 04:35:49] INFO: Completed 1 genome in 1.01 seconds (1.01 seconds/genome).
[2022-04-25 04:35:49] INFO: Annotations done using HMMER 3.1b2 (February 2015).
[2022-04-25 04:35:49] TASK: Summarising identified marker genes.
[2022-04-25 04:35:49] INFO: Completed 1 genome in 0.04 seconds (27.54 genomes/second).
[2022-04-25 04:35:49] INFO: Done.
[2022-04-25 04:35:49] INFO: Aligning markers in 1 genomes with 20 CPUs.
[2022-04-25 04:35:50] INFO: Processing 1 genomes identified as bacterial.
[2022-04-25 04:35:54] INFO: Read concatenated alignment for 45,555 GTDB genomes.
[2022-04-25 04:35:54] TASK: Generating concatenated alignment for each marker.
[2022-04-25 04:35:55] INFO: Completed 1 genome in 0.03 seconds (38.70 genomes/second).
[2022-04-25 04:35:55] TASK: Aligning 100 identified markers using hmmalign 3.1b2 (February 2015).
[2022-04-25 04:35:56] INFO: Completed 100 markers in 0.17 seconds (577.96 markers/second).
[2022-04-25 04:35:56] TASK: Masking columns of bacterial multiple sequence alignment using canonical mask.
[2022-04-25 04:36:57] INFO: Completed 45,556 sequences in 1.01 minutes (45,150.23 sequences/minute).
[2022-04-25 04:36:57] INFO: Masked bacterial alignment from 41,084 to 5,037 AAs.
[2022-04-25 04:36:57] INFO: 0 bacterial user genomes have amino acids in <10.0% of columns in filtered MSA.
[2022-04-25 04:36:57] INFO: Creating concatenated alignment for 45,556 bacterial GTDB and user genomes.
[2022-04-25 04:36:59] INFO: Creating concatenated alignment for 1 bacterial user genomes.
[2022-04-25 04:36:59] INFO: Done.
[2022-04-25 04:36:59] TASK: Placing 1 bacterial genomes into reference tree with pplacer using 20 CPUs (be patient).
[2022-04-25 04:37:00] INFO: pplacer version: v1.1.alpha19-0-g807f6f3
[2022-04-25 05:03:26] INFO: Calculating RED values based on reference tree.
[2022-04-25 05:03:34] TASK: Traversing tree to determine classification method.
[2022-04-25 05:03:34] INFO: Completed 1 genome in 0.00 seconds (647.47 genomes/second).
[2022-04-25 05:03:34] INFO: 0 genome(s) have been classified using FastANI and pplacer.
[2022-04-25 05:03:34] INFO: Done.
