[2022-04-23 11:38:33] INFO: GTDB-Tk v1.5.0
[2022-04-23 11:38:33] INFO: gtdbtk classify_wf --genome_dir /home1/christina/Elos_meta/Curtain3/MAGs/bac/with_16S/200/MAG_241/Protologger --out_dir /home1/christina/Elos_meta/Curtain3/MAGs/bac/with_16S/200/MAG_241/Protologger/GTDB-TK-Results --cpus 20
[2022-04-23 11:38:33] INFO: Using GTDB-Tk reference data version r202: /mnt/big/miniconda3/envs/protologger/share/gtdbtk-1.5.0/db/
[2022-04-23 11:38:33] INFO: Identifying markers in 1 genomes with 20 threads.
[2022-04-23 11:38:33] TASK: Running Prodigal V2.6.3 to identify genes.
[2022-04-23 11:38:55] INFO: Completed 1 genome in 21.98 seconds (21.98 seconds/genome).
[2022-04-23 11:38:55] TASK: Identifying TIGRFAM protein families.
[2022-04-23 11:39:01] INFO: Completed 1 genome in 6.11 seconds (6.11 seconds/genome).
[2022-04-23 11:39:01] TASK: Identifying Pfam protein families.
[2022-04-23 11:39:02] INFO: Completed 1 genome in 1.03 seconds (1.03 seconds/genome).
[2022-04-23 11:39:02] INFO: Annotations done using HMMER 3.1b2 (February 2015).
[2022-04-23 11:39:02] TASK: Summarising identified marker genes.
[2022-04-23 11:39:02] INFO: Completed 1 genome in 0.03 seconds (31.91 genomes/second).
[2022-04-23 11:39:02] INFO: Done.
[2022-04-23 11:39:03] INFO: Aligning markers in 1 genomes with 20 CPUs.
[2022-04-23 11:39:03] INFO: Processing 1 genomes identified as bacterial.
[2022-04-23 11:39:07] INFO: Read concatenated alignment for 45,555 GTDB genomes.
[2022-04-23 11:39:07] TASK: Generating concatenated alignment for each marker.
[2022-04-23 11:39:08] INFO: Completed 1 genome in 0.02 seconds (43.86 genomes/second).
[2022-04-23 11:39:08] TASK: Aligning 116 identified markers using hmmalign 3.1b2 (February 2015).
[2022-04-23 11:39:10] INFO: Completed 116 markers in 0.16 seconds (723.73 markers/second).
[2022-04-23 11:39:10] TASK: Masking columns of bacterial multiple sequence alignment using canonical mask.
[2022-04-23 11:40:11] INFO: Completed 45,556 sequences in 1.01 minutes (44,955.58 sequences/minute).
[2022-04-23 11:40:11] INFO: Masked bacterial alignment from 41,084 to 5,037 AAs.
[2022-04-23 11:40:11] INFO: 0 bacterial user genomes have amino acids in <10.0% of columns in filtered MSA.
[2022-04-23 11:40:11] INFO: Creating concatenated alignment for 45,556 bacterial GTDB and user genomes.
[2022-04-23 11:40:13] INFO: Creating concatenated alignment for 1 bacterial user genomes.
[2022-04-23 11:40:13] INFO: Done.
[2022-04-23 11:40:13] TASK: Placing 1 bacterial genomes into reference tree with pplacer using 20 CPUs (be patient).
[2022-04-23 11:40:13] INFO: pplacer version: v1.1.alpha19-0-g807f6f3
[2022-04-23 12:10:32] INFO: Calculating RED values based on reference tree.
[2022-04-23 12:10:40] TASK: Traversing tree to determine classification method.
[2022-04-23 12:10:40] INFO: Completed 1 genome in 0.02 seconds (64.89 genomes/second).
[2022-04-23 12:10:40] INFO: 0 genome(s) have been classified using FastANI and pplacer.
[2022-04-23 12:10:40] INFO: Done.
