[2022-04-22 12:13:35] INFO: GTDB-Tk v1.5.0
[2022-04-22 12:13:35] INFO: gtdbtk classify_wf --genome_dir /home1/christina/Elos_meta/Curtain3/MAGs/bac/with_16S/200/MAG_224/Protologger --out_dir /home1/christina/Elos_meta/Curtain3/MAGs/bac/with_16S/200/MAG_224/Protologger/GTDB-TK-Results --cpus 20
[2022-04-22 12:13:35] INFO: Using GTDB-Tk reference data version r202: /mnt/big/miniconda3/envs/protologger/share/gtdbtk-1.5.0/db/
[2022-04-22 12:13:35] INFO: Identifying markers in 1 genomes with 20 threads.
[2022-04-22 12:13:35] TASK: Running Prodigal V2.6.3 to identify genes.
[2022-04-22 12:14:15] INFO: Completed 1 genome in 39.96 seconds (39.96 seconds/genome).
[2022-04-22 12:14:15] TASK: Identifying TIGRFAM protein families.
[2022-04-22 12:14:22] INFO: Completed 1 genome in 6.52 seconds (6.52 seconds/genome).
[2022-04-22 12:14:22] TASK: Identifying Pfam protein families.
[2022-04-22 12:14:23] INFO: Completed 1 genome in 1.11 seconds (1.11 seconds/genome).
[2022-04-22 12:14:23] INFO: Annotations done using HMMER 3.1b2 (February 2015).
[2022-04-22 12:14:23] TASK: Summarising identified marker genes.
[2022-04-22 12:14:23] INFO: Completed 1 genome in 0.04 seconds (23.53 genomes/second).
[2022-04-22 12:14:23] INFO: Done.
[2022-04-22 12:14:23] INFO: Aligning markers in 1 genomes with 20 CPUs.
[2022-04-22 12:14:23] INFO: Processing 1 genomes identified as bacterial.
[2022-04-22 12:14:27] INFO: Read concatenated alignment for 45,555 GTDB genomes.
[2022-04-22 12:14:27] TASK: Generating concatenated alignment for each marker.
[2022-04-22 12:14:29] INFO: Completed 1 genome in 0.03 seconds (33.95 genomes/second).
[2022-04-22 12:14:29] TASK: Aligning 119 identified markers using hmmalign 3.1b2 (February 2015).
[2022-04-22 12:14:30] INFO: Completed 119 markers in 0.18 seconds (667.53 markers/second).
[2022-04-22 12:14:30] TASK: Masking columns of bacterial multiple sequence alignment using canonical mask.
[2022-04-22 12:15:31] INFO: Completed 45,556 sequences in 1.01 minutes (45,129.20 sequences/minute).
[2022-04-22 12:15:31] INFO: Masked bacterial alignment from 41,084 to 5,037 AAs.
[2022-04-22 12:15:31] INFO: 0 bacterial user genomes have amino acids in <10.0% of columns in filtered MSA.
[2022-04-22 12:15:31] INFO: Creating concatenated alignment for 45,556 bacterial GTDB and user genomes.
[2022-04-22 12:15:34] INFO: Creating concatenated alignment for 1 bacterial user genomes.
[2022-04-22 12:15:34] INFO: Done.
[2022-04-22 12:15:34] TASK: Placing 1 bacterial genomes into reference tree with pplacer using 20 CPUs (be patient).
[2022-04-22 12:15:34] INFO: pplacer version: v1.1.alpha19-0-g807f6f3
[2022-04-22 12:46:41] INFO: Calculating RED values based on reference tree.
[2022-04-22 12:46:50] TASK: Traversing tree to determine classification method.
[2022-04-22 12:46:50] INFO: Completed 1 genome in 0.00 seconds (577.81 genomes/second).
[2022-04-22 12:46:50] TASK: Calculating average nucleotide identity using FastANI (v1.33).
[2022-04-22 12:46:51] INFO: Completed 2 comparisons in 0.81 seconds (2.48 comparisons/second).
[2022-04-22 12:46:51] INFO: 0 genome(s) have been classified using FastANI and pplacer.
[2022-04-22 12:46:51] INFO: Done.
