[2022-04-25 16:47:23] INFO: GTDB-Tk v1.5.0
[2022-04-25 16:47:23] INFO: gtdbtk classify_wf --genome_dir /home1/christina/Elos_meta/Curtain3/MAGs/bac/with_16S/200/MAG_283/Protologger --out_dir /home1/christina/Elos_meta/Curtain3/MAGs/bac/with_16S/200/MAG_283/Protologger/GTDB-TK-Results --cpus 20
[2022-04-25 16:47:23] INFO: Using GTDB-Tk reference data version r202: /mnt/big/miniconda3/envs/protologger/share/gtdbtk-1.5.0/db/
[2022-04-25 16:47:23] INFO: Identifying markers in 1 genomes with 20 threads.
[2022-04-25 16:47:23] TASK: Running Prodigal V2.6.3 to identify genes.
[2022-04-25 16:47:59] INFO: Completed 1 genome in 35.75 seconds (35.75 seconds/genome).
[2022-04-25 16:47:59] TASK: Identifying TIGRFAM protein families.
[2022-04-25 16:48:05] INFO: Completed 1 genome in 6.24 seconds (6.24 seconds/genome).
[2022-04-25 16:48:05] TASK: Identifying Pfam protein families.
[2022-04-25 16:48:06] INFO: Completed 1 genome in 1.11 seconds (1.11 seconds/genome).
[2022-04-25 16:48:06] INFO: Annotations done using HMMER 3.1b2 (February 2015).
[2022-04-25 16:48:06] TASK: Summarising identified marker genes.
[2022-04-25 16:48:06] INFO: Completed 1 genome in 0.04 seconds (24.52 genomes/second).
[2022-04-25 16:48:06] INFO: Done.
[2022-04-25 16:48:06] INFO: Aligning markers in 1 genomes with 20 CPUs.
[2022-04-25 16:48:06] INFO: Processing 1 genomes identified as bacterial.
[2022-04-25 16:48:11] INFO: Read concatenated alignment for 45,555 GTDB genomes.
[2022-04-25 16:48:11] TASK: Generating concatenated alignment for each marker.
[2022-04-25 16:48:12] INFO: Completed 1 genome in 0.03 seconds (36.26 genomes/second).
[2022-04-25 16:48:12] TASK: Aligning 113 identified markers using hmmalign 3.1b2 (February 2015).
[2022-04-25 16:48:14] INFO: Completed 113 markers in 0.16 seconds (687.92 markers/second).
[2022-04-25 16:48:14] TASK: Masking columns of bacterial multiple sequence alignment using canonical mask.
[2022-04-25 16:49:14] INFO: Completed 45,556 sequences in 1.00 minutes (45,370.84 sequences/minute).
[2022-04-25 16:49:14] INFO: Masked bacterial alignment from 41,084 to 5,037 AAs.
[2022-04-25 16:49:14] INFO: 0 bacterial user genomes have amino acids in <10.0% of columns in filtered MSA.
[2022-04-25 16:49:14] INFO: Creating concatenated alignment for 45,556 bacterial GTDB and user genomes.
[2022-04-25 16:49:16] INFO: Creating concatenated alignment for 1 bacterial user genomes.
[2022-04-25 16:49:16] INFO: Done.
[2022-04-25 16:49:16] TASK: Placing 1 bacterial genomes into reference tree with pplacer using 20 CPUs (be patient).
[2022-04-25 16:49:16] INFO: pplacer version: v1.1.alpha19-0-g807f6f3
[2022-04-25 17:18:35] INFO: Calculating RED values based on reference tree.
[2022-04-25 17:18:43] TASK: Traversing tree to determine classification method.
[2022-04-25 17:18:43] INFO: Completed 1 genome in 0.00 seconds (706.23 genomes/second).
[2022-04-25 17:18:43] INFO: 0 genome(s) have been classified using FastANI and pplacer.
[2022-04-25 17:18:43] INFO: Done.
