[2022-04-20 00:41:29] INFO: GTDB-Tk v1.5.0
[2022-04-20 00:41:29] INFO: gtdbtk classify_wf --genome_dir /home1/christina/Elos_meta/Curtain3/MAGs/arc/MAG_118/MAG_118 --out_dir /home1/christina/Elos_meta/Curtain3/MAGs/arc/MAG_118/MAG_118/GTDB-TK-Results --cpus 20
[2022-04-20 00:41:29] INFO: Using GTDB-Tk reference data version r202: /mnt/big/miniconda3/envs/protologger/share/gtdbtk-1.5.0/db/
[2022-04-20 00:41:29] INFO: Identifying markers in 1 genomes with 20 threads.
[2022-04-20 00:41:29] TASK: Running Prodigal V2.6.3 to identify genes.
[2022-04-20 00:41:35] INFO: Completed 1 genome in 5.65 seconds (5.65 seconds/genome).
[2022-04-20 00:41:35] TASK: Identifying TIGRFAM protein families.
[2022-04-20 00:41:42] INFO: Completed 1 genome in 6.40 seconds (6.40 seconds/genome).
[2022-04-20 00:41:42] TASK: Identifying Pfam protein families.
[2022-04-20 00:41:43] INFO: Completed 1 genome in 1.11 seconds (1.11 seconds/genome).
[2022-04-20 00:41:43] INFO: Annotations done using HMMER 3.1b2 (February 2015).
[2022-04-20 00:41:43] TASK: Summarising identified marker genes.
[2022-04-20 00:41:43] INFO: Completed 1 genome in 0.02 seconds (55.97 genomes/second).
[2022-04-20 00:41:43] INFO: Done.
[2022-04-20 00:41:43] INFO: Aligning markers in 1 genomes with 20 CPUs.
[2022-04-20 00:41:43] INFO: Processing 1 genomes identified as archaeal.
[2022-04-20 00:41:44] INFO: Read concatenated alignment for 2,339 GTDB genomes.
[2022-04-20 00:41:44] TASK: Generating concatenated alignment for each marker.
[2022-04-20 00:41:45] INFO: Completed 1 genome in 0.76 seconds (1.31 genomes/second).
[2022-04-20 00:41:45] TASK: Aligning 96 identified markers using hmmalign 3.1b2 (February 2015).
[2022-04-20 00:41:46] INFO: Completed 96 markers in 0.96 seconds (100.02 markers/second).
[2022-04-20 00:41:46] TASK: Masking columns of archaeal multiple sequence alignment using canonical mask.
[2022-04-20 00:41:49] INFO: Completed 2,340 sequences in 3.48 seconds (672.80 sequences/second).
[2022-04-20 00:41:49] INFO: Masked archaeal alignment from 32,754 to 5,124 AAs.
[2022-04-20 00:41:49] INFO: 0 archaeal user genomes have amino acids in <10.0% of columns in filtered MSA.
[2022-04-20 00:41:49] INFO: Creating concatenated alignment for 2,340 archaeal GTDB and user genomes.
[2022-04-20 00:41:50] INFO: Creating concatenated alignment for 1 archaeal user genomes.
[2022-04-20 00:41:50] INFO: Done.
[2022-04-20 00:41:50] TASK: Placing 1 archaeal genomes into reference tree with pplacer using 20 CPUs (be patient).
[2022-04-20 00:41:50] INFO: pplacer version: v1.1.alpha19-0-g807f6f3
[2022-04-20 00:43:08] INFO: Calculating RED values based on reference tree.
[2022-04-20 00:43:08] TASK: Traversing tree to determine classification method.
[2022-04-20 00:43:08] INFO: Completed 1 genome in 0.00 seconds (4,396.55 genomes/second).
[2022-04-20 00:43:09] TASK: Calculating average nucleotide identity using FastANI (v1.33).
[2022-04-20 00:43:09] INFO: Completed 2 comparisons in 0.44 seconds (4.50 comparisons/second).
[2022-04-20 00:43:09] INFO: 0 genome(s) have been classified using FastANI and pplacer.
[2022-04-20 00:43:09] INFO: Done.
