[2022-04-24 23:00:15] INFO: GTDB-Tk v1.5.0
[2022-04-24 23:00:15] INFO: gtdbtk classify_wf --genome_dir /home1/christina/Elos_meta/Curtain3/MAGs/bac/with_16S/100/MAG_189/Protologger --out_dir /home1/christina/Elos_meta/Curtain3/MAGs/bac/with_16S/100/MAG_189/Protologger/GTDB-TK-Results --cpus 20
[2022-04-24 23:00:15] INFO: Using GTDB-Tk reference data version r202: /mnt/big/miniconda3/envs/protologger/share/gtdbtk-1.5.0/db/
[2022-04-24 23:00:15] INFO: Identifying markers in 1 genomes with 20 threads.
[2022-04-24 23:00:15] TASK: Running Prodigal V2.6.3 to identify genes.
[2022-04-24 23:00:26] INFO: Completed 1 genome in 10.37 seconds (10.37 seconds/genome).
[2022-04-24 23:00:26] TASK: Identifying TIGRFAM protein families.
[2022-04-24 23:00:31] INFO: Completed 1 genome in 5.24 seconds (5.24 seconds/genome).
[2022-04-24 23:00:31] TASK: Identifying Pfam protein families.
[2022-04-24 23:00:32] INFO: Completed 1 genome in 0.81 seconds (1.24 genomes/second).
[2022-04-24 23:00:32] INFO: Annotations done using HMMER 3.1b2 (February 2015).
[2022-04-24 23:00:32] TASK: Summarising identified marker genes.
[2022-04-24 23:00:32] INFO: Completed 1 genome in 0.03 seconds (37.35 genomes/second).
[2022-04-24 23:00:32] INFO: Done.
[2022-04-24 23:00:32] INFO: Aligning markers in 1 genomes with 20 CPUs.
[2022-04-24 23:00:32] INFO: Processing 1 genomes identified as bacterial.
[2022-04-24 23:00:37] INFO: Read concatenated alignment for 45,555 GTDB genomes.
[2022-04-24 23:00:37] TASK: Generating concatenated alignment for each marker.
[2022-04-24 23:00:38] INFO: Completed 1 genome in 0.02 seconds (52.58 genomes/second).
[2022-04-24 23:00:38] TASK: Aligning 120 identified markers using hmmalign 3.1b2 (February 2015).
[2022-04-24 23:00:39] INFO: Completed 120 markers in 0.18 seconds (673.86 markers/second).
[2022-04-24 23:00:39] TASK: Masking columns of bacterial multiple sequence alignment using canonical mask.
[2022-04-24 23:01:40] INFO: Completed 45,556 sequences in 1.01 minutes (45,079.85 sequences/minute).
[2022-04-24 23:01:40] INFO: Masked bacterial alignment from 41,084 to 5,037 AAs.
[2022-04-24 23:01:40] INFO: 0 bacterial user genomes have amino acids in <10.0% of columns in filtered MSA.
[2022-04-24 23:01:40] INFO: Creating concatenated alignment for 45,556 bacterial GTDB and user genomes.
[2022-04-24 23:01:42] INFO: Creating concatenated alignment for 1 bacterial user genomes.
[2022-04-24 23:01:42] INFO: Done.
[2022-04-24 23:01:42] TASK: Placing 1 bacterial genomes into reference tree with pplacer using 20 CPUs (be patient).
[2022-04-24 23:01:42] INFO: pplacer version: v1.1.alpha19-0-g807f6f3
[2022-04-24 23:34:38] INFO: Calculating RED values based on reference tree.
[2022-04-24 23:34:46] TASK: Traversing tree to determine classification method.
[2022-04-24 23:34:46] INFO: Completed 1 genome in 0.00 seconds (429.00 genomes/second).
[2022-04-24 23:34:46] TASK: Calculating average nucleotide identity using FastANI (v1.33).
[2022-04-24 23:34:52] INFO: Completed 90 comparisons in 6.14 seconds (14.66 comparisons/second).
[2022-04-24 23:34:52] INFO: 0 genome(s) have been classified using FastANI and pplacer.
[2022-04-24 23:34:52] INFO: Done.
