[2022-04-23 19:21:10] INFO: GTDB-Tk v1.5.0
[2022-04-23 19:21:10] INFO: gtdbtk classify_wf --genome_dir /home1/christina/Elos_meta/Curtain3/MAGs/bac/with_16S/200/MAG_247/Protologger --out_dir /home1/christina/Elos_meta/Curtain3/MAGs/bac/with_16S/200/MAG_247/Protologger/GTDB-TK-Results --cpus 20
[2022-04-23 19:21:10] INFO: Using GTDB-Tk reference data version r202: /mnt/big/miniconda3/envs/protologger/share/gtdbtk-1.5.0/db/
[2022-04-23 19:21:10] INFO: Identifying markers in 1 genomes with 20 threads.
[2022-04-23 19:21:10] TASK: Running Prodigal V2.6.3 to identify genes.
[2022-04-23 19:21:17] INFO: Completed 1 genome in 7.42 seconds (7.42 seconds/genome).
[2022-04-23 19:21:17] TASK: Identifying TIGRFAM protein families.
[2022-04-23 19:21:23] INFO: Completed 1 genome in 5.30 seconds (5.30 seconds/genome).
[2022-04-23 19:21:23] TASK: Identifying Pfam protein families.
[2022-04-23 19:21:24] INFO: Completed 1 genome in 0.81 seconds (1.23 genomes/second).
[2022-04-23 19:21:24] INFO: Annotations done using HMMER 3.1b2 (February 2015).
[2022-04-23 19:21:24] TASK: Summarising identified marker genes.
[2022-04-23 19:21:24] INFO: Completed 1 genome in 0.03 seconds (34.76 genomes/second).
[2022-04-23 19:21:24] INFO: Done.
[2022-04-23 19:21:24] INFO: Aligning markers in 1 genomes with 20 CPUs.
[2022-04-23 19:21:24] INFO: Processing 1 genomes identified as bacterial.
[2022-04-23 19:21:28] INFO: Read concatenated alignment for 45,555 GTDB genomes.
[2022-04-23 19:21:28] TASK: Generating concatenated alignment for each marker.
[2022-04-23 19:21:30] INFO: Completed 1 genome in 0.02 seconds (47.05 genomes/second).
[2022-04-23 19:21:30] TASK: Aligning 111 identified markers using hmmalign 3.1b2 (February 2015).
[2022-04-23 19:21:31] INFO: Completed 111 markers in 0.15 seconds (718.33 markers/second).
[2022-04-23 19:21:31] TASK: Masking columns of bacterial multiple sequence alignment using canonical mask.
[2022-04-23 19:22:32] INFO: Completed 45,556 sequences in 1.02 minutes (44,828.69 sequences/minute).
[2022-04-23 19:22:32] INFO: Masked bacterial alignment from 41,084 to 5,037 AAs.
[2022-04-23 19:22:32] INFO: 0 bacterial user genomes have amino acids in <10.0% of columns in filtered MSA.
[2022-04-23 19:22:32] INFO: Creating concatenated alignment for 45,556 bacterial GTDB and user genomes.
[2022-04-23 19:22:34] INFO: Creating concatenated alignment for 1 bacterial user genomes.
[2022-04-23 19:22:35] INFO: Done.
[2022-04-23 19:22:35] TASK: Placing 1 bacterial genomes into reference tree with pplacer using 20 CPUs (be patient).
[2022-04-23 19:22:35] INFO: pplacer version: v1.1.alpha19-0-g807f6f3
[2022-04-23 19:50:16] INFO: Calculating RED values based on reference tree.
[2022-04-23 19:50:24] TASK: Traversing tree to determine classification method.
[2022-04-23 19:50:24] INFO: Completed 1 genome in 0.00 seconds (580.45 genomes/second).
[2022-04-23 19:50:25] TASK: Calculating average nucleotide identity using FastANI (v1.33).
[2022-04-23 19:50:25] INFO: Completed 2 comparisons in 0.56 seconds (3.57 comparisons/second).
[2022-04-23 19:50:25] INFO: 0 genome(s) have been classified using FastANI and pplacer.
[2022-04-23 19:50:25] INFO: Done.
