[2022-04-22 17:20:35] INFO: GTDB-Tk v1.5.0
[2022-04-22 17:20:35] INFO: gtdbtk classify_wf --genome_dir /home1/christina/Elos_meta/Curtain3/MAGs/bac/with_16S/100/MAG_139/Protologger --out_dir /home1/christina/Elos_meta/Curtain3/MAGs/bac/with_16S/100/MAG_139/Protologger/GTDB-TK-Results --cpus 20
[2022-04-22 17:20:35] INFO: Using GTDB-Tk reference data version r202: /mnt/big/miniconda3/envs/protologger/share/gtdbtk-1.5.0/db/
[2022-04-22 17:20:35] INFO: Identifying markers in 1 genomes with 20 threads.
[2022-04-22 17:20:36] TASK: Running Prodigal V2.6.3 to identify genes.
[2022-04-22 17:20:40] INFO: Completed 1 genome in 4.44 seconds (4.44 seconds/genome).
[2022-04-22 17:20:40] TASK: Identifying TIGRFAM protein families.
[2022-04-22 17:20:45] INFO: Completed 1 genome in 5.20 seconds (5.20 seconds/genome).
[2022-04-22 17:20:45] TASK: Identifying Pfam protein families.
[2022-04-22 17:20:46] INFO: Completed 1 genome in 0.67 seconds (1.50 genomes/second).
[2022-04-22 17:20:46] INFO: Annotations done using HMMER 3.1b2 (February 2015).
[2022-04-22 17:20:46] TASK: Summarising identified marker genes.
[2022-04-22 17:20:46] INFO: Completed 1 genome in 0.02 seconds (64.67 genomes/second).
[2022-04-22 17:20:46] INFO: Done.
[2022-04-22 17:20:46] INFO: Aligning markers in 1 genomes with 20 CPUs.
[2022-04-22 17:20:46] INFO: Processing 1 genomes identified as bacterial.
[2022-04-22 17:20:50] INFO: Read concatenated alignment for 45,555 GTDB genomes.
[2022-04-22 17:20:50] TASK: Generating concatenated alignment for each marker.
[2022-04-22 17:20:51] INFO: Completed 1 genome in 0.01 seconds (124.55 genomes/second).
[2022-04-22 17:20:51] TASK: Aligning 111 identified markers using hmmalign 3.1b2 (February 2015).
[2022-04-22 17:20:52] INFO: Completed 111 markers in 0.18 seconds (605.52 markers/second).
[2022-04-22 17:20:52] TASK: Masking columns of bacterial multiple sequence alignment using canonical mask.
[2022-04-22 17:21:54] INFO: Completed 45,556 sequences in 1.03 minutes (44,174.92 sequences/minute).
[2022-04-22 17:21:54] INFO: Masked bacterial alignment from 41,084 to 5,037 AAs.
[2022-04-22 17:21:54] INFO: 0 bacterial user genomes have amino acids in <10.0% of columns in filtered MSA.
[2022-04-22 17:21:54] INFO: Creating concatenated alignment for 45,556 bacterial GTDB and user genomes.
[2022-04-22 17:21:57] INFO: Creating concatenated alignment for 1 bacterial user genomes.
[2022-04-22 17:21:57] INFO: Done.
[2022-04-22 17:21:57] TASK: Placing 1 bacterial genomes into reference tree with pplacer using 20 CPUs (be patient).
[2022-04-22 17:21:57] INFO: pplacer version: v1.1.alpha19-0-g807f6f3
[2022-04-22 17:51:48] INFO: Calculating RED values based on reference tree.
[2022-04-22 17:51:56] TASK: Traversing tree to determine classification method.
[2022-04-22 17:51:56] INFO: Completed 1 genome in 0.00 seconds (661.04 genomes/second).
[2022-04-22 17:51:56] INFO: 0 genome(s) have been classified using FastANI and pplacer.
[2022-04-22 17:51:56] INFO: Done.
