[2022-04-24 03:36:54] INFO: GTDB-Tk v1.5.0
[2022-04-24 03:36:54] INFO: gtdbtk classify_wf --genome_dir /home1/christina/Elos_meta/Curtain3/MAGs/bac/with_16S/100/MAG_174/Protologger --out_dir /home1/christina/Elos_meta/Curtain3/MAGs/bac/with_16S/100/MAG_174/Protologger/GTDB-TK-Results --cpus 20
[2022-04-24 03:36:54] INFO: Using GTDB-Tk reference data version r202: /mnt/big/miniconda3/envs/protologger/share/gtdbtk-1.5.0/db/
[2022-04-24 03:36:54] INFO: Identifying markers in 1 genomes with 20 threads.
[2022-04-24 03:36:54] TASK: Running Prodigal V2.6.3 to identify genes.
[2022-04-24 03:37:00] INFO: Completed 1 genome in 5.88 seconds (5.88 seconds/genome).
[2022-04-24 03:37:00] TASK: Identifying TIGRFAM protein families.
[2022-04-24 03:37:06] INFO: Completed 1 genome in 5.19 seconds (5.19 seconds/genome).
[2022-04-24 03:37:06] TASK: Identifying Pfam protein families.
[2022-04-24 03:37:06] INFO: Completed 1 genome in 0.71 seconds (1.40 genomes/second).
[2022-04-24 03:37:06] INFO: Annotations done using HMMER 3.1b2 (February 2015).
[2022-04-24 03:37:06] TASK: Summarising identified marker genes.
[2022-04-24 03:37:06] INFO: Completed 1 genome in 0.02 seconds (49.34 genomes/second).
[2022-04-24 03:37:06] INFO: Done.
[2022-04-24 03:37:06] INFO: Aligning markers in 1 genomes with 20 CPUs.
[2022-04-24 03:37:07] INFO: Processing 1 genomes identified as bacterial.
[2022-04-24 03:37:11] INFO: Read concatenated alignment for 45,555 GTDB genomes.
[2022-04-24 03:37:11] TASK: Generating concatenated alignment for each marker.
[2022-04-24 03:37:12] INFO: Completed 1 genome in 0.02 seconds (56.29 genomes/second).
[2022-04-24 03:37:12] TASK: Aligning 92 identified markers using hmmalign 3.1b2 (February 2015).
[2022-04-24 03:37:13] INFO: Completed 92 markers in 0.15 seconds (596.69 markers/second).
[2022-04-24 03:37:13] TASK: Masking columns of bacterial multiple sequence alignment using canonical mask.
[2022-04-24 03:38:13] INFO: Completed 45,556 sequences in 1.01 minutes (45,180.52 sequences/minute).
[2022-04-24 03:38:13] INFO: Masked bacterial alignment from 41,084 to 5,037 AAs.
[2022-04-24 03:38:13] INFO: 0 bacterial user genomes have amino acids in <10.0% of columns in filtered MSA.
[2022-04-24 03:38:13] INFO: Creating concatenated alignment for 45,556 bacterial GTDB and user genomes.
[2022-04-24 03:38:15] INFO: Creating concatenated alignment for 1 bacterial user genomes.
[2022-04-24 03:38:15] INFO: Done.
[2022-04-24 03:38:15] TASK: Placing 1 bacterial genomes into reference tree with pplacer using 20 CPUs (be patient).
[2022-04-24 03:38:15] INFO: pplacer version: v1.1.alpha19-0-g807f6f3
[2022-04-24 04:02:00] INFO: Calculating RED values based on reference tree.
[2022-04-24 04:02:08] TASK: Traversing tree to determine classification method.
[2022-04-24 04:02:08] INFO: Completed 1 genome in 0.00 seconds (507.60 genomes/second).
[2022-04-24 04:02:08] INFO: 0 genome(s) have been classified using FastANI and pplacer.
[2022-04-24 04:02:08] INFO: Done.
