[2022-04-21 17:18:21] INFO: GTDB-Tk v1.5.0
[2022-04-21 17:18:21] INFO: gtdbtk classify_wf --genome_dir /home1/christina/Elos_meta/Curtain3/MAGs/bac/with_16S/rest/MAG_35/Protologger --out_dir /home1/christina/Elos_meta/Curtain3/MAGs/bac/with_16S/rest/MAG_35/Protologger/GTDB-TK-Results --cpus 20
[2022-04-21 17:18:21] INFO: Using GTDB-Tk reference data version r202: /mnt/big/miniconda3/envs/protologger/share/gtdbtk-1.5.0/db/
[2022-04-21 17:18:21] INFO: Identifying markers in 1 genomes with 20 threads.
[2022-04-21 17:18:21] TASK: Running Prodigal V2.6.3 to identify genes.
[2022-04-21 17:18:59] INFO: Completed 1 genome in 38.04 seconds (38.04 seconds/genome).
[2022-04-21 17:18:59] TASK: Identifying TIGRFAM protein families.
[2022-04-21 17:19:04] INFO: Completed 1 genome in 4.80 seconds (4.80 seconds/genome).
[2022-04-21 17:19:04] TASK: Identifying Pfam protein families.
[2022-04-21 17:19:04] INFO: Completed 1 genome in 0.66 seconds (1.52 genomes/second).
[2022-04-21 17:19:04] INFO: Annotations done using HMMER 3.1b2 (February 2015).
[2022-04-21 17:19:04] TASK: Summarising identified marker genes.
[2022-04-21 17:19:04] INFO: Completed 1 genome in 0.02 seconds (50.27 genomes/second).
[2022-04-21 17:19:04] INFO: Done.
[2022-04-21 17:19:04] INFO: Aligning markers in 1 genomes with 20 CPUs.
[2022-04-21 17:19:05] INFO: Processing 1 genomes identified as bacterial.
[2022-04-21 17:19:09] INFO: Read concatenated alignment for 45,555 GTDB genomes.
[2022-04-21 17:19:09] TASK: Generating concatenated alignment for each marker.
[2022-04-21 17:19:09] INFO: Completed 1 genome in 0.01 seconds (78.48 genomes/second).
[2022-04-21 17:19:10] TASK: Aligning 86 identified markers using hmmalign 3.1b2 (February 2015).
[2022-04-21 17:19:10] INFO: Completed 86 markers in 0.15 seconds (556.06 markers/second).
[2022-04-21 17:19:10] TASK: Masking columns of bacterial multiple sequence alignment using canonical mask.
[2022-04-21 17:20:11] INFO: Completed 45,556 sequences in 1.01 minutes (44,947.09 sequences/minute).
[2022-04-21 17:20:11] INFO: Masked bacterial alignment from 41,084 to 5,037 AAs.
[2022-04-21 17:20:11] INFO: 0 bacterial user genomes have amino acids in <10.0% of columns in filtered MSA.
[2022-04-21 17:20:11] INFO: Creating concatenated alignment for 45,556 bacterial GTDB and user genomes.
[2022-04-21 17:20:14] INFO: Creating concatenated alignment for 1 bacterial user genomes.
[2022-04-21 17:20:14] INFO: Done.
[2022-04-21 17:20:14] TASK: Placing 1 bacterial genomes into reference tree with pplacer using 20 CPUs (be patient).
[2022-04-21 17:20:14] INFO: pplacer version: v1.1.alpha19-0-g807f6f3
[2022-04-21 17:42:01] INFO: Calculating RED values based on reference tree.
[2022-04-21 17:42:09] TASK: Traversing tree to determine classification method.
[2022-04-21 17:42:10] INFO: Completed 1 genome in 0.00 seconds (453.19 genomes/second).
[2022-04-21 17:42:10] TASK: Calculating average nucleotide identity using FastANI (v1.33).
[2022-04-21 17:42:10] INFO: Completed 2 comparisons in 0.48 seconds (4.14 comparisons/second).
[2022-04-21 17:42:10] INFO: 0 genome(s) have been classified using FastANI and pplacer.
[2022-04-21 17:42:10] INFO: Done.
