[2022-04-22 23:37:39] INFO: GTDB-Tk v1.5.0
[2022-04-22 23:37:39] INFO: gtdbtk classify_wf --genome_dir /home1/christina/Elos_meta/Curtain3/MAGs/bac/with_16S/rest/MAG_7/Protologger --out_dir /home1/christina/Elos_meta/Curtain3/MAGs/bac/with_16S/rest/MAG_7/Protologger/GTDB-TK-Results --cpus 20
[2022-04-22 23:37:39] INFO: Using GTDB-Tk reference data version r202: /mnt/big/miniconda3/envs/protologger/share/gtdbtk-1.5.0/db/
[2022-04-22 23:37:39] INFO: Identifying markers in 1 genomes with 20 threads.
[2022-04-22 23:37:39] TASK: Running Prodigal V2.6.3 to identify genes.
[2022-04-22 23:38:04] INFO: Completed 1 genome in 24.63 seconds (24.63 seconds/genome).
[2022-04-22 23:38:04] TASK: Identifying TIGRFAM protein families.
[2022-04-22 23:38:11] INFO: Completed 1 genome in 6.67 seconds (6.67 seconds/genome).
[2022-04-22 23:38:11] TASK: Identifying Pfam protein families.
[2022-04-22 23:38:12] INFO: Completed 1 genome in 1.18 seconds (1.18 seconds/genome).
[2022-04-22 23:38:12] INFO: Annotations done using HMMER 3.1b2 (February 2015).
[2022-04-22 23:38:12] TASK: Summarising identified marker genes.
[2022-04-22 23:38:12] INFO: Completed 1 genome in 0.05 seconds (19.42 genomes/second).
[2022-04-22 23:38:12] INFO: Done.
[2022-04-22 23:38:12] INFO: Aligning markers in 1 genomes with 20 CPUs.
[2022-04-22 23:38:12] INFO: Processing 1 genomes identified as bacterial.
[2022-04-22 23:38:16] INFO: Read concatenated alignment for 45,555 GTDB genomes.
[2022-04-22 23:38:16] TASK: Generating concatenated alignment for each marker.
[2022-04-22 23:38:17] INFO: Completed 1 genome in 0.03 seconds (30.13 genomes/second).
[2022-04-22 23:38:17] TASK: Aligning 104 identified markers using hmmalign 3.1b2 (February 2015).
[2022-04-22 23:38:18] INFO: Completed 104 markers in 0.20 seconds (512.26 markers/second).
[2022-04-22 23:38:18] TASK: Masking columns of bacterial multiple sequence alignment using canonical mask.
[2022-04-22 23:39:19] INFO: Completed 45,556 sequences in 1.01 minutes (45,217.36 sequences/minute).
[2022-04-22 23:39:19] INFO: Masked bacterial alignment from 41,084 to 5,037 AAs.
[2022-04-22 23:39:19] INFO: 0 bacterial user genomes have amino acids in <10.0% of columns in filtered MSA.
[2022-04-22 23:39:19] INFO: Creating concatenated alignment for 45,556 bacterial GTDB and user genomes.
[2022-04-22 23:39:21] INFO: Creating concatenated alignment for 1 bacterial user genomes.
[2022-04-22 23:39:21] INFO: Done.
[2022-04-22 23:39:21] TASK: Placing 1 bacterial genomes into reference tree with pplacer using 20 CPUs (be patient).
[2022-04-22 23:39:21] INFO: pplacer version: v1.1.alpha19-0-g807f6f3
[2022-04-23 00:06:30] INFO: Calculating RED values based on reference tree.
[2022-04-23 00:06:38] TASK: Traversing tree to determine classification method.
[2022-04-23 00:06:38] INFO: Completed 1 genome in 0.00 seconds (487.03 genomes/second).
[2022-04-23 00:06:38] INFO: 0 genome(s) have been classified using FastANI and pplacer.
[2022-04-23 00:06:38] INFO: Done.
