[2022-04-23 22:01:21] INFO: GTDB-Tk v1.5.0
[2022-04-23 22:01:21] INFO: gtdbtk classify_wf --genome_dir /home1/christina/Elos_meta/Curtain3/MAGs/bac/with_16S/rest/MAG_85/Protologger --out_dir /home1/christina/Elos_meta/Curtain3/MAGs/bac/with_16S/rest/MAG_85/Protologger/GTDB-TK-Results --cpus 20
[2022-04-23 22:01:21] INFO: Using GTDB-Tk reference data version r202: /mnt/big/miniconda3/envs/protologger/share/gtdbtk-1.5.0/db/
[2022-04-23 22:01:21] INFO: Identifying markers in 1 genomes with 20 threads.
[2022-04-23 22:01:21] TASK: Running Prodigal V2.6.3 to identify genes.
[2022-04-23 22:01:31] INFO: Completed 1 genome in 9.26 seconds (9.26 seconds/genome).
[2022-04-23 22:01:31] TASK: Identifying TIGRFAM protein families.
[2022-04-23 22:01:36] INFO: Completed 1 genome in 4.95 seconds (4.95 seconds/genome).
[2022-04-23 22:01:36] TASK: Identifying Pfam protein families.
[2022-04-23 22:01:36] INFO: Completed 1 genome in 0.68 seconds (1.46 genomes/second).
[2022-04-23 22:01:36] INFO: Annotations done using HMMER 3.1b2 (February 2015).
[2022-04-23 22:01:36] TASK: Summarising identified marker genes.
[2022-04-23 22:01:36] INFO: Completed 1 genome in 0.03 seconds (32.05 genomes/second).
[2022-04-23 22:01:36] INFO: Done.
[2022-04-23 22:01:37] INFO: Aligning markers in 1 genomes with 20 CPUs.
[2022-04-23 22:01:37] INFO: Processing 1 genomes identified as bacterial.
[2022-04-23 22:01:41] INFO: Read concatenated alignment for 45,555 GTDB genomes.
[2022-04-23 22:01:41] TASK: Generating concatenated alignment for each marker.
[2022-04-23 22:01:41] INFO: Completed 1 genome in 0.02 seconds (58.36 genomes/second).
[2022-04-23 22:01:42] TASK: Aligning 91 identified markers using hmmalign 3.1b2 (February 2015).
[2022-04-23 22:01:42] INFO: Completed 91 markers in 0.15 seconds (614.89 markers/second).
[2022-04-23 22:01:42] TASK: Masking columns of bacterial multiple sequence alignment using canonical mask.
[2022-04-23 22:02:43] INFO: Completed 45,556 sequences in 1.01 minutes (45,176.41 sequences/minute).
[2022-04-23 22:02:43] INFO: Masked bacterial alignment from 41,084 to 5,037 AAs.
[2022-04-23 22:02:43] INFO: 0 bacterial user genomes have amino acids in <10.0% of columns in filtered MSA.
[2022-04-23 22:02:43] INFO: Creating concatenated alignment for 45,556 bacterial GTDB and user genomes.
[2022-04-23 22:02:45] INFO: Creating concatenated alignment for 1 bacterial user genomes.
[2022-04-23 22:02:45] INFO: Done.
[2022-04-23 22:02:45] TASK: Placing 1 bacterial genomes into reference tree with pplacer using 20 CPUs (be patient).
[2022-04-23 22:02:45] INFO: pplacer version: v1.1.alpha19-0-g807f6f3
[2022-04-23 22:24:42] INFO: Calculating RED values based on reference tree.
[2022-04-23 22:24:50] TASK: Traversing tree to determine classification method.
[2022-04-23 22:24:50] INFO: Completed 1 genome in 0.00 seconds (494.26 genomes/second).
[2022-04-23 22:24:50] INFO: 0 genome(s) have been classified using FastANI and pplacer.
[2022-04-23 22:24:51] INFO: Done.
