[2022-04-22 09:58:04] INFO: GTDB-Tk v1.5.0
[2022-04-22 09:58:04] INFO: gtdbtk classify_wf --genome_dir /home1/christina/Elos_meta/Curtain3/MAGs/bac/with_16S/rest/MAG_49/Protologger --out_dir /home1/christina/Elos_meta/Curtain3/MAGs/bac/with_16S/rest/MAG_49/Protologger/GTDB-TK-Results --cpus 20
[2022-04-22 09:58:04] INFO: Using GTDB-Tk reference data version r202: /mnt/big/miniconda3/envs/protologger/share/gtdbtk-1.5.0/db/
[2022-04-22 09:58:04] INFO: Identifying markers in 1 genomes with 20 threads.
[2022-04-22 09:58:04] TASK: Running Prodigal V2.6.3 to identify genes.
[2022-04-22 09:58:17] INFO: Completed 1 genome in 13.18 seconds (13.18 seconds/genome).
[2022-04-22 09:58:17] TASK: Identifying TIGRFAM protein families.
[2022-04-22 09:58:23] INFO: Completed 1 genome in 6.03 seconds (6.03 seconds/genome).
[2022-04-22 09:58:23] TASK: Identifying Pfam protein families.
[2022-04-22 09:58:24] INFO: Completed 1 genome in 1.02 seconds (1.02 seconds/genome).
[2022-04-22 09:58:24] INFO: Annotations done using HMMER 3.1b2 (February 2015).
[2022-04-22 09:58:24] TASK: Summarising identified marker genes.
[2022-04-22 09:58:24] INFO: Completed 1 genome in 0.03 seconds (29.73 genomes/second).
[2022-04-22 09:58:24] INFO: Done.
[2022-04-22 09:58:25] INFO: Aligning markers in 1 genomes with 20 CPUs.
[2022-04-22 09:58:25] INFO: Processing 1 genomes identified as bacterial.
[2022-04-22 09:58:29] INFO: Read concatenated alignment for 45,555 GTDB genomes.
[2022-04-22 09:58:29] TASK: Generating concatenated alignment for each marker.
[2022-04-22 09:58:30] INFO: Completed 1 genome in 0.02 seconds (43.70 genomes/second).
[2022-04-22 09:58:30] TASK: Aligning 102 identified markers using hmmalign 3.1b2 (February 2015).
[2022-04-22 09:58:31] INFO: Completed 102 markers in 0.19 seconds (539.61 markers/second).
[2022-04-22 09:58:31] TASK: Masking columns of bacterial multiple sequence alignment using canonical mask.
[2022-04-22 09:59:31] INFO: Completed 45,556 sequences in 1.01 minutes (45,255.06 sequences/minute).
[2022-04-22 09:59:31] INFO: Masked bacterial alignment from 41,084 to 5,037 AAs.
[2022-04-22 09:59:31] INFO: 0 bacterial user genomes have amino acids in <10.0% of columns in filtered MSA.
[2022-04-22 09:59:31] INFO: Creating concatenated alignment for 45,556 bacterial GTDB and user genomes.
[2022-04-22 09:59:33] INFO: Creating concatenated alignment for 1 bacterial user genomes.
[2022-04-22 09:59:34] INFO: Done.
[2022-04-22 09:59:34] TASK: Placing 1 bacterial genomes into reference tree with pplacer using 20 CPUs (be patient).
[2022-04-22 09:59:34] INFO: pplacer version: v1.1.alpha19-0-g807f6f3
[2022-04-22 10:26:07] INFO: Calculating RED values based on reference tree.
[2022-04-22 10:26:15] TASK: Traversing tree to determine classification method.
[2022-04-22 10:26:15] INFO: Completed 1 genome in 0.00 seconds (803.81 genomes/second).
[2022-04-22 10:26:15] INFO: 0 genome(s) have been classified using FastANI and pplacer.
[2022-04-22 10:26:15] INFO: Done.
