[2022-04-25 07:01:25] INFO: GTDB-Tk v1.5.0
[2022-04-25 07:01:25] INFO: gtdbtk classify_wf --genome_dir /home1/christina/Elos_meta/Curtain3/MAGs/bac/with_16S/200/MAG_277/Protologger --out_dir /home1/christina/Elos_meta/Curtain3/MAGs/bac/with_16S/200/MAG_277/Protologger/GTDB-TK-Results --cpus 20
[2022-04-25 07:01:25] INFO: Using GTDB-Tk reference data version r202: /mnt/big/miniconda3/envs/protologger/share/gtdbtk-1.5.0/db/
[2022-04-25 07:01:25] INFO: Identifying markers in 1 genomes with 20 threads.
[2022-04-25 07:01:25] TASK: Running Prodigal V2.6.3 to identify genes.
[2022-04-25 07:01:34] INFO: Completed 1 genome in 8.66 seconds (8.66 seconds/genome).
[2022-04-25 07:01:34] TASK: Identifying TIGRFAM protein families.
[2022-04-25 07:01:39] INFO: Completed 1 genome in 5.53 seconds (5.53 seconds/genome).
[2022-04-25 07:01:39] TASK: Identifying Pfam protein families.
[2022-04-25 07:01:40] INFO: Completed 1 genome in 0.76 seconds (1.32 genomes/second).
[2022-04-25 07:01:40] INFO: Annotations done using HMMER 3.1b2 (February 2015).
[2022-04-25 07:01:40] TASK: Summarising identified marker genes.
[2022-04-25 07:01:40] INFO: Completed 1 genome in 0.03 seconds (38.04 genomes/second).
[2022-04-25 07:01:40] INFO: Done.
[2022-04-25 07:01:40] INFO: Aligning markers in 1 genomes with 20 CPUs.
[2022-04-25 07:01:40] INFO: Processing 1 genomes identified as bacterial.
[2022-04-25 07:01:45] INFO: Read concatenated alignment for 45,555 GTDB genomes.
[2022-04-25 07:01:45] TASK: Generating concatenated alignment for each marker.
[2022-04-25 07:01:46] INFO: Completed 1 genome in 0.02 seconds (47.42 genomes/second).
[2022-04-25 07:01:46] TASK: Aligning 109 identified markers using hmmalign 3.1b2 (February 2015).
[2022-04-25 07:01:48] INFO: Completed 109 markers in 0.18 seconds (613.84 markers/second).
[2022-04-25 07:01:48] TASK: Masking columns of bacterial multiple sequence alignment using canonical mask.
[2022-04-25 07:02:49] INFO: Completed 45,556 sequences in 1.01 minutes (45,075.38 sequences/minute).
[2022-04-25 07:02:49] INFO: Masked bacterial alignment from 41,084 to 5,037 AAs.
[2022-04-25 07:02:49] INFO: 0 bacterial user genomes have amino acids in <10.0% of columns in filtered MSA.
[2022-04-25 07:02:49] INFO: Creating concatenated alignment for 45,556 bacterial GTDB and user genomes.
[2022-04-25 07:02:51] INFO: Creating concatenated alignment for 1 bacterial user genomes.
[2022-04-25 07:02:51] INFO: Done.
[2022-04-25 07:02:51] TASK: Placing 1 bacterial genomes into reference tree with pplacer using 20 CPUs (be patient).
[2022-04-25 07:02:51] INFO: pplacer version: v1.1.alpha19-0-g807f6f3
[2022-04-25 07:30:31] INFO: Calculating RED values based on reference tree.
[2022-04-25 07:30:39] TASK: Traversing tree to determine classification method.
[2022-04-25 07:30:39] INFO: Completed 1 genome in 0.00 seconds (579.72 genomes/second).
[2022-04-25 07:30:40] TASK: Calculating average nucleotide identity using FastANI (v1.33).
[2022-04-25 07:30:40] INFO: Completed 6 comparisons in 0.71 seconds (8.44 comparisons/second).
[2022-04-25 07:30:40] INFO: 0 genome(s) have been classified using FastANI and pplacer.
[2022-04-25 07:30:40] INFO: Done.
