[2022-04-26 21:52:07] INFO: GTDB-Tk v1.5.0
[2022-04-26 21:52:07] INFO: gtdbtk classify_wf --genome_dir /home1/christina/Elos_meta/Curtain3/MAGs/arc/with_16S/MAG_191/Protologger --out_dir /home1/christina/Elos_meta/Curtain3/MAGs/arc/with_16S/MAG_191/Protologger/GTDB-TK-Results --cpus 20
[2022-04-26 21:52:07] INFO: Using GTDB-Tk reference data version r202: /mnt/big/miniconda3/envs/protologger/share/gtdbtk-1.5.0/db/
[2022-04-26 21:52:07] INFO: Identifying markers in 1 genomes with 20 threads.
[2022-04-26 21:52:08] TASK: Running Prodigal V2.6.3 to identify genes.
[2022-04-26 21:52:16] INFO: Completed 1 genome in 8.34 seconds (8.34 seconds/genome).
[2022-04-26 21:52:16] TASK: Identifying TIGRFAM protein families.
[2022-04-26 21:52:22] INFO: Completed 1 genome in 5.52 seconds (5.52 seconds/genome).
[2022-04-26 21:52:22] TASK: Identifying Pfam protein families.
[2022-04-26 21:52:23] INFO: Completed 1 genome in 0.92 seconds (1.08 genomes/second).
[2022-04-26 21:52:23] INFO: Annotations done using HMMER 3.1b2 (February 2015).
[2022-04-26 21:52:23] TASK: Summarising identified marker genes.
[2022-04-26 21:52:23] INFO: Completed 1 genome in 0.01 seconds (79.68 genomes/second).
[2022-04-26 21:52:23] INFO: Done.
[2022-04-26 21:52:23] INFO: Aligning markers in 1 genomes with 20 CPUs.
[2022-04-26 21:52:23] INFO: Processing 1 genomes identified as archaeal.
[2022-04-26 21:52:23] INFO: Read concatenated alignment for 2,339 GTDB genomes.
[2022-04-26 21:52:23] TASK: Generating concatenated alignment for each marker.
[2022-04-26 21:52:24] INFO: Completed 1 genome in 0.76 seconds (1.32 genomes/second).
[2022-04-26 21:52:24] TASK: Aligning 86 identified markers using hmmalign 3.1b2 (February 2015).
[2022-04-26 21:52:25] INFO: Completed 86 markers in 0.97 seconds (88.48 markers/second).
[2022-04-26 21:52:25] TASK: Masking columns of archaeal multiple sequence alignment using canonical mask.
[2022-04-26 21:52:29] INFO: Completed 2,340 sequences in 3.41 seconds (686.28 sequences/second).
[2022-04-26 21:52:29] INFO: Masked archaeal alignment from 32,754 to 5,124 AAs.
[2022-04-26 21:52:29] INFO: 0 archaeal user genomes have amino acids in <10.0% of columns in filtered MSA.
[2022-04-26 21:52:29] INFO: Creating concatenated alignment for 2,340 archaeal GTDB and user genomes.
[2022-04-26 21:52:29] INFO: Creating concatenated alignment for 1 archaeal user genomes.
[2022-04-26 21:52:29] INFO: Done.
[2022-04-26 21:52:29] TASK: Placing 1 archaeal genomes into reference tree with pplacer using 20 CPUs (be patient).
[2022-04-26 21:52:29] INFO: pplacer version: v1.1.alpha19-0-g807f6f3
[2022-04-26 21:53:30] INFO: Calculating RED values based on reference tree.
[2022-04-26 21:53:31] TASK: Traversing tree to determine classification method.
[2022-04-26 21:53:31] INFO: Completed 1 genome in 0.00 seconds (1,119.68 genomes/second).
[2022-04-26 21:53:31] INFO: 0 genome(s) have been classified using FastANI and pplacer.
[2022-04-26 21:53:31] INFO: Done.
