[2022-04-24 16:40:18] INFO: GTDB-Tk v1.5.0
[2022-04-24 16:40:18] INFO: gtdbtk classify_wf --genome_dir /home1/christina/Elos_meta/Curtain3/MAGs/bac/with_16S/200/MAG_260/Protologger --out_dir /home1/christina/Elos_meta/Curtain3/MAGs/bac/with_16S/200/MAG_260/Protologger/GTDB-TK-Results --cpus 20
[2022-04-24 16:40:18] INFO: Using GTDB-Tk reference data version r202: /mnt/big/miniconda3/envs/protologger/share/gtdbtk-1.5.0/db/
[2022-04-24 16:40:18] INFO: Identifying markers in 1 genomes with 20 threads.
[2022-04-24 16:40:18] TASK: Running Prodigal V2.6.3 to identify genes.
[2022-04-24 16:40:37] INFO: Completed 1 genome in 18.24 seconds (18.24 seconds/genome).
[2022-04-24 16:40:37] TASK: Identifying TIGRFAM protein families.
[2022-04-24 16:40:43] INFO: Completed 1 genome in 6.51 seconds (6.51 seconds/genome).
[2022-04-24 16:40:43] TASK: Identifying Pfam protein families.
[2022-04-24 16:40:44] INFO: Completed 1 genome in 1.13 seconds (1.13 seconds/genome).
[2022-04-24 16:40:44] INFO: Annotations done using HMMER 3.1b2 (February 2015).
[2022-04-24 16:40:44] TASK: Summarising identified marker genes.
[2022-04-24 16:40:44] INFO: Completed 1 genome in 0.04 seconds (25.44 genomes/second).
[2022-04-24 16:40:44] INFO: Done.
[2022-04-24 16:40:45] INFO: Aligning markers in 1 genomes with 20 CPUs.
[2022-04-24 16:40:45] INFO: Processing 1 genomes identified as bacterial.
[2022-04-24 16:40:49] INFO: Read concatenated alignment for 45,555 GTDB genomes.
[2022-04-24 16:40:49] TASK: Generating concatenated alignment for each marker.
[2022-04-24 16:40:50] INFO: Completed 1 genome in 0.03 seconds (32.23 genomes/second).
[2022-04-24 16:40:51] TASK: Aligning 103 identified markers using hmmalign 3.1b2 (February 2015).
[2022-04-24 16:40:52] INFO: Completed 103 markers in 0.17 seconds (609.02 markers/second).
[2022-04-24 16:40:52] TASK: Masking columns of bacterial multiple sequence alignment using canonical mask.
[2022-04-24 16:41:53] INFO: Completed 45,556 sequences in 1.01 minutes (45,219.87 sequences/minute).
[2022-04-24 16:41:53] INFO: Masked bacterial alignment from 41,084 to 5,037 AAs.
[2022-04-24 16:41:53] INFO: 0 bacterial user genomes have amino acids in <10.0% of columns in filtered MSA.
[2022-04-24 16:41:53] INFO: Creating concatenated alignment for 45,556 bacterial GTDB and user genomes.
[2022-04-24 16:41:55] INFO: Creating concatenated alignment for 1 bacterial user genomes.
[2022-04-24 16:41:55] INFO: Done.
[2022-04-24 16:41:55] TASK: Placing 1 bacterial genomes into reference tree with pplacer using 20 CPUs (be patient).
[2022-04-24 16:41:55] INFO: pplacer version: v1.1.alpha19-0-g807f6f3
[2022-04-24 17:07:57] INFO: Calculating RED values based on reference tree.
[2022-04-24 17:08:05] TASK: Traversing tree to determine classification method.
[2022-04-24 17:08:05] INFO: Completed 1 genome in 0.00 seconds (886.93 genomes/second).
[2022-04-24 17:08:05] TASK: Calculating average nucleotide identity using FastANI (v1.33).
[2022-04-24 17:08:06] INFO: Completed 2 comparisons in 0.95 seconds (2.10 comparisons/second).
[2022-04-24 17:08:06] INFO: 0 genome(s) have been classified using FastANI and pplacer.
[2022-04-24 17:08:06] INFO: Done.
