[2022-04-23 03:51:49] INFO: GTDB-Tk v1.5.0
[2022-04-23 03:51:49] INFO: gtdbtk classify_wf --genome_dir /home1/christina/Elos_meta/Curtain3/MAGs/bac/with_16S/rest/MAG_76/Protologger --out_dir /home1/christina/Elos_meta/Curtain3/MAGs/bac/with_16S/rest/MAG_76/Protologger/GTDB-TK-Results --cpus 20
[2022-04-23 03:51:49] INFO: Using GTDB-Tk reference data version r202: /mnt/big/miniconda3/envs/protologger/share/gtdbtk-1.5.0/db/
[2022-04-23 03:51:49] INFO: Identifying markers in 1 genomes with 20 threads.
[2022-04-23 03:51:49] TASK: Running Prodigal V2.6.3 to identify genes.
[2022-04-23 03:51:56] INFO: Completed 1 genome in 6.82 seconds (6.82 seconds/genome).
[2022-04-23 03:51:56] TASK: Identifying TIGRFAM protein families.
[2022-04-23 03:52:02] INFO: Completed 1 genome in 5.80 seconds (5.80 seconds/genome).
[2022-04-23 03:52:02] TASK: Identifying Pfam protein families.
[2022-04-23 03:52:03] INFO: Completed 1 genome in 0.87 seconds (1.15 genomes/second).
[2022-04-23 03:52:03] INFO: Annotations done using HMMER 3.1b2 (February 2015).
[2022-04-23 03:52:03] TASK: Summarising identified marker genes.
[2022-04-23 03:52:03] INFO: Completed 1 genome in 0.02 seconds (47.61 genomes/second).
[2022-04-23 03:52:03] INFO: Done.
[2022-04-23 03:52:03] INFO: Aligning markers in 1 genomes with 20 CPUs.
[2022-04-23 03:52:03] INFO: Processing 1 genomes identified as bacterial.
[2022-04-23 03:52:08] INFO: Read concatenated alignment for 45,555 GTDB genomes.
[2022-04-23 03:52:08] TASK: Generating concatenated alignment for each marker.
[2022-04-23 03:52:08] INFO: Completed 1 genome in 0.01 seconds (85.82 genomes/second).
[2022-04-23 03:52:09] TASK: Aligning 117 identified markers using hmmalign 3.1b2 (February 2015).
[2022-04-23 03:52:09] INFO: Completed 117 markers in 0.19 seconds (616.86 markers/second).
[2022-04-23 03:52:10] TASK: Masking columns of bacterial multiple sequence alignment using canonical mask.
[2022-04-23 03:53:10] INFO: Completed 45,556 sequences in 1.01 minutes (45,182.68 sequences/minute).
[2022-04-23 03:53:10] INFO: Masked bacterial alignment from 41,084 to 5,037 AAs.
[2022-04-23 03:53:10] INFO: 0 bacterial user genomes have amino acids in <10.0% of columns in filtered MSA.
[2022-04-23 03:53:10] INFO: Creating concatenated alignment for 45,556 bacterial GTDB and user genomes.
[2022-04-23 03:53:12] INFO: Creating concatenated alignment for 1 bacterial user genomes.
[2022-04-23 03:53:12] INFO: Done.
[2022-04-23 03:53:13] TASK: Placing 1 bacterial genomes into reference tree with pplacer using 20 CPUs (be patient).
[2022-04-23 03:53:13] INFO: pplacer version: v1.1.alpha19-0-g807f6f3
[2022-04-23 04:25:14] INFO: Calculating RED values based on reference tree.
[2022-04-23 04:25:22] TASK: Traversing tree to determine classification method.
[2022-04-23 04:25:22] INFO: Completed 1 genome in 0.00 seconds (545.07 genomes/second).
[2022-04-23 04:25:22] TASK: Calculating average nucleotide identity using FastANI (v1.33).
[2022-04-23 04:25:23] INFO: Completed 2 comparisons in 0.32 seconds (6.16 comparisons/second).
[2022-04-23 04:25:23] INFO: 0 genome(s) have been classified using FastANI and pplacer.
[2022-04-23 04:25:23] INFO: Done.
