[2022-04-22 07:48:23] INFO: GTDB-Tk v1.5.0
[2022-04-22 07:48:23] INFO: gtdbtk classify_wf --genome_dir /home1/christina/Elos_meta/Curtain3/MAGs/bac/with_16S/100/MAG_125/Protologger --out_dir /home1/christina/Elos_meta/Curtain3/MAGs/bac/with_16S/100/MAG_125/Protologger/GTDB-TK-Results --cpus 20
[2022-04-22 07:48:23] INFO: Using GTDB-Tk reference data version r202: /mnt/big/miniconda3/envs/protologger/share/gtdbtk-1.5.0/db/
[2022-04-22 07:48:23] INFO: Identifying markers in 1 genomes with 20 threads.
[2022-04-22 07:48:23] TASK: Running Prodigal V2.6.3 to identify genes.
[2022-04-22 07:48:38] INFO: Completed 1 genome in 15.14 seconds (15.14 seconds/genome).
[2022-04-22 07:48:38] TASK: Identifying TIGRFAM protein families.
[2022-04-22 07:48:44] INFO: Completed 1 genome in 5.97 seconds (5.97 seconds/genome).
[2022-04-22 07:48:44] TASK: Identifying Pfam protein families.
[2022-04-22 07:48:45] INFO: Completed 1 genome in 1.01 seconds (1.01 seconds/genome).
[2022-04-22 07:48:45] INFO: Annotations done using HMMER 3.1b2 (February 2015).
[2022-04-22 07:48:45] TASK: Summarising identified marker genes.
[2022-04-22 07:48:46] INFO: Completed 1 genome in 0.04 seconds (28.44 genomes/second).
[2022-04-22 07:48:46] INFO: Done.
[2022-04-22 07:48:46] INFO: Aligning markers in 1 genomes with 20 CPUs.
[2022-04-22 07:48:46] INFO: Processing 1 genomes identified as bacterial.
[2022-04-22 07:48:50] INFO: Read concatenated alignment for 45,555 GTDB genomes.
[2022-04-22 07:48:50] TASK: Generating concatenated alignment for each marker.
[2022-04-22 07:48:51] INFO: Completed 1 genome in 0.03 seconds (37.60 genomes/second).
[2022-04-22 07:48:51] TASK: Aligning 107 identified markers using hmmalign 3.1b2 (February 2015).
[2022-04-22 07:48:52] INFO: Completed 107 markers in 0.19 seconds (552.64 markers/second).
[2022-04-22 07:48:52] TASK: Masking columns of bacterial multiple sequence alignment using canonical mask.
[2022-04-22 07:49:53] INFO: Completed 45,556 sequences in 1.01 minutes (45,208.63 sequences/minute).
[2022-04-22 07:49:53] INFO: Masked bacterial alignment from 41,084 to 5,037 AAs.
[2022-04-22 07:49:53] INFO: 0 bacterial user genomes have amino acids in <10.0% of columns in filtered MSA.
[2022-04-22 07:49:53] INFO: Creating concatenated alignment for 45,556 bacterial GTDB and user genomes.
[2022-04-22 07:49:55] INFO: Creating concatenated alignment for 1 bacterial user genomes.
[2022-04-22 07:49:55] INFO: Done.
[2022-04-22 07:49:55] TASK: Placing 1 bacterial genomes into reference tree with pplacer using 20 CPUs (be patient).
[2022-04-22 07:49:55] INFO: pplacer version: v1.1.alpha19-0-g807f6f3
[2022-04-22 08:18:28] INFO: Calculating RED values based on reference tree.
[2022-04-22 08:18:36] TASK: Traversing tree to determine classification method.
[2022-04-22 08:18:36] INFO: Completed 1 genome in 0.00 seconds (677.81 genomes/second).
[2022-04-22 08:18:36] INFO: 0 genome(s) have been classified using FastANI and pplacer.
[2022-04-22 08:18:36] INFO: Done.
