[2022-04-27 03:38:43] INFO: GTDB-Tk v1.5.0
[2022-04-27 03:38:43] INFO: gtdbtk classify_wf --genome_dir /home1/christina/Elos_meta/Curtain3/MAGs/arc/with_16S/MAG_211/Protologger --out_dir /home1/christina/Elos_meta/Curtain3/MAGs/arc/with_16S/MAG_211/Protologger/GTDB-TK-Results --cpus 20
[2022-04-27 03:38:43] INFO: Using GTDB-Tk reference data version r202: /mnt/big/miniconda3/envs/protologger/share/gtdbtk-1.5.0/db/
[2022-04-27 03:38:43] INFO: Identifying markers in 1 genomes with 20 threads.
[2022-04-27 03:38:43] TASK: Running Prodigal V2.6.3 to identify genes.
[2022-04-27 03:38:48] INFO: Completed 1 genome in 4.62 seconds (4.62 seconds/genome).
[2022-04-27 03:38:48] TASK: Identifying TIGRFAM protein families.
[2022-04-27 03:38:53] INFO: Completed 1 genome in 5.60 seconds (5.60 seconds/genome).
[2022-04-27 03:38:53] TASK: Identifying Pfam protein families.
[2022-04-27 03:38:54] INFO: Completed 1 genome in 0.79 seconds (1.26 genomes/second).
[2022-04-27 03:38:54] INFO: Annotations done using HMMER 3.1b2 (February 2015).
[2022-04-27 03:38:54] TASK: Summarising identified marker genes.
[2022-04-27 03:38:54] INFO: Completed 1 genome in 0.01 seconds (76.88 genomes/second).
[2022-04-27 03:38:55] INFO: Done.
[2022-04-27 03:38:55] INFO: Aligning markers in 1 genomes with 20 CPUs.
[2022-04-27 03:38:55] INFO: Processing 1 genomes identified as archaeal.
[2022-04-27 03:38:56] INFO: Read concatenated alignment for 2,339 GTDB genomes.
[2022-04-27 03:38:56] TASK: Generating concatenated alignment for each marker.
[2022-04-27 03:38:56] INFO: Completed 1 genome in 0.63 seconds (1.58 genomes/second).
[2022-04-27 03:38:57] TASK: Aligning 97 identified markers using hmmalign 3.1b2 (February 2015).
[2022-04-27 03:38:58] INFO: Completed 97 markers in 1.03 seconds (94.01 markers/second).
[2022-04-27 03:38:58] TASK: Masking columns of archaeal multiple sequence alignment using canonical mask.
[2022-04-27 03:39:01] INFO: Completed 2,340 sequences in 3.57 seconds (654.91 sequences/second).
[2022-04-27 03:39:01] INFO: Masked archaeal alignment from 32,754 to 5,124 AAs.
[2022-04-27 03:39:01] INFO: 0 archaeal user genomes have amino acids in <10.0% of columns in filtered MSA.
[2022-04-27 03:39:01] INFO: Creating concatenated alignment for 2,340 archaeal GTDB and user genomes.
[2022-04-27 03:39:02] INFO: Creating concatenated alignment for 1 archaeal user genomes.
[2022-04-27 03:39:02] INFO: Done.
[2022-04-27 03:39:02] TASK: Placing 1 archaeal genomes into reference tree with pplacer using 20 CPUs (be patient).
[2022-04-27 03:39:03] INFO: pplacer version: v1.1.alpha19-0-g807f6f3
[2022-04-27 03:40:16] INFO: Calculating RED values based on reference tree.
[2022-04-27 03:40:16] TASK: Traversing tree to determine classification method.
[2022-04-27 03:40:16] INFO: Completed 1 genome in 0.02 seconds (43.33 genomes/second).
[2022-04-27 03:40:16] INFO: 0 genome(s) have been classified using FastANI and pplacer.
[2022-04-27 03:40:16] INFO: Done.
