[2022-04-22 07:13:39] INFO: GTDB-Tk v1.5.0
[2022-04-22 07:13:39] INFO: gtdbtk classify_wf --genome_dir /home1/christina/Elos_meta/Curtain3/MAGs/bac/with_16S/rest/MAG_47/Protologger --out_dir /home1/christina/Elos_meta/Curtain3/MAGs/bac/with_16S/rest/MAG_47/Protologger/GTDB-TK-Results --cpus 20
[2022-04-22 07:13:39] INFO: Using GTDB-Tk reference data version r202: /mnt/big/miniconda3/envs/protologger/share/gtdbtk-1.5.0/db/
[2022-04-22 07:13:39] INFO: Identifying markers in 1 genomes with 20 threads.
[2022-04-22 07:13:39] TASK: Running Prodigal V2.6.3 to identify genes.
[2022-04-22 07:13:45] INFO: Completed 1 genome in 6.08 seconds (6.08 seconds/genome).
[2022-04-22 07:13:45] TASK: Identifying TIGRFAM protein families.
[2022-04-22 07:13:50] INFO: Completed 1 genome in 5.34 seconds (5.34 seconds/genome).
[2022-04-22 07:13:50] TASK: Identifying Pfam protein families.
[2022-04-22 07:13:51] INFO: Completed 1 genome in 0.71 seconds (1.41 genomes/second).
[2022-04-22 07:13:51] INFO: Annotations done using HMMER 3.1b2 (February 2015).
[2022-04-22 07:13:51] TASK: Summarising identified marker genes.
[2022-04-22 07:13:51] INFO: Completed 1 genome in 0.02 seconds (50.63 genomes/second).
[2022-04-22 07:13:51] INFO: Done.
[2022-04-22 07:13:51] INFO: Aligning markers in 1 genomes with 20 CPUs.
[2022-04-22 07:13:51] INFO: Processing 1 genomes identified as bacterial.
[2022-04-22 07:13:56] INFO: Read concatenated alignment for 45,555 GTDB genomes.
[2022-04-22 07:13:56] TASK: Generating concatenated alignment for each marker.
[2022-04-22 07:13:57] INFO: Completed 1 genome in 0.01 seconds (145.92 genomes/second).
[2022-04-22 07:13:57] TASK: Aligning 115 identified markers using hmmalign 3.1b2 (February 2015).
[2022-04-22 07:13:58] INFO: Completed 115 markers in 0.20 seconds (575.90 markers/second).
[2022-04-22 07:13:58] TASK: Masking columns of bacterial multiple sequence alignment using canonical mask.
[2022-04-22 07:14:58] INFO: Completed 45,556 sequences in 1.01 minutes (45,276.79 sequences/minute).
[2022-04-22 07:14:58] INFO: Masked bacterial alignment from 41,084 to 5,037 AAs.
[2022-04-22 07:14:58] INFO: 0 bacterial user genomes have amino acids in <10.0% of columns in filtered MSA.
[2022-04-22 07:14:58] INFO: Creating concatenated alignment for 45,556 bacterial GTDB and user genomes.
[2022-04-22 07:15:00] INFO: Creating concatenated alignment for 1 bacterial user genomes.
[2022-04-22 07:15:00] INFO: Done.
[2022-04-22 07:15:00] TASK: Placing 1 bacterial genomes into reference tree with pplacer using 20 CPUs (be patient).
[2022-04-22 07:15:01] INFO: pplacer version: v1.1.alpha19-0-g807f6f3
[2022-04-22 07:46:21] INFO: Calculating RED values based on reference tree.
[2022-04-22 07:46:30] TASK: Traversing tree to determine classification method.
[2022-04-22 07:46:30] INFO: Completed 1 genome in 0.00 seconds (550.58 genomes/second).
[2022-04-22 07:46:30] TASK: Calculating average nucleotide identity using FastANI (v1.33).
[2022-04-22 07:46:30] INFO: Completed 2 comparisons in 0.54 seconds (3.73 comparisons/second).
[2022-04-22 07:46:31] INFO: 0 genome(s) have been classified using FastANI and pplacer.
[2022-04-22 07:46:31] INFO: Done.
