[2022-04-22 07:42:51] INFO: GTDB-Tk v1.5.0
[2022-04-22 07:42:51] INFO: gtdbtk classify_wf --genome_dir /home1/christina/Elos_meta/Curtain3/MAGs/bac/with_16S/200/MAG_222/Protologger --out_dir /home1/christina/Elos_meta/Curtain3/MAGs/bac/with_16S/200/MAG_222/Protologger/GTDB-TK-Results --cpus 20
[2022-04-22 07:42:51] INFO: Using GTDB-Tk reference data version r202: /mnt/big/miniconda3/envs/protologger/share/gtdbtk-1.5.0/db/
[2022-04-22 07:42:51] INFO: Identifying markers in 1 genomes with 20 threads.
[2022-04-22 07:42:51] TASK: Running Prodigal V2.6.3 to identify genes.
[2022-04-22 07:43:13] INFO: Completed 1 genome in 22.07 seconds (22.07 seconds/genome).
[2022-04-22 07:43:13] TASK: Identifying TIGRFAM protein families.
[2022-04-22 07:43:20] INFO: Completed 1 genome in 6.38 seconds (6.38 seconds/genome).
[2022-04-22 07:43:20] TASK: Identifying Pfam protein families.
[2022-04-22 07:43:21] INFO: Completed 1 genome in 1.03 seconds (1.03 seconds/genome).
[2022-04-22 07:43:21] INFO: Annotations done using HMMER 3.1b2 (February 2015).
[2022-04-22 07:43:21] TASK: Summarising identified marker genes.
[2022-04-22 07:43:21] INFO: Completed 1 genome in 0.04 seconds (23.75 genomes/second).
[2022-04-22 07:43:21] INFO: Done.
[2022-04-22 07:43:21] INFO: Aligning markers in 1 genomes with 20 CPUs.
[2022-04-22 07:43:21] INFO: Processing 1 genomes identified as bacterial.
[2022-04-22 07:43:26] INFO: Read concatenated alignment for 45,555 GTDB genomes.
[2022-04-22 07:43:26] TASK: Generating concatenated alignment for each marker.
[2022-04-22 07:43:27] INFO: Completed 1 genome in 0.03 seconds (36.65 genomes/second).
[2022-04-22 07:43:28] TASK: Aligning 107 identified markers using hmmalign 3.1b2 (February 2015).
[2022-04-22 07:43:29] INFO: Completed 107 markers in 0.15 seconds (737.35 markers/second).
[2022-04-22 07:43:29] TASK: Masking columns of bacterial multiple sequence alignment using canonical mask.
[2022-04-22 07:44:30] INFO: Completed 45,556 sequences in 1.01 minutes (45,154.64 sequences/minute).
[2022-04-22 07:44:30] INFO: Masked bacterial alignment from 41,084 to 5,037 AAs.
[2022-04-22 07:44:30] INFO: 0 bacterial user genomes have amino acids in <10.0% of columns in filtered MSA.
[2022-04-22 07:44:30] INFO: Creating concatenated alignment for 45,556 bacterial GTDB and user genomes.
[2022-04-22 07:44:32] INFO: Creating concatenated alignment for 1 bacterial user genomes.
[2022-04-22 07:44:32] INFO: Done.
[2022-04-22 07:44:33] TASK: Placing 1 bacterial genomes into reference tree with pplacer using 20 CPUs (be patient).
[2022-04-22 07:44:33] INFO: pplacer version: v1.1.alpha19-0-g807f6f3
[2022-04-22 08:13:22] INFO: Calculating RED values based on reference tree.
[2022-04-22 08:13:30] TASK: Traversing tree to determine classification method.
[2022-04-22 08:13:30] INFO: Completed 1 genome in 0.00 seconds (484.11 genomes/second).
[2022-04-22 08:13:30] TASK: Calculating average nucleotide identity using FastANI (v1.33).
[2022-04-22 08:13:31] INFO: Completed 2 comparisons in 0.79 seconds (2.53 comparisons/second).
[2022-04-22 08:13:31] INFO: 0 genome(s) have been classified using FastANI and pplacer.
[2022-04-22 08:13:31] INFO: Done.
