[2022-04-27 05:46:10] INFO: GTDB-Tk v1.5.0
[2022-04-27 05:46:10] INFO: gtdbtk classify_wf --genome_dir /home1/christina/Elos_meta/Curtain3/MAGs/arc/with_16S/MAG_232/Protologger --out_dir /home1/christina/Elos_meta/Curtain3/MAGs/arc/with_16S/MAG_232/Protologger/GTDB-TK-Results --cpus 20
[2022-04-27 05:46:10] INFO: Using GTDB-Tk reference data version r202: /mnt/big/miniconda3/envs/protologger/share/gtdbtk-1.5.0/db/
[2022-04-27 05:46:10] INFO: Identifying markers in 1 genomes with 20 threads.
[2022-04-27 05:46:10] TASK: Running Prodigal V2.6.3 to identify genes.
[2022-04-27 05:46:17] INFO: Completed 1 genome in 6.65 seconds (6.65 seconds/genome).
[2022-04-27 05:46:17] TASK: Identifying TIGRFAM protein families.
[2022-04-27 05:46:24] INFO: Completed 1 genome in 6.91 seconds (6.91 seconds/genome).
[2022-04-27 05:46:24] TASK: Identifying Pfam protein families.
[2022-04-27 05:46:25] INFO: Completed 1 genome in 1.20 seconds (1.20 seconds/genome).
[2022-04-27 05:46:25] INFO: Annotations done using HMMER 3.1b2 (February 2015).
[2022-04-27 05:46:25] TASK: Summarising identified marker genes.
[2022-04-27 05:46:25] INFO: Completed 1 genome in 0.02 seconds (45.65 genomes/second).
[2022-04-27 05:46:25] INFO: Done.
[2022-04-27 05:46:25] INFO: Aligning markers in 1 genomes with 20 CPUs.
[2022-04-27 05:46:25] INFO: Processing 1 genomes identified as archaeal.
[2022-04-27 05:46:25] INFO: Read concatenated alignment for 2,339 GTDB genomes.
[2022-04-27 05:46:25] TASK: Generating concatenated alignment for each marker.
[2022-04-27 05:46:26] INFO: Completed 1 genome in 0.80 seconds (1.25 genomes/second).
[2022-04-27 05:46:26] TASK: Aligning 118 identified markers using hmmalign 3.1b2 (February 2015).
[2022-04-27 05:46:28] INFO: Completed 118 markers in 1.01 seconds (116.83 markers/second).
[2022-04-27 05:46:28] TASK: Masking columns of archaeal multiple sequence alignment using canonical mask.
[2022-04-27 05:46:31] INFO: Completed 2,340 sequences in 3.36 seconds (696.51 sequences/second).
[2022-04-27 05:46:31] INFO: Masked archaeal alignment from 32,754 to 5,124 AAs.
[2022-04-27 05:46:31] INFO: 0 archaeal user genomes have amino acids in <10.0% of columns in filtered MSA.
[2022-04-27 05:46:31] INFO: Creating concatenated alignment for 2,340 archaeal GTDB and user genomes.
[2022-04-27 05:46:31] INFO: Creating concatenated alignment for 1 archaeal user genomes.
[2022-04-27 05:46:31] INFO: Done.
[2022-04-27 05:46:32] TASK: Placing 1 archaeal genomes into reference tree with pplacer using 20 CPUs (be patient).
[2022-04-27 05:46:32] INFO: pplacer version: v1.1.alpha19-0-g807f6f3
[2022-04-27 05:47:59] INFO: Calculating RED values based on reference tree.
[2022-04-27 05:47:59] TASK: Traversing tree to determine classification method.
[2022-04-27 05:47:59] INFO: Completed 1 genome in 0.00 seconds (10,618.49 genomes/second).
[2022-04-27 05:47:59] TASK: Calculating average nucleotide identity using FastANI (v1.33).
[2022-04-27 05:48:00] INFO: Completed 2 comparisons in 0.45 seconds (4.42 comparisons/second).
[2022-04-27 05:48:00] INFO: 0 genome(s) have been classified using FastANI and pplacer.
[2022-04-27 05:48:00] INFO: Done.
