[2022-04-24 00:32:48] INFO: GTDB-Tk v1.5.0
[2022-04-24 00:32:48] INFO: gtdbtk classify_wf --genome_dir /home1/christina/Elos_meta/Curtain3/MAGs/bac/with_16S/100/MAG_172/Protologger --out_dir /home1/christina/Elos_meta/Curtain3/MAGs/bac/with_16S/100/MAG_172/Protologger/GTDB-TK-Results --cpus 20
[2022-04-24 00:32:48] INFO: Using GTDB-Tk reference data version r202: /mnt/big/miniconda3/envs/protologger/share/gtdbtk-1.5.0/db/
[2022-04-24 00:32:48] INFO: Identifying markers in 1 genomes with 20 threads.
[2022-04-24 00:32:48] TASK: Running Prodigal V2.6.3 to identify genes.
[2022-04-24 00:33:05] INFO: Completed 1 genome in 16.61 seconds (16.61 seconds/genome).
[2022-04-24 00:33:05] TASK: Identifying TIGRFAM protein families.
[2022-04-24 00:33:11] INFO: Completed 1 genome in 6.43 seconds (6.43 seconds/genome).
[2022-04-24 00:33:11] TASK: Identifying Pfam protein families.
[2022-04-24 00:33:13] INFO: Completed 1 genome in 1.01 seconds (1.01 seconds/genome).
[2022-04-24 00:33:13] INFO: Annotations done using HMMER 3.1b2 (February 2015).
[2022-04-24 00:33:13] TASK: Summarising identified marker genes.
[2022-04-24 00:33:13] INFO: Completed 1 genome in 0.04 seconds (25.62 genomes/second).
[2022-04-24 00:33:13] INFO: Done.
[2022-04-24 00:33:13] INFO: Aligning markers in 1 genomes with 20 CPUs.
[2022-04-24 00:33:13] INFO: Processing 1 genomes identified as bacterial.
[2022-04-24 00:33:17] INFO: Read concatenated alignment for 45,555 GTDB genomes.
[2022-04-24 00:33:17] TASK: Generating concatenated alignment for each marker.
[2022-04-24 00:33:18] INFO: Completed 1 genome in 0.03 seconds (33.92 genomes/second).
[2022-04-24 00:33:18] TASK: Aligning 111 identified markers using hmmalign 3.1b2 (February 2015).
[2022-04-24 00:33:19] INFO: Completed 111 markers in 0.20 seconds (567.46 markers/second).
[2022-04-24 00:33:19] TASK: Masking columns of bacterial multiple sequence alignment using canonical mask.
[2022-04-24 00:34:20] INFO: Completed 45,556 sequences in 1.01 minutes (45,168.48 sequences/minute).
[2022-04-24 00:34:20] INFO: Masked bacterial alignment from 41,084 to 5,037 AAs.
[2022-04-24 00:34:20] INFO: 0 bacterial user genomes have amino acids in <10.0% of columns in filtered MSA.
[2022-04-24 00:34:20] INFO: Creating concatenated alignment for 45,556 bacterial GTDB and user genomes.
[2022-04-24 00:34:22] INFO: Creating concatenated alignment for 1 bacterial user genomes.
[2022-04-24 00:34:22] INFO: Done.
[2022-04-24 00:34:22] TASK: Placing 1 bacterial genomes into reference tree with pplacer using 20 CPUs (be patient).
[2022-04-24 00:34:22] INFO: pplacer version: v1.1.alpha19-0-g807f6f3
[2022-04-24 01:04:04] INFO: Calculating RED values based on reference tree.
[2022-04-24 01:04:12] TASK: Traversing tree to determine classification method.
[2022-04-24 01:04:12] INFO: Completed 1 genome in 0.00 seconds (595.78 genomes/second).
[2022-04-24 01:04:12] INFO: 0 genome(s) have been classified using FastANI and pplacer.
[2022-04-24 01:04:12] INFO: Done.
