[2022-04-22 02:15:17] INFO: GTDB-Tk v1.5.0
[2022-04-22 02:15:17] INFO: gtdbtk classify_wf --genome_dir /home1/christina/Elos_meta/Curtain3/MAGs/bac/with_16S/100/MAG_120/Protologger --out_dir /home1/christina/Elos_meta/Curtain3/MAGs/bac/with_16S/100/MAG_120/Protologger/GTDB-TK-Results --cpus 20
[2022-04-22 02:15:17] INFO: Using GTDB-Tk reference data version r202: /mnt/big/miniconda3/envs/protologger/share/gtdbtk-1.5.0/db/
[2022-04-22 02:15:17] INFO: Identifying markers in 1 genomes with 20 threads.
[2022-04-22 02:15:17] TASK: Running Prodigal V2.6.3 to identify genes.
[2022-04-22 02:15:34] INFO: Completed 1 genome in 17.31 seconds (17.31 seconds/genome).
[2022-04-22 02:15:34] TASK: Identifying TIGRFAM protein families.
[2022-04-22 02:15:39] INFO: Completed 1 genome in 5.05 seconds (5.05 seconds/genome).
[2022-04-22 02:15:39] TASK: Identifying Pfam protein families.
[2022-04-22 02:15:40] INFO: Completed 1 genome in 0.79 seconds (1.27 genomes/second).
[2022-04-22 02:15:40] INFO: Annotations done using HMMER 3.1b2 (February 2015).
[2022-04-22 02:15:40] TASK: Summarising identified marker genes.
[2022-04-22 02:15:40] INFO: Completed 1 genome in 0.03 seconds (38.76 genomes/second).
[2022-04-22 02:15:40] INFO: Done.
[2022-04-22 02:15:40] INFO: Aligning markers in 1 genomes with 20 CPUs.
[2022-04-22 02:15:40] INFO: Processing 1 genomes identified as bacterial.
[2022-04-22 02:15:45] INFO: Read concatenated alignment for 45,555 GTDB genomes.
[2022-04-22 02:15:45] TASK: Generating concatenated alignment for each marker.
[2022-04-22 02:15:45] INFO: Completed 1 genome in 0.01 seconds (79.30 genomes/second).
[2022-04-22 02:15:46] TASK: Aligning 91 identified markers using hmmalign 3.1b2 (February 2015).
[2022-04-22 02:15:47] INFO: Completed 91 markers in 0.14 seconds (651.26 markers/second).
[2022-04-22 02:15:47] TASK: Masking columns of bacterial multiple sequence alignment using canonical mask.
[2022-04-22 02:16:47] INFO: Completed 45,556 sequences in 1.01 minutes (45,130.11 sequences/minute).
[2022-04-22 02:16:47] INFO: Masked bacterial alignment from 41,084 to 5,037 AAs.
[2022-04-22 02:16:47] INFO: 0 bacterial user genomes have amino acids in <10.0% of columns in filtered MSA.
[2022-04-22 02:16:47] INFO: Creating concatenated alignment for 45,556 bacterial GTDB and user genomes.
[2022-04-22 02:16:49] INFO: Creating concatenated alignment for 1 bacterial user genomes.
[2022-04-22 02:16:49] INFO: Done.
[2022-04-22 02:16:50] TASK: Placing 1 bacterial genomes into reference tree with pplacer using 20 CPUs (be patient).
[2022-04-22 02:16:50] INFO: pplacer version: v1.1.alpha19-0-g807f6f3
[2022-04-22 02:39:53] INFO: Calculating RED values based on reference tree.
[2022-04-22 02:40:01] TASK: Traversing tree to determine classification method.
[2022-04-22 02:40:01] INFO: Completed 1 genome in 0.00 seconds (664.39 genomes/second).
[2022-04-22 02:40:01] TASK: Calculating average nucleotide identity using FastANI (v1.33).
[2022-04-22 02:40:02] INFO: Completed 2 comparisons in 0.66 seconds (3.05 comparisons/second).
[2022-04-22 02:40:02] INFO: 0 genome(s) have been classified using FastANI and pplacer.
[2022-04-22 02:40:02] INFO: Done.
