[2022-04-21 16:46:58] INFO: GTDB-Tk v1.5.0
[2022-04-21 16:46:58] INFO: gtdbtk classify_wf --genome_dir /home1/christina/Elos_meta/Curtain3/MAGs/bac/with_16S/100/MAG_107/Protologger --out_dir /home1/christina/Elos_meta/Curtain3/MAGs/bac/with_16S/100/MAG_107/Protologger/GTDB-TK-Results --cpus 20
[2022-04-21 16:46:58] INFO: Using GTDB-Tk reference data version r202: /mnt/big/miniconda3/envs/protologger/share/gtdbtk-1.5.0/db/
[2022-04-21 16:46:58] INFO: Identifying markers in 1 genomes with 20 threads.
[2022-04-21 16:46:58] TASK: Running Prodigal V2.6.3 to identify genes.
[2022-04-21 16:47:11] INFO: Completed 1 genome in 12.77 seconds (12.77 seconds/genome).
[2022-04-21 16:47:11] TASK: Identifying TIGRFAM protein families.
[2022-04-21 16:47:17] INFO: Completed 1 genome in 5.91 seconds (5.91 seconds/genome).
[2022-04-21 16:47:17] TASK: Identifying Pfam protein families.
[2022-04-21 16:47:18] INFO: Completed 1 genome in 0.85 seconds (1.18 genomes/second).
[2022-04-21 16:47:18] INFO: Annotations done using HMMER 3.1b2 (February 2015).
[2022-04-21 16:47:18] TASK: Summarising identified marker genes.
[2022-04-21 16:47:18] INFO: Completed 1 genome in 0.03 seconds (39.38 genomes/second).
[2022-04-21 16:47:18] INFO: Done.
[2022-04-21 16:47:18] INFO: Aligning markers in 1 genomes with 20 CPUs.
[2022-04-21 16:47:18] INFO: Processing 1 genomes identified as bacterial.
[2022-04-21 16:47:23] INFO: Read concatenated alignment for 45,555 GTDB genomes.
[2022-04-21 16:47:23] TASK: Generating concatenated alignment for each marker.
[2022-04-21 16:47:23] INFO: Completed 1 genome in 0.02 seconds (61.14 genomes/second).
[2022-04-21 16:47:24] TASK: Aligning 119 identified markers using hmmalign 3.1b2 (February 2015).
[2022-04-21 16:47:25] INFO: Completed 119 markers in 0.18 seconds (643.27 markers/second).
[2022-04-21 16:47:25] TASK: Masking columns of bacterial multiple sequence alignment using canonical mask.
[2022-04-21 16:48:26] INFO: Completed 45,556 sequences in 1.02 minutes (44,722.03 sequences/minute).
[2022-04-21 16:48:26] INFO: Masked bacterial alignment from 41,084 to 5,037 AAs.
[2022-04-21 16:48:26] INFO: 0 bacterial user genomes have amino acids in <10.0% of columns in filtered MSA.
[2022-04-21 16:48:26] INFO: Creating concatenated alignment for 45,556 bacterial GTDB and user genomes.
[2022-04-21 16:48:28] INFO: Creating concatenated alignment for 1 bacterial user genomes.
[2022-04-21 16:48:28] INFO: Done.
[2022-04-21 16:48:29] TASK: Placing 1 bacterial genomes into reference tree with pplacer using 20 CPUs (be patient).
[2022-04-21 16:48:29] INFO: pplacer version: v1.1.alpha19-0-g807f6f3
[2022-04-21 17:21:36] INFO: Calculating RED values based on reference tree.
[2022-04-21 17:21:44] TASK: Traversing tree to determine classification method.
[2022-04-21 17:21:44] INFO: Completed 1 genome in 0.00 seconds (512.81 genomes/second).
[2022-04-21 17:21:44] TASK: Calculating average nucleotide identity using FastANI (v1.33).
[2022-04-21 17:21:45] INFO: Completed 10 comparisons in 1.01 seconds (9.91 comparisons/second).
[2022-04-21 17:21:45] INFO: 0 genome(s) have been classified using FastANI and pplacer.
[2022-04-21 17:21:46] INFO: Done.
