[2022-04-26 02:31:32] INFO: GTDB-Tk v1.5.0
[2022-04-26 02:31:32] INFO: gtdbtk classify_wf --genome_dir /home1/christina/Elos_meta/Curtain3/MAGs/arc/with_16S/MAG_175/Protologger --out_dir /home1/christina/Elos_meta/Curtain3/MAGs/arc/with_16S/MAG_175/Protologger/GTDB-TK-Results --cpus 20
[2022-04-26 02:31:32] INFO: Using GTDB-Tk reference data version r202: /mnt/big/miniconda3/envs/protologger/share/gtdbtk-1.5.0/db/
[2022-04-26 02:31:32] INFO: Identifying markers in 1 genomes with 20 threads.
[2022-04-26 02:31:32] TASK: Running Prodigal V2.6.3 to identify genes.
[2022-04-26 02:31:35] INFO: Completed 1 genome in 2.99 seconds (2.99 seconds/genome).
[2022-04-26 02:31:35] TASK: Identifying TIGRFAM protein families.
[2022-04-26 02:31:40] INFO: Completed 1 genome in 5.43 seconds (5.43 seconds/genome).
[2022-04-26 02:31:40] TASK: Identifying Pfam protein families.
[2022-04-26 02:31:41] INFO: Completed 1 genome in 0.92 seconds (1.09 genomes/second).
[2022-04-26 02:31:41] INFO: Annotations done using HMMER 3.1b2 (February 2015).
[2022-04-26 02:31:41] TASK: Summarising identified marker genes.
[2022-04-26 02:31:41] INFO: Completed 1 genome in 0.02 seconds (50.23 genomes/second).
[2022-04-26 02:31:41] INFO: Done.
[2022-04-26 02:31:41] INFO: Aligning markers in 1 genomes with 20 CPUs.
[2022-04-26 02:31:41] INFO: Processing 1 genomes identified as archaeal.
[2022-04-26 02:31:42] INFO: Read concatenated alignment for 2,339 GTDB genomes.
[2022-04-26 02:31:42] TASK: Generating concatenated alignment for each marker.
[2022-04-26 02:31:42] INFO: Completed 1 genome in 0.23 seconds (4.28 genomes/second).
[2022-04-26 02:31:42] TASK: Aligning 95 identified markers using hmmalign 3.1b2 (February 2015).
[2022-04-26 02:31:43] INFO: Completed 95 markers in 0.41 seconds (232.14 markers/second).
[2022-04-26 02:31:43] TASK: Masking columns of archaeal multiple sequence alignment using canonical mask.
[2022-04-26 02:31:45] INFO: Completed 2,340 sequences in 2.58 seconds (906.79 sequences/second).
[2022-04-26 02:31:45] INFO: Masked archaeal alignment from 32,754 to 5,124 AAs.
[2022-04-26 02:31:45] INFO: 0 archaeal user genomes have amino acids in <10.0% of columns in filtered MSA.
[2022-04-26 02:31:45] INFO: Creating concatenated alignment for 2,340 archaeal GTDB and user genomes.
[2022-04-26 02:31:45] INFO: Creating concatenated alignment for 1 archaeal user genomes.
[2022-04-26 02:31:45] INFO: Done.
[2022-04-26 02:31:46] TASK: Placing 1 archaeal genomes into reference tree with pplacer using 20 CPUs (be patient).
[2022-04-26 02:31:46] INFO: pplacer version: v1.1.alpha19-0-g807f6f3
[2022-04-26 02:32:39] INFO: Calculating RED values based on reference tree.
[2022-04-26 02:32:39] TASK: Traversing tree to determine classification method.
[2022-04-26 02:32:39] INFO: Completed 1 genome in 0.00 seconds (9,597.95 genomes/second).
[2022-04-26 02:32:39] INFO: 0 genome(s) have been classified using FastANI and pplacer.
[2022-04-26 02:32:39] INFO: Done.
