[2022-04-21 19:39:24] INFO: GTDB-Tk v1.5.0
[2022-04-21 19:39:24] INFO: gtdbtk classify_wf --genome_dir /home1/christina/Elos_meta/Curtain3/MAGs/bac/with_16S/rest/MAG_38/Protologger --out_dir /home1/christina/Elos_meta/Curtain3/MAGs/bac/with_16S/rest/MAG_38/Protologger/GTDB-TK-Results --cpus 20
[2022-04-21 19:39:24] INFO: Using GTDB-Tk reference data version r202: /mnt/big/miniconda3/envs/protologger/share/gtdbtk-1.5.0/db/
[2022-04-21 19:39:24] INFO: Identifying markers in 1 genomes with 20 threads.
[2022-04-21 19:39:24] TASK: Running Prodigal V2.6.3 to identify genes.
[2022-04-21 19:39:33] INFO: Completed 1 genome in 9.21 seconds (9.21 seconds/genome).
[2022-04-21 19:39:33] TASK: Identifying TIGRFAM protein families.
[2022-04-21 19:39:39] INFO: Completed 1 genome in 5.86 seconds (5.86 seconds/genome).
[2022-04-21 19:39:39] TASK: Identifying Pfam protein families.
[2022-04-21 19:39:40] INFO: Completed 1 genome in 0.78 seconds (1.28 genomes/second).
[2022-04-21 19:39:40] INFO: Annotations done using HMMER 3.1b2 (February 2015).
[2022-04-21 19:39:40] TASK: Summarising identified marker genes.
[2022-04-21 19:39:40] INFO: Completed 1 genome in 0.03 seconds (33.18 genomes/second).
[2022-04-21 19:39:40] INFO: Done.
[2022-04-21 19:39:40] INFO: Aligning markers in 1 genomes with 20 CPUs.
[2022-04-21 19:39:40] INFO: Processing 1 genomes identified as bacterial.
[2022-04-21 19:39:45] INFO: Read concatenated alignment for 45,555 GTDB genomes.
[2022-04-21 19:39:45] TASK: Generating concatenated alignment for each marker.
[2022-04-21 19:39:45] INFO: Completed 1 genome in 0.02 seconds (64.40 genomes/second).
[2022-04-21 19:39:45] TASK: Aligning 106 identified markers using hmmalign 3.1b2 (February 2015).
[2022-04-21 19:39:46] INFO: Completed 106 markers in 0.19 seconds (570.19 markers/second).
[2022-04-21 19:39:46] TASK: Masking columns of bacterial multiple sequence alignment using canonical mask.
[2022-04-21 19:40:47] INFO: Completed 45,556 sequences in 1.02 minutes (44,796.86 sequences/minute).
[2022-04-21 19:40:48] INFO: Masked bacterial alignment from 41,084 to 5,037 AAs.
[2022-04-21 19:40:48] INFO: 0 bacterial user genomes have amino acids in <10.0% of columns in filtered MSA.
[2022-04-21 19:40:48] INFO: Creating concatenated alignment for 45,556 bacterial GTDB and user genomes.
[2022-04-21 19:40:50] INFO: Creating concatenated alignment for 1 bacterial user genomes.
[2022-04-21 19:40:50] INFO: Done.
[2022-04-21 19:40:50] TASK: Placing 1 bacterial genomes into reference tree with pplacer using 20 CPUs (be patient).
[2022-04-21 19:40:50] INFO: pplacer version: v1.1.alpha19-0-g807f6f3
[2022-04-21 20:08:43] INFO: Calculating RED values based on reference tree.
[2022-04-21 20:08:51] TASK: Traversing tree to determine classification method.
[2022-04-21 20:08:52] INFO: Completed 1 genome in 0.00 seconds (402.76 genomes/second).
[2022-04-21 20:08:52] INFO: 0 genome(s) have been classified using FastANI and pplacer.
[2022-04-21 20:08:52] INFO: Done.
