[2022-04-23 06:35:04] INFO: GTDB-Tk v1.5.0
[2022-04-23 06:35:04] INFO: gtdbtk classify_wf --genome_dir /home1/christina/Elos_meta/Curtain3/MAGs/bac/with_16S/rest/MAG_77/Protologger --out_dir /home1/christina/Elos_meta/Curtain3/MAGs/bac/with_16S/rest/MAG_77/Protologger/GTDB-TK-Results --cpus 20
[2022-04-23 06:35:04] INFO: Using GTDB-Tk reference data version r202: /mnt/big/miniconda3/envs/protologger/share/gtdbtk-1.5.0/db/
[2022-04-23 06:35:04] INFO: Identifying markers in 1 genomes with 20 threads.
[2022-04-23 06:35:04] TASK: Running Prodigal V2.6.3 to identify genes.
[2022-04-23 06:35:11] INFO: Completed 1 genome in 6.85 seconds (6.85 seconds/genome).
[2022-04-23 06:35:11] TASK: Identifying TIGRFAM protein families.
[2022-04-23 06:35:16] INFO: Completed 1 genome in 5.26 seconds (5.26 seconds/genome).
[2022-04-23 06:35:16] TASK: Identifying Pfam protein families.
[2022-04-23 06:35:17] INFO: Completed 1 genome in 0.81 seconds (1.23 genomes/second).
[2022-04-23 06:35:17] INFO: Annotations done using HMMER 3.1b2 (February 2015).
[2022-04-23 06:35:17] TASK: Summarising identified marker genes.
[2022-04-23 06:35:17] INFO: Completed 1 genome in 0.02 seconds (49.44 genomes/second).
[2022-04-23 06:35:17] INFO: Done.
[2022-04-23 06:35:17] INFO: Aligning markers in 1 genomes with 20 CPUs.
[2022-04-23 06:35:17] INFO: Processing 1 genomes identified as bacterial.
[2022-04-23 06:35:22] INFO: Read concatenated alignment for 45,555 GTDB genomes.
[2022-04-23 06:35:22] TASK: Generating concatenated alignment for each marker.
[2022-04-23 06:35:23] INFO: Completed 1 genome in 0.02 seconds (57.20 genomes/second).
[2022-04-23 06:35:23] TASK: Aligning 83 identified markers using hmmalign 3.1b2 (February 2015).
[2022-04-23 06:35:24] INFO: Completed 83 markers in 0.14 seconds (572.43 markers/second).
[2022-04-23 06:35:24] TASK: Masking columns of bacterial multiple sequence alignment using canonical mask.
[2022-04-23 06:36:25] INFO: Completed 45,556 sequences in 1.01 minutes (45,244.99 sequences/minute).
[2022-04-23 06:36:25] INFO: Masked bacterial alignment from 41,084 to 5,037 AAs.
[2022-04-23 06:36:25] INFO: 0 bacterial user genomes have amino acids in <10.0% of columns in filtered MSA.
[2022-04-23 06:36:25] INFO: Creating concatenated alignment for 45,556 bacterial GTDB and user genomes.
[2022-04-23 06:36:27] INFO: Creating concatenated alignment for 1 bacterial user genomes.
[2022-04-23 06:36:27] INFO: Done.
[2022-04-23 06:36:27] TASK: Placing 1 bacterial genomes into reference tree with pplacer using 20 CPUs (be patient).
[2022-04-23 06:36:27] INFO: pplacer version: v1.1.alpha19-0-g807f6f3
[2022-04-23 06:56:22] INFO: Calculating RED values based on reference tree.
[2022-04-23 06:56:30] TASK: Traversing tree to determine classification method.
[2022-04-23 06:56:30] INFO: Completed 1 genome in 0.00 seconds (578.60 genomes/second).
[2022-04-23 06:56:30] TASK: Calculating average nucleotide identity using FastANI (v1.33).
[2022-04-23 06:56:31] INFO: Completed 2 comparisons in 0.42 seconds (4.80 comparisons/second).
[2022-04-23 06:56:31] INFO: 0 genome(s) have been classified using FastANI and pplacer.
[2022-04-23 06:56:31] INFO: Done.
