[2022-04-26 06:41:46] INFO: GTDB-Tk v1.5.0
[2022-04-26 06:41:46] INFO: gtdbtk classify_wf --genome_dir /home1/christina/Elos_meta/Curtain3/MAGs/arc/with_16S/MAG_266/Protologger --out_dir /home1/christina/Elos_meta/Curtain3/MAGs/arc/with_16S/MAG_266/Protologger/GTDB-TK-Results --cpus 20
[2022-04-26 06:41:46] INFO: Using GTDB-Tk reference data version r202: /mnt/big/miniconda3/envs/protologger/share/gtdbtk-1.5.0/db/
[2022-04-26 06:41:46] INFO: Identifying markers in 1 genomes with 20 threads.
[2022-04-26 06:41:46] TASK: Running Prodigal V2.6.3 to identify genes.
[2022-04-26 06:41:59] INFO: Completed 1 genome in 12.94 seconds (12.94 seconds/genome).
[2022-04-26 06:41:59] TASK: Identifying TIGRFAM protein families.
[2022-04-26 06:42:06] INFO: Completed 1 genome in 7.03 seconds (7.03 seconds/genome).
[2022-04-26 06:42:06] TASK: Identifying Pfam protein families.
[2022-04-26 06:42:07] INFO: Completed 1 genome in 1.42 seconds (1.42 seconds/genome).
[2022-04-26 06:42:07] INFO: Annotations done using HMMER 3.1b2 (February 2015).
[2022-04-26 06:42:07] TASK: Summarising identified marker genes.
[2022-04-26 06:42:07] INFO: Completed 1 genome in 0.05 seconds (21.76 genomes/second).
[2022-04-26 06:42:07] INFO: Done.
[2022-04-26 06:42:08] INFO: Aligning markers in 1 genomes with 20 CPUs.
[2022-04-26 06:42:08] INFO: Processing 1 genomes identified as archaeal.
[2022-04-26 06:42:08] INFO: Read concatenated alignment for 2,339 GTDB genomes.
[2022-04-26 06:42:08] TASK: Generating concatenated alignment for each marker.
[2022-04-26 06:42:08] INFO: Completed 1 genome in 0.25 seconds (3.94 genomes/second).
[2022-04-26 06:42:08] TASK: Aligning 102 identified markers using hmmalign 3.1b2 (February 2015).
[2022-04-26 06:42:09] INFO: Completed 102 markers in 0.45 seconds (225.06 markers/second).
[2022-04-26 06:42:09] TASK: Masking columns of archaeal multiple sequence alignment using canonical mask.
[2022-04-26 06:42:11] INFO: Completed 2,340 sequences in 2.58 seconds (907.64 sequences/second).
[2022-04-26 06:42:11] INFO: Masked archaeal alignment from 32,754 to 5,124 AAs.
[2022-04-26 06:42:11] INFO: 0 archaeal user genomes have amino acids in <10.0% of columns in filtered MSA.
[2022-04-26 06:42:11] INFO: Creating concatenated alignment for 2,340 archaeal GTDB and user genomes.
[2022-04-26 06:42:12] INFO: Creating concatenated alignment for 1 archaeal user genomes.
[2022-04-26 06:42:12] INFO: Done.
[2022-04-26 06:42:12] TASK: Placing 1 archaeal genomes into reference tree with pplacer using 20 CPUs (be patient).
[2022-04-26 06:42:12] INFO: pplacer version: v1.1.alpha19-0-g807f6f3
[2022-04-26 06:43:09] INFO: Calculating RED values based on reference tree.
[2022-04-26 06:43:10] TASK: Traversing tree to determine classification method.
[2022-04-26 06:43:10] INFO: Completed 1 genome in 0.00 seconds (6,132.02 genomes/second).
[2022-04-26 06:43:10] INFO: 0 genome(s) have been classified using FastANI and pplacer.
[2022-04-26 06:43:10] INFO: Done.
