[2022-04-25 01:27:38] INFO: GTDB-Tk v1.5.0
[2022-04-25 01:27:38] INFO: gtdbtk classify_wf --genome_dir /home1/christina/Elos_meta/Curtain3/MAGs/bac/with_16S/200/MAG_272/Protologger --out_dir /home1/christina/Elos_meta/Curtain3/MAGs/bac/with_16S/200/MAG_272/Protologger/GTDB-TK-Results --cpus 20
[2022-04-25 01:27:38] INFO: Using GTDB-Tk reference data version r202: /mnt/big/miniconda3/envs/protologger/share/gtdbtk-1.5.0/db/
[2022-04-25 01:27:38] INFO: Identifying markers in 1 genomes with 20 threads.
[2022-04-25 01:27:38] TASK: Running Prodigal V2.6.3 to identify genes.
[2022-04-25 01:28:01] INFO: Completed 1 genome in 23.19 seconds (23.19 seconds/genome).
[2022-04-25 01:28:01] TASK: Identifying TIGRFAM protein families.
[2022-04-25 01:28:07] INFO: Completed 1 genome in 5.33 seconds (5.33 seconds/genome).
[2022-04-25 01:28:07] TASK: Identifying Pfam protein families.
[2022-04-25 01:28:08] INFO: Completed 1 genome in 0.79 seconds (1.27 genomes/second).
[2022-04-25 01:28:08] INFO: Annotations done using HMMER 3.1b2 (February 2015).
[2022-04-25 01:28:08] TASK: Summarising identified marker genes.
[2022-04-25 01:28:08] INFO: Completed 1 genome in 0.02 seconds (41.31 genomes/second).
[2022-04-25 01:28:08] INFO: Done.
[2022-04-25 01:28:08] INFO: Aligning markers in 1 genomes with 20 CPUs.
[2022-04-25 01:28:08] INFO: Processing 1 genomes identified as bacterial.
[2022-04-25 01:28:13] INFO: Read concatenated alignment for 45,555 GTDB genomes.
[2022-04-25 01:28:13] TASK: Generating concatenated alignment for each marker.
[2022-04-25 01:28:14] INFO: Completed 1 genome in 0.02 seconds (60.04 genomes/second).
[2022-04-25 01:28:15] TASK: Aligning 111 identified markers using hmmalign 3.1b2 (February 2015).
[2022-04-25 01:28:16] INFO: Completed 111 markers in 0.15 seconds (740.29 markers/second).
[2022-04-25 01:28:16] TASK: Masking columns of bacterial multiple sequence alignment using canonical mask.
[2022-04-25 01:29:17] INFO: Completed 45,556 sequences in 1.01 minutes (45,091.22 sequences/minute).
[2022-04-25 01:29:17] INFO: Masked bacterial alignment from 41,084 to 5,037 AAs.
[2022-04-25 01:29:17] INFO: 0 bacterial user genomes have amino acids in <10.0% of columns in filtered MSA.
[2022-04-25 01:29:17] INFO: Creating concatenated alignment for 45,556 bacterial GTDB and user genomes.
[2022-04-25 01:29:19] INFO: Creating concatenated alignment for 1 bacterial user genomes.
[2022-04-25 01:29:19] INFO: Done.
[2022-04-25 01:29:19] TASK: Placing 1 bacterial genomes into reference tree with pplacer using 20 CPUs (be patient).
[2022-04-25 01:29:19] INFO: pplacer version: v1.1.alpha19-0-g807f6f3
[2022-04-25 01:58:33] INFO: Calculating RED values based on reference tree.
[2022-04-25 01:58:41] TASK: Traversing tree to determine classification method.
[2022-04-25 01:58:41] INFO: Completed 1 genome in 0.00 seconds (531.19 genomes/second).
[2022-04-25 01:58:41] TASK: Calculating average nucleotide identity using FastANI (v1.33).
[2022-04-25 01:58:42] INFO: Completed 2 comparisons in 0.60 seconds (3.34 comparisons/second).
[2022-04-25 01:58:42] INFO: 0 genome(s) have been classified using FastANI and pplacer.
[2022-04-25 01:58:42] INFO: Done.
