[2022-04-20 19:46:19] INFO: GTDB-Tk v1.5.0
[2022-04-20 19:46:19] INFO: gtdbtk classify_wf --genome_dir /home1/christina/Elos_meta/Curtain3/MAGs/arc/with_16S/MAG_91/Protologger --out_dir /home1/christina/Elos_meta/Curtain3/MAGs/arc/with_16S/MAG_91/Protologger/GTDB-TK-Results --cpus 20
[2022-04-20 19:46:19] INFO: Using GTDB-Tk reference data version r202: /mnt/big/miniconda3/envs/protologger/share/gtdbtk-1.5.0/db/
[2022-04-20 19:46:19] INFO: Identifying markers in 1 genomes with 20 threads.
[2022-04-20 19:46:19] TASK: Running Prodigal V2.6.3 to identify genes.
[2022-04-20 19:46:23] INFO: Completed 1 genome in 4.12 seconds (4.12 seconds/genome).
[2022-04-20 19:46:23] TASK: Identifying TIGRFAM protein families.
[2022-04-20 19:46:29] INFO: Completed 1 genome in 5.77 seconds (5.77 seconds/genome).
[2022-04-20 19:46:29] TASK: Identifying Pfam protein families.
[2022-04-20 19:46:30] INFO: Completed 1 genome in 0.98 seconds (1.02 genomes/second).
[2022-04-20 19:46:30] INFO: Annotations done using HMMER 3.1b2 (February 2015).
[2022-04-20 19:46:30] TASK: Summarising identified marker genes.
[2022-04-20 19:46:30] INFO: Completed 1 genome in 0.01 seconds (68.28 genomes/second).
[2022-04-20 19:46:30] INFO: Done.
[2022-04-20 19:46:30] INFO: Aligning markers in 1 genomes with 20 CPUs.
[2022-04-20 19:46:31] INFO: Processing 1 genomes identified as archaeal.
[2022-04-20 19:46:31] INFO: Read concatenated alignment for 2,339 GTDB genomes.
[2022-04-20 19:46:31] TASK: Generating concatenated alignment for each marker.
[2022-04-20 19:46:31] INFO: Completed 1 genome in 0.32 seconds (3.11 genomes/second).
[2022-04-20 19:46:31] TASK: Aligning 87 identified markers using hmmalign 3.1b2 (February 2015).
[2022-04-20 19:46:32] INFO: Completed 87 markers in 0.50 seconds (174.16 markers/second).
[2022-04-20 19:46:32] TASK: Masking columns of archaeal multiple sequence alignment using canonical mask.
[2022-04-20 19:46:35] INFO: Completed 2,340 sequences in 3.08 seconds (760.81 sequences/second).
[2022-04-20 19:46:35] INFO: Masked archaeal alignment from 32,754 to 5,124 AAs.
[2022-04-20 19:46:35] INFO: 0 archaeal user genomes have amino acids in <10.0% of columns in filtered MSA.
[2022-04-20 19:46:35] INFO: Creating concatenated alignment for 2,340 archaeal GTDB and user genomes.
[2022-04-20 19:46:35] INFO: Creating concatenated alignment for 1 archaeal user genomes.
[2022-04-20 19:46:35] INFO: Done.
[2022-04-20 19:46:36] TASK: Placing 1 archaeal genomes into reference tree with pplacer using 20 CPUs (be patient).
[2022-04-20 19:46:36] INFO: pplacer version: v1.1.alpha19-0-g807f6f3
[2022-04-20 19:47:31] INFO: Calculating RED values based on reference tree.
[2022-04-20 19:47:31] TASK: Traversing tree to determine classification method.
[2022-04-20 19:47:31] INFO: Completed 1 genome in 0.00 seconds (451.44 genomes/second).
[2022-04-20 19:47:31] INFO: 0 genome(s) have been classified using FastANI and pplacer.
[2022-04-20 19:47:31] INFO: Done.
[2022-04-21 04:15:32] INFO: GTDB-Tk v1.5.0
[2022-04-21 04:15:32] INFO: gtdbtk classify_wf --genome_dir /home1/christina/Elos_meta/Curtain3/MAGs/arc/with_16S/MAG_91/Protologger --out_dir /home1/christina/Elos_meta/Curtain3/MAGs/arc/with_16S/MAG_91/Protologger/GTDB-TK-Results --cpus 20
[2022-04-21 04:15:32] INFO: Using GTDB-Tk reference data version r202: /mnt/big/miniconda3/envs/protologger/share/gtdbtk-1.5.0/db/
[2022-04-21 04:15:32] INFO: Identifying markers in 1 genomes with 20 threads.
[2022-04-21 04:15:32] TASK: Running Prodigal V2.6.3 to identify genes.
[2022-04-21 04:15:33] INFO: Completed 1 genome in 0.26 seconds (3.86 genomes/second).
[2022-04-21 04:15:33] WARNING: Prodigal skipped 1 genome due to pre-existing data, see warnings.log
[2022-04-21 04:15:33] TASK: Identifying TIGRFAM protein families.
[2022-04-21 04:15:33] INFO: Completed 1 genome in 0.09 seconds (11.60 genomes/second).
[2022-04-21 04:15:33] WARNING: TIGRFAM skipped 1 genome due to pre-existing data, see warnings.log
[2022-04-21 04:15:33] TASK: Identifying Pfam protein families.
[2022-04-21 04:15:33] INFO: Completed 1 genome in 0.05 seconds (21.09 genomes/second).
[2022-04-21 04:15:33] WARNING: Pfam skipped 1 genome due to pre-existing data, see warnings.log
[2022-04-21 04:15:33] INFO: Annotations done using HMMER 3.1b2 (February 2015).
[2022-04-21 04:15:33] TASK: Summarising identified marker genes.
[2022-04-21 04:15:33] INFO: Completed 1 genome in 0.01 seconds (79.69 genomes/second).
[2022-04-21 04:15:33] INFO: Done.
[2022-04-21 04:15:33] INFO: Aligning markers in 1 genomes with 20 CPUs.
[2022-04-21 04:15:33] INFO: Processing 1 genomes identified as archaeal.
[2022-04-21 04:15:33] INFO: Read concatenated alignment for 2,339 GTDB genomes.
[2022-04-21 04:15:33] TASK: Generating concatenated alignment for each marker.
[2022-04-21 04:15:34] INFO: Completed 1 genome in 0.31 seconds (3.26 genomes/second).
[2022-04-21 04:15:34] TASK: Aligning 87 identified markers using hmmalign 3.1b2 (February 2015).
[2022-04-21 04:15:34] INFO: Completed 87 markers in 0.41 seconds (210.23 markers/second).
[2022-04-21 04:15:34] TASK: Masking columns of archaeal multiple sequence alignment using canonical mask.
[2022-04-21 04:15:37] INFO: Completed 2,340 sequences in 2.63 seconds (890.49 sequences/second).
[2022-04-21 04:15:37] INFO: Masked archaeal alignment from 32,754 to 5,124 AAs.
[2022-04-21 04:15:37] INFO: 0 archaeal user genomes have amino acids in <10.0% of columns in filtered MSA.
[2022-04-21 04:15:37] INFO: Creating concatenated alignment for 2,340 archaeal GTDB and user genomes.
[2022-04-21 04:15:37] INFO: Creating concatenated alignment for 1 archaeal user genomes.
[2022-04-21 04:15:38] INFO: Done.
[2022-04-21 04:15:38] TASK: Placing 1 archaeal genomes into reference tree with pplacer using 20 CPUs (be patient).
[2022-04-21 04:15:38] INFO: pplacer version: v1.1.alpha19-0-g807f6f3
[2022-04-21 04:16:27] INFO: Calculating RED values based on reference tree.
[2022-04-21 04:16:28] TASK: Traversing tree to determine classification method.
[2022-04-21 04:16:28] INFO: Completed 1 genome in 0.00 seconds (493.68 genomes/second).
[2022-04-21 04:16:28] INFO: 0 genome(s) have been classified using FastANI and pplacer.
[2022-04-21 04:16:28] INFO: Done.
