[2022-04-24 10:23:51] INFO: GTDB-Tk v1.5.0
[2022-04-24 10:23:51] INFO: gtdbtk classify_wf --genome_dir /home1/christina/Elos_meta/Curtain3/MAGs/bac/with_16S/200/MAG_255/Protologger --out_dir /home1/christina/Elos_meta/Curtain3/MAGs/bac/with_16S/200/MAG_255/Protologger/GTDB-TK-Results --cpus 20
[2022-04-24 10:23:51] INFO: Using GTDB-Tk reference data version r202: /mnt/big/miniconda3/envs/protologger/share/gtdbtk-1.5.0/db/
[2022-04-24 10:23:51] INFO: Identifying markers in 1 genomes with 20 threads.
[2022-04-24 10:23:51] TASK: Running Prodigal V2.6.3 to identify genes.
[2022-04-24 10:24:03] INFO: Completed 1 genome in 11.87 seconds (11.87 seconds/genome).
[2022-04-24 10:24:03] TASK: Identifying TIGRFAM protein families.
[2022-04-24 10:24:08] INFO: Completed 1 genome in 5.73 seconds (5.73 seconds/genome).
[2022-04-24 10:24:08] TASK: Identifying Pfam protein families.
[2022-04-24 10:24:09] INFO: Completed 1 genome in 0.87 seconds (1.14 genomes/second).
[2022-04-24 10:24:09] INFO: Annotations done using HMMER 3.1b2 (February 2015).
[2022-04-24 10:24:09] TASK: Summarising identified marker genes.
[2022-04-24 10:24:09] INFO: Completed 1 genome in 0.03 seconds (32.58 genomes/second).
[2022-04-24 10:24:09] INFO: Done.
[2022-04-24 10:24:09] INFO: Aligning markers in 1 genomes with 20 CPUs.
[2022-04-24 10:24:10] INFO: Processing 1 genomes identified as bacterial.
[2022-04-24 10:24:14] INFO: Read concatenated alignment for 45,555 GTDB genomes.
[2022-04-24 10:24:14] TASK: Generating concatenated alignment for each marker.
[2022-04-24 10:24:15] INFO: Completed 1 genome in 0.03 seconds (39.01 genomes/second).
[2022-04-24 10:24:15] TASK: Aligning 107 identified markers using hmmalign 3.1b2 (February 2015).
[2022-04-24 10:24:17] INFO: Completed 107 markers in 0.17 seconds (646.53 markers/second).
[2022-04-24 10:24:17] TASK: Masking columns of bacterial multiple sequence alignment using canonical mask.
[2022-04-24 10:25:18] INFO: Completed 45,556 sequences in 1.02 minutes (44,714.69 sequences/minute).
[2022-04-24 10:25:18] INFO: Masked bacterial alignment from 41,084 to 5,037 AAs.
[2022-04-24 10:25:18] INFO: 0 bacterial user genomes have amino acids in <10.0% of columns in filtered MSA.
[2022-04-24 10:25:18] INFO: Creating concatenated alignment for 45,556 bacterial GTDB and user genomes.
[2022-04-24 10:25:20] INFO: Creating concatenated alignment for 1 bacterial user genomes.
[2022-04-24 10:25:20] INFO: Done.
[2022-04-24 10:25:20] TASK: Placing 1 bacterial genomes into reference tree with pplacer using 20 CPUs (be patient).
[2022-04-24 10:25:20] INFO: pplacer version: v1.1.alpha19-0-g807f6f3
[2022-04-24 10:52:36] INFO: Calculating RED values based on reference tree.
[2022-04-24 10:52:44] TASK: Traversing tree to determine classification method.
[2022-04-24 10:52:44] INFO: Completed 1 genome in 0.00 seconds (569.72 genomes/second).
[2022-04-24 10:52:44] TASK: Calculating average nucleotide identity using FastANI (v1.33).
[2022-04-24 10:52:45] INFO: Completed 2 comparisons in 0.57 seconds (3.50 comparisons/second).
[2022-04-24 10:52:45] INFO: 0 genome(s) have been classified using FastANI and pplacer.
[2022-04-24 10:52:45] INFO: Done.
