[2022-04-25 18:45:15] INFO: GTDB-Tk v1.5.0
[2022-04-25 18:45:15] INFO: gtdbtk classify_wf --genome_dir /home1/christina/Elos_meta/Curtain3/MAGs/arc/with_16S/MAG_132/Protologger --out_dir /home1/christina/Elos_meta/Curtain3/MAGs/arc/with_16S/MAG_132/Protologger/GTDB-TK-Results --cpus 20
[2022-04-25 18:45:15] INFO: Using GTDB-Tk reference data version r202: /mnt/big/miniconda3/envs/protologger/share/gtdbtk-1.5.0/db/
[2022-04-25 18:45:15] INFO: Identifying markers in 1 genomes with 20 threads.
[2022-04-25 18:45:15] TASK: Running Prodigal V2.6.3 to identify genes.
[2022-04-25 18:45:19] INFO: Completed 1 genome in 4.05 seconds (4.05 seconds/genome).
[2022-04-25 18:45:19] TASK: Identifying TIGRFAM protein families.
[2022-04-25 18:45:24] INFO: Completed 1 genome in 4.61 seconds (4.61 seconds/genome).
[2022-04-25 18:45:24] TASK: Identifying Pfam protein families.
[2022-04-25 18:45:25] INFO: Completed 1 genome in 0.67 seconds (1.48 genomes/second).
[2022-04-25 18:45:25] INFO: Annotations done using HMMER 3.1b2 (February 2015).
[2022-04-25 18:45:25] TASK: Summarising identified marker genes.
[2022-04-25 18:45:25] INFO: Completed 1 genome in 0.01 seconds (127.97 genomes/second).
[2022-04-25 18:45:25] INFO: Done.
[2022-04-25 18:45:25] INFO: Aligning markers in 1 genomes with 20 CPUs.
[2022-04-25 18:45:25] INFO: Processing 1 genomes identified as archaeal.
[2022-04-25 18:45:25] INFO: Read concatenated alignment for 2,339 GTDB genomes.
[2022-04-25 18:45:25] TASK: Generating concatenated alignment for each marker.
[2022-04-25 18:45:25] INFO: Completed 1 genome in 0.29 seconds (3.40 genomes/second).
[2022-04-25 18:45:25] TASK: Aligning 76 identified markers using hmmalign 3.1b2 (February 2015).
[2022-04-25 18:45:26] INFO: Completed 76 markers in 0.40 seconds (189.37 markers/second).
[2022-04-25 18:45:26] TASK: Masking columns of archaeal multiple sequence alignment using canonical mask.
[2022-04-25 18:45:29] INFO: Completed 2,340 sequences in 2.58 seconds (906.03 sequences/second).
[2022-04-25 18:45:29] INFO: Masked archaeal alignment from 32,754 to 5,124 AAs.
[2022-04-25 18:45:29] INFO: 0 archaeal user genomes have amino acids in <10.0% of columns in filtered MSA.
[2022-04-25 18:45:29] INFO: Creating concatenated alignment for 2,340 archaeal GTDB and user genomes.
[2022-04-25 18:45:29] INFO: Creating concatenated alignment for 1 archaeal user genomes.
[2022-04-25 18:45:29] INFO: Done.
[2022-04-25 18:45:29] TASK: Placing 1 archaeal genomes into reference tree with pplacer using 20 CPUs (be patient).
[2022-04-25 18:45:29] INFO: pplacer version: v1.1.alpha19-0-g807f6f3
[2022-04-25 18:46:10] INFO: Calculating RED values based on reference tree.
[2022-04-25 18:46:11] TASK: Traversing tree to determine classification method.
[2022-04-25 18:46:11] INFO: Completed 1 genome in 0.00 seconds (7,898.88 genomes/second).
[2022-04-25 18:46:11] TASK: Calculating average nucleotide identity using FastANI (v1.33).
[2022-04-25 18:46:11] INFO: Completed 2 comparisons in 0.23 seconds (8.61 comparisons/second).
[2022-04-25 18:46:11] INFO: 0 genome(s) have been classified using FastANI and pplacer.
[2022-04-25 18:46:11] INFO: Done.
