[2022-04-27 17:29:07] INFO: GTDB-Tk v1.5.0
[2022-04-27 17:29:07] INFO: gtdbtk classify_wf --genome_dir /home1/christina/Elos_meta/Curtain3/MAGs/arc/with_16S/MAG_21/Protologger --out_dir /home1/christina/Elos_meta/Curtain3/MAGs/arc/with_16S/MAG_21/Protologger/GTDB-TK-Results --cpus 20
[2022-04-27 17:29:07] INFO: Using GTDB-Tk reference data version r202: /mnt/big/miniconda3/envs/protologger/share/gtdbtk-1.5.0/db/
[2022-04-27 17:29:07] INFO: Identifying markers in 1 genomes with 20 threads.
[2022-04-27 17:29:07] TASK: Running Prodigal V2.6.3 to identify genes.
[2022-04-27 17:29:11] INFO: Completed 1 genome in 3.07 seconds (3.07 seconds/genome).
[2022-04-27 17:29:11] TASK: Identifying TIGRFAM protein families.
[2022-04-27 17:29:16] INFO: Completed 1 genome in 5.79 seconds (5.79 seconds/genome).
[2022-04-27 17:29:16] TASK: Identifying Pfam protein families.
[2022-04-27 17:29:17] INFO: Completed 1 genome in 1.01 seconds (1.01 seconds/genome).
[2022-04-27 17:29:17] INFO: Annotations done using HMMER 3.1b2 (February 2015).
[2022-04-27 17:29:17] TASK: Summarising identified marker genes.
[2022-04-27 17:29:17] INFO: Completed 1 genome in 0.02 seconds (64.09 genomes/second).
[2022-04-27 17:29:17] INFO: Done.
[2022-04-27 17:29:18] INFO: Aligning markers in 1 genomes with 20 CPUs.
[2022-04-27 17:29:18] INFO: Processing 1 genomes identified as archaeal.
[2022-04-27 17:29:18] INFO: Read concatenated alignment for 2,339 GTDB genomes.
[2022-04-27 17:29:18] TASK: Generating concatenated alignment for each marker.
[2022-04-27 17:29:18] INFO: Completed 1 genome in 0.32 seconds (3.15 genomes/second).
[2022-04-27 17:29:18] TASK: Aligning 104 identified markers using hmmalign 3.1b2 (February 2015).
[2022-04-27 17:29:19] INFO: Completed 104 markers in 0.49 seconds (211.18 markers/second).
[2022-04-27 17:29:19] TASK: Masking columns of archaeal multiple sequence alignment using canonical mask.
[2022-04-27 17:29:22] INFO: Completed 2,340 sequences in 2.61 seconds (896.70 sequences/second).
[2022-04-27 17:29:22] INFO: Masked archaeal alignment from 32,754 to 5,124 AAs.
[2022-04-27 17:29:22] INFO: 0 archaeal user genomes have amino acids in <10.0% of columns in filtered MSA.
[2022-04-27 17:29:22] INFO: Creating concatenated alignment for 2,340 archaeal GTDB and user genomes.
[2022-04-27 17:29:22] INFO: Creating concatenated alignment for 1 archaeal user genomes.
[2022-04-27 17:29:22] INFO: Done.
[2022-04-27 17:29:22] TASK: Placing 1 archaeal genomes into reference tree with pplacer using 20 CPUs (be patient).
[2022-04-27 17:29:22] INFO: pplacer version: v1.1.alpha19-0-g807f6f3
[2022-04-27 17:30:24] INFO: Calculating RED values based on reference tree.
[2022-04-27 17:30:25] TASK: Traversing tree to determine classification method.
[2022-04-27 17:30:25] INFO: Completed 1 genome in 0.01 seconds (69.37 genomes/second).
[2022-04-27 17:30:25] INFO: 0 genome(s) have been classified using FastANI and pplacer.
[2022-04-27 17:30:25] INFO: Done.
