[2022-04-25 05:51:45] INFO: GTDB-Tk v1.5.0
[2022-04-25 05:51:45] INFO: gtdbtk classify_wf --genome_dir /home1/christina/Elos_meta/Curtain3/MAGs/arc/with_16S/MAG_131/Protologger --out_dir /home1/christina/Elos_meta/Curtain3/MAGs/arc/with_16S/MAG_131/Protologger/GTDB-TK-Results --cpus 20
[2022-04-25 05:51:45] INFO: Using GTDB-Tk reference data version r202: /mnt/big/miniconda3/envs/protologger/share/gtdbtk-1.5.0/db/
[2022-04-25 05:51:45] INFO: Identifying markers in 1 genomes with 20 threads.
[2022-04-25 05:51:45] TASK: Running Prodigal V2.6.3 to identify genes.
[2022-04-25 05:51:56] INFO: Completed 1 genome in 11.24 seconds (11.24 seconds/genome).
[2022-04-25 05:51:56] TASK: Identifying TIGRFAM protein families.
[2022-04-25 05:52:02] INFO: Completed 1 genome in 5.76 seconds (5.76 seconds/genome).
[2022-04-25 05:52:02] TASK: Identifying Pfam protein families.
[2022-04-25 05:52:03] INFO: Completed 1 genome in 1.10 seconds (1.10 seconds/genome).
[2022-04-25 05:52:03] INFO: Annotations done using HMMER 3.1b2 (February 2015).
[2022-04-25 05:52:03] TASK: Summarising identified marker genes.
[2022-04-25 05:52:03] INFO: Completed 1 genome in 0.02 seconds (55.51 genomes/second).
[2022-04-25 05:52:03] INFO: Done.
[2022-04-25 05:52:03] INFO: Aligning markers in 1 genomes with 20 CPUs.
[2022-04-25 05:52:04] INFO: Processing 1 genomes identified as archaeal.
[2022-04-25 05:52:04] INFO: Read concatenated alignment for 2,339 GTDB genomes.
[2022-04-25 05:52:04] TASK: Generating concatenated alignment for each marker.
[2022-04-25 05:52:04] INFO: Completed 1 genome in 0.23 seconds (4.34 genomes/second).
[2022-04-25 05:52:04] TASK: Aligning 95 identified markers using hmmalign 3.1b2 (February 2015).
[2022-04-25 05:52:05] INFO: Completed 95 markers in 0.48 seconds (198.32 markers/second).
[2022-04-25 05:52:05] TASK: Masking columns of archaeal multiple sequence alignment using canonical mask.
[2022-04-25 05:52:07] INFO: Completed 2,340 sequences in 2.61 seconds (895.36 sequences/second).
[2022-04-25 05:52:07] INFO: Masked archaeal alignment from 32,754 to 5,124 AAs.
[2022-04-25 05:52:07] INFO: 0 archaeal user genomes have amino acids in <10.0% of columns in filtered MSA.
[2022-04-25 05:52:07] INFO: Creating concatenated alignment for 2,340 archaeal GTDB and user genomes.
[2022-04-25 05:52:08] INFO: Creating concatenated alignment for 1 archaeal user genomes.
[2022-04-25 05:52:08] INFO: Done.
[2022-04-25 05:52:08] TASK: Placing 1 archaeal genomes into reference tree with pplacer using 20 CPUs (be patient).
[2022-04-25 05:52:08] INFO: pplacer version: v1.1.alpha19-0-g807f6f3
[2022-04-25 05:53:04] INFO: Calculating RED values based on reference tree.
[2022-04-25 05:53:05] TASK: Traversing tree to determine classification method.
[2022-04-25 05:53:05] INFO: Completed 1 genome in 0.00 seconds (13,797.05 genomes/second).
[2022-04-25 05:53:05] TASK: Calculating average nucleotide identity using FastANI (v1.33).
[2022-04-25 05:53:05] INFO: Completed 2 comparisons in 0.39 seconds (5.18 comparisons/second).
[2022-04-25 05:53:05] INFO: 0 genome(s) have been classified using FastANI and pplacer.
[2022-04-25 05:53:05] INFO: Done.
