[2022-04-25 19:36:55] INFO: GTDB-Tk v1.5.0
[2022-04-25 19:36:55] INFO: gtdbtk classify_wf --genome_dir /home1/christina/Elos_meta/Curtain3/MAGs/arc/with_16S/MAG_14/Protologger --out_dir /home1/christina/Elos_meta/Curtain3/MAGs/arc/with_16S/MAG_14/Protologger/GTDB-TK-Results --cpus 20
[2022-04-25 19:36:55] INFO: Using GTDB-Tk reference data version r202: /mnt/big/miniconda3/envs/protologger/share/gtdbtk-1.5.0/db/
[2022-04-25 19:36:55] INFO: Identifying markers in 1 genomes with 20 threads.
[2022-04-25 19:36:55] TASK: Running Prodigal V2.6.3 to identify genes.
[2022-04-25 19:36:59] INFO: Completed 1 genome in 3.61 seconds (3.61 seconds/genome).
[2022-04-25 19:36:59] TASK: Identifying TIGRFAM protein families.
[2022-04-25 19:37:04] INFO: Completed 1 genome in 5.68 seconds (5.68 seconds/genome).
[2022-04-25 19:37:04] TASK: Identifying Pfam protein families.
[2022-04-25 19:37:05] INFO: Completed 1 genome in 1.01 seconds (1.01 seconds/genome).
[2022-04-25 19:37:05] INFO: Annotations done using HMMER 3.1b2 (February 2015).
[2022-04-25 19:37:05] TASK: Summarising identified marker genes.
[2022-04-25 19:37:05] INFO: Completed 1 genome in 0.02 seconds (57.49 genomes/second).
[2022-04-25 19:37:05] INFO: Done.
[2022-04-25 19:37:06] INFO: Aligning markers in 1 genomes with 20 CPUs.
[2022-04-25 19:37:06] INFO: Processing 1 genomes identified as archaeal.
[2022-04-25 19:37:06] INFO: Read concatenated alignment for 2,339 GTDB genomes.
[2022-04-25 19:37:06] TASK: Generating concatenated alignment for each marker.
[2022-04-25 19:37:06] INFO: Completed 1 genome in 0.34 seconds (2.91 genomes/second).
[2022-04-25 19:37:06] TASK: Aligning 92 identified markers using hmmalign 3.1b2 (February 2015).
[2022-04-25 19:37:07] INFO: Completed 92 markers in 0.44 seconds (211.11 markers/second).
[2022-04-25 19:37:07] TASK: Masking columns of archaeal multiple sequence alignment using canonical mask.
[2022-04-25 19:37:10] INFO: Completed 2,340 sequences in 2.60 seconds (901.69 sequences/second).
[2022-04-25 19:37:10] INFO: Masked archaeal alignment from 32,754 to 5,124 AAs.
[2022-04-25 19:37:10] INFO: 0 archaeal user genomes have amino acids in <10.0% of columns in filtered MSA.
[2022-04-25 19:37:10] INFO: Creating concatenated alignment for 2,340 archaeal GTDB and user genomes.
[2022-04-25 19:37:10] INFO: Creating concatenated alignment for 1 archaeal user genomes.
[2022-04-25 19:37:10] INFO: Done.
[2022-04-25 19:37:10] TASK: Placing 1 archaeal genomes into reference tree with pplacer using 20 CPUs (be patient).
[2022-04-25 19:37:10] INFO: pplacer version: v1.1.alpha19-0-g807f6f3
[2022-04-25 19:38:03] INFO: Calculating RED values based on reference tree.
[2022-04-25 19:38:03] TASK: Traversing tree to determine classification method.
[2022-04-25 19:38:03] INFO: Completed 1 genome in 0.00 seconds (1,675.71 genomes/second).
[2022-04-25 19:38:03] INFO: 0 genome(s) have been classified using FastANI and pplacer.
[2022-04-25 19:38:03] INFO: Done.
