[2022-04-22 22:02:24] INFO: GTDB-Tk v1.5.0
[2022-04-22 22:02:24] INFO: gtdbtk classify_wf --genome_dir /home1/christina/Elos_meta/Curtain3/MAGs/bac/with_16S/100/MAG_142/Protologger --out_dir /home1/christina/Elos_meta/Curtain3/MAGs/bac/with_16S/100/MAG_142/Protologger/GTDB-TK-Results --cpus 20
[2022-04-22 22:02:24] INFO: Using GTDB-Tk reference data version r202: /mnt/big/miniconda3/envs/protologger/share/gtdbtk-1.5.0/db/
[2022-04-22 22:02:24] INFO: Identifying markers in 1 genomes with 20 threads.
[2022-04-22 22:02:24] TASK: Running Prodigal V2.6.3 to identify genes.
[2022-04-22 22:02:33] INFO: Completed 1 genome in 8.94 seconds (8.94 seconds/genome).
[2022-04-22 22:02:33] TASK: Identifying TIGRFAM protein families.
[2022-04-22 22:02:38] INFO: Completed 1 genome in 5.60 seconds (5.60 seconds/genome).
[2022-04-22 22:02:38] TASK: Identifying Pfam protein families.
[2022-04-22 22:02:39] INFO: Completed 1 genome in 0.82 seconds (1.21 genomes/second).
[2022-04-22 22:02:39] INFO: Annotations done using HMMER 3.1b2 (February 2015).
[2022-04-22 22:02:39] TASK: Summarising identified marker genes.
[2022-04-22 22:02:39] INFO: Completed 1 genome in 0.03 seconds (38.74 genomes/second).
[2022-04-22 22:02:39] INFO: Done.
[2022-04-22 22:02:40] INFO: Aligning markers in 1 genomes with 20 CPUs.
[2022-04-22 22:02:40] INFO: Processing 1 genomes identified as bacterial.
[2022-04-22 22:02:44] INFO: Read concatenated alignment for 45,555 GTDB genomes.
[2022-04-22 22:02:44] TASK: Generating concatenated alignment for each marker.
[2022-04-22 22:02:45] INFO: Completed 1 genome in 0.01 seconds (70.28 genomes/second).
[2022-04-22 22:02:45] TASK: Aligning 116 identified markers using hmmalign 3.1b2 (February 2015).
[2022-04-22 22:02:46] INFO: Completed 116 markers in 0.19 seconds (614.09 markers/second).
[2022-04-22 22:02:46] TASK: Masking columns of bacterial multiple sequence alignment using canonical mask.
[2022-04-22 22:03:46] INFO: Completed 45,556 sequences in 1.01 minutes (45,135.72 sequences/minute).
[2022-04-22 22:03:46] INFO: Masked bacterial alignment from 41,084 to 5,037 AAs.
[2022-04-22 22:03:46] INFO: 0 bacterial user genomes have amino acids in <10.0% of columns in filtered MSA.
[2022-04-22 22:03:46] INFO: Creating concatenated alignment for 45,556 bacterial GTDB and user genomes.
[2022-04-22 22:03:48] INFO: Creating concatenated alignment for 1 bacterial user genomes.
[2022-04-22 22:03:48] INFO: Done.
[2022-04-22 22:03:49] TASK: Placing 1 bacterial genomes into reference tree with pplacer using 20 CPUs (be patient).
[2022-04-22 22:03:49] INFO: pplacer version: v1.1.alpha19-0-g807f6f3
[2022-04-22 22:35:53] INFO: Calculating RED values based on reference tree.
[2022-04-22 22:36:01] TASK: Traversing tree to determine classification method.
[2022-04-22 22:36:02] INFO: Completed 1 genome in 0.00 seconds (484.33 genomes/second).
[2022-04-22 22:36:02] TASK: Calculating average nucleotide identity using FastANI (v1.33).
[2022-04-22 22:36:02] INFO: Completed 2 comparisons in 0.65 seconds (3.10 comparisons/second).
[2022-04-22 22:36:03] INFO: 0 genome(s) have been classified using FastANI and pplacer.
[2022-04-22 22:36:03] INFO: Done.
