[2022-04-22 04:00:47] INFO: GTDB-Tk v1.5.0
[2022-04-22 04:00:47] INFO: gtdbtk classify_wf --genome_dir /home1/christina/Elos_meta/Curtain3/MAGs/bac/with_16S/rest/MAG_46/Protologger --out_dir /home1/christina/Elos_meta/Curtain3/MAGs/bac/with_16S/rest/MAG_46/Protologger/GTDB-TK-Results --cpus 20
[2022-04-22 04:00:47] INFO: Using GTDB-Tk reference data version r202: /mnt/big/miniconda3/envs/protologger/share/gtdbtk-1.5.0/db/
[2022-04-22 04:00:48] INFO: Identifying markers in 1 genomes with 20 threads.
[2022-04-22 04:00:48] TASK: Running Prodigal V2.6.3 to identify genes.
[2022-04-22 04:00:59] INFO: Completed 1 genome in 11.77 seconds (11.77 seconds/genome).
[2022-04-22 04:00:59] TASK: Identifying TIGRFAM protein families.
[2022-04-22 04:01:05] INFO: Completed 1 genome in 6.09 seconds (6.09 seconds/genome).
[2022-04-22 04:01:05] TASK: Identifying Pfam protein families.
[2022-04-22 04:01:06] INFO: Completed 1 genome in 0.97 seconds (1.03 genomes/second).
[2022-04-22 04:01:06] INFO: Annotations done using HMMER 3.1b2 (February 2015).
[2022-04-22 04:01:06] TASK: Summarising identified marker genes.
[2022-04-22 04:01:07] INFO: Completed 1 genome in 0.03 seconds (30.96 genomes/second).
[2022-04-22 04:01:07] INFO: Done.
[2022-04-22 04:01:07] INFO: Aligning markers in 1 genomes with 20 CPUs.
[2022-04-22 04:01:07] INFO: Processing 1 genomes identified as bacterial.
[2022-04-22 04:01:11] INFO: Read concatenated alignment for 45,555 GTDB genomes.
[2022-04-22 04:01:11] TASK: Generating concatenated alignment for each marker.
[2022-04-22 04:01:12] INFO: Completed 1 genome in 0.02 seconds (55.94 genomes/second).
[2022-04-22 04:01:12] TASK: Aligning 114 identified markers using hmmalign 3.1b2 (February 2015).
[2022-04-22 04:01:13] INFO: Completed 114 markers in 0.17 seconds (659.42 markers/second).
[2022-04-22 04:01:13] TASK: Masking columns of bacterial multiple sequence alignment using canonical mask.
[2022-04-22 04:02:13] INFO: Completed 45,556 sequences in 1.01 minutes (45,210.31 sequences/minute).
[2022-04-22 04:02:14] INFO: Masked bacterial alignment from 41,084 to 5,037 AAs.
[2022-04-22 04:02:14] INFO: 0 bacterial user genomes have amino acids in <10.0% of columns in filtered MSA.
[2022-04-22 04:02:14] INFO: Creating concatenated alignment for 45,556 bacterial GTDB and user genomes.
[2022-04-22 04:02:15] INFO: Creating concatenated alignment for 1 bacterial user genomes.
[2022-04-22 04:02:16] INFO: Done.
[2022-04-22 04:02:16] TASK: Placing 1 bacterial genomes into reference tree with pplacer using 20 CPUs (be patient).
[2022-04-22 04:02:16] INFO: pplacer version: v1.1.alpha19-0-g807f6f3
[2022-04-22 04:33:17] INFO: Calculating RED values based on reference tree.
[2022-04-22 04:33:25] TASK: Traversing tree to determine classification method.
[2022-04-22 04:33:25] INFO: Completed 1 genome in 0.00 seconds (581.25 genomes/second).
[2022-04-22 04:33:25] INFO: 0 genome(s) have been classified using FastANI and pplacer.
[2022-04-22 04:33:25] INFO: Done.
