[2022-04-27 17:02:56] INFO: GTDB-Tk v1.5.0
[2022-04-27 17:02:56] INFO: gtdbtk classify_wf --genome_dir /home1/christina/Elos_meta/Curtain3/MAGs/arc/with_16S/MAG_167/Protologger --out_dir /home1/christina/Elos_meta/Curtain3/MAGs/arc/with_16S/MAG_167/Protologger/GTDB-TK-Results --cpus 20
[2022-04-27 17:02:56] INFO: Using GTDB-Tk reference data version r202: /mnt/big/miniconda3/envs/protologger/share/gtdbtk-1.5.0/db/
[2022-04-27 17:02:56] INFO: Identifying markers in 1 genomes with 20 threads.
[2022-04-27 17:02:56] TASK: Running Prodigal V2.6.3 to identify genes.
[2022-04-27 17:03:09] INFO: Completed 1 genome in 12.58 seconds (12.58 seconds/genome).
[2022-04-27 17:03:09] TASK: Identifying TIGRFAM protein families.
[2022-04-27 17:03:14] INFO: Completed 1 genome in 5.09 seconds (5.09 seconds/genome).
[2022-04-27 17:03:14] TASK: Identifying Pfam protein families.
[2022-04-27 17:03:15] INFO: Completed 1 genome in 0.78 seconds (1.27 genomes/second).
[2022-04-27 17:03:15] INFO: Annotations done using HMMER 3.1b2 (February 2015).
[2022-04-27 17:03:15] TASK: Summarising identified marker genes.
[2022-04-27 17:03:15] INFO: Completed 1 genome in 0.02 seconds (49.56 genomes/second).
[2022-04-27 17:03:15] INFO: Done.
[2022-04-27 17:03:15] INFO: Aligning markers in 1 genomes with 20 CPUs.
[2022-04-27 17:03:15] INFO: Processing 1 genomes identified as archaeal.
[2022-04-27 17:03:15] INFO: Read concatenated alignment for 2,339 GTDB genomes.
[2022-04-27 17:03:15] TASK: Generating concatenated alignment for each marker.
[2022-04-27 17:03:16] INFO: Completed 1 genome in 0.38 seconds (2.63 genomes/second).
[2022-04-27 17:03:16] TASK: Aligning 112 identified markers using hmmalign 3.1b2 (February 2015).
[2022-04-27 17:03:16] INFO: Completed 112 markers in 0.46 seconds (241.46 markers/second).
[2022-04-27 17:03:16] TASK: Masking columns of archaeal multiple sequence alignment using canonical mask.
[2022-04-27 17:03:19] INFO: Completed 2,340 sequences in 2.58 seconds (908.72 sequences/second).
[2022-04-27 17:03:19] INFO: Masked archaeal alignment from 32,754 to 5,124 AAs.
[2022-04-27 17:03:19] INFO: 0 archaeal user genomes have amino acids in <10.0% of columns in filtered MSA.
[2022-04-27 17:03:19] INFO: Creating concatenated alignment for 2,340 archaeal GTDB and user genomes.
[2022-04-27 17:03:19] INFO: Creating concatenated alignment for 1 archaeal user genomes.
[2022-04-27 17:03:19] INFO: Done.
[2022-04-27 17:03:19] TASK: Placing 1 archaeal genomes into reference tree with pplacer using 20 CPUs (be patient).
[2022-04-27 17:03:19] INFO: pplacer version: v1.1.alpha19-0-g807f6f3
[2022-04-27 17:04:20] INFO: Calculating RED values based on reference tree.
[2022-04-27 17:04:20] TASK: Traversing tree to determine classification method.
[2022-04-27 17:04:20] INFO: Completed 1 genome in 0.00 seconds (12,633.45 genomes/second).
[2022-04-27 17:04:20] TASK: Calculating average nucleotide identity using FastANI (v1.33).
[2022-04-27 17:04:21] INFO: Completed 2 comparisons in 0.36 seconds (5.53 comparisons/second).
[2022-04-27 17:04:21] INFO: 0 genome(s) have been classified using FastANI and pplacer.
[2022-04-27 17:04:21] INFO: Done.
