[2022-04-26 17:55:15] INFO: GTDB-Tk v1.5.0
[2022-04-26 17:55:15] INFO: gtdbtk classify_wf --genome_dir /home1/christina/Elos_meta/Curtain3/MAGs/arc/with_16S/MAG_218/Protologger --out_dir /home1/christina/Elos_meta/Curtain3/MAGs/arc/with_16S/MAG_218/Protologger/GTDB-TK-Results --cpus 20
[2022-04-26 17:55:15] INFO: Using GTDB-Tk reference data version r202: /mnt/big/miniconda3/envs/protologger/share/gtdbtk-1.5.0/db/
[2022-04-26 17:55:15] INFO: Identifying markers in 1 genomes with 20 threads.
[2022-04-26 17:55:15] TASK: Running Prodigal V2.6.3 to identify genes.
[2022-04-26 17:55:38] INFO: Completed 1 genome in 22.86 seconds (22.86 seconds/genome).
[2022-04-26 17:55:38] TASK: Identifying TIGRFAM protein families.
[2022-04-26 17:55:46] INFO: Completed 1 genome in 8.73 seconds (8.73 seconds/genome).
[2022-04-26 17:55:46] TASK: Identifying Pfam protein families.
[2022-04-26 17:55:49] INFO: Completed 1 genome in 2.18 seconds (2.18 seconds/genome).
[2022-04-26 17:55:49] INFO: Annotations done using HMMER 3.1b2 (February 2015).
[2022-04-26 17:55:49] TASK: Summarising identified marker genes.
[2022-04-26 17:55:49] INFO: Completed 1 genome in 0.07 seconds (14.84 genomes/second).
[2022-04-26 17:55:49] INFO: Done.
[2022-04-26 17:55:49] INFO: Aligning markers in 1 genomes with 20 CPUs.
[2022-04-26 17:55:49] INFO: Processing 1 genomes identified as archaeal.
[2022-04-26 17:55:49] INFO: Read concatenated alignment for 2,339 GTDB genomes.
[2022-04-26 17:55:49] TASK: Generating concatenated alignment for each marker.
[2022-04-26 17:55:50] INFO: Completed 1 genome in 0.82 seconds (1.22 genomes/second).
[2022-04-26 17:55:50] TASK: Aligning 105 identified markers using hmmalign 3.1b2 (February 2015).
[2022-04-26 17:55:51] INFO: Completed 105 markers in 0.99 seconds (106.09 markers/second).
[2022-04-26 17:55:52] TASK: Masking columns of archaeal multiple sequence alignment using canonical mask.
[2022-04-26 17:55:55] INFO: Completed 2,340 sequences in 3.00 seconds (780.42 sequences/second).
[2022-04-26 17:55:55] INFO: Masked archaeal alignment from 32,754 to 5,124 AAs.
[2022-04-26 17:55:55] INFO: 0 archaeal user genomes have amino acids in <10.0% of columns in filtered MSA.
[2022-04-26 17:55:55] INFO: Creating concatenated alignment for 2,340 archaeal GTDB and user genomes.
[2022-04-26 17:55:55] INFO: Creating concatenated alignment for 1 archaeal user genomes.
[2022-04-26 17:55:55] INFO: Done.
[2022-04-26 17:55:55] TASK: Placing 1 archaeal genomes into reference tree with pplacer using 20 CPUs (be patient).
[2022-04-26 17:55:55] INFO: pplacer version: v1.1.alpha19-0-g807f6f3
[2022-04-26 17:57:12] INFO: Calculating RED values based on reference tree.
[2022-04-26 17:57:12] TASK: Traversing tree to determine classification method.
[2022-04-26 17:57:12] INFO: Completed 1 genome in 0.00 seconds (8,756.38 genomes/second).
[2022-04-26 17:57:12] TASK: Calculating average nucleotide identity using FastANI (v1.33).
[2022-04-26 17:57:13] INFO: Completed 2 comparisons in 1.19 seconds (1.68 comparisons/second).
[2022-04-26 17:57:13] INFO: 0 genome(s) have been classified using FastANI and pplacer.
[2022-04-26 17:57:13] INFO: Done.
