[2022-04-23 18:27:14] INFO: GTDB-Tk v1.5.0
[2022-04-23 18:27:14] INFO: gtdbtk classify_wf --genome_dir /home1/christina/Elos_meta/Curtain3/MAGs/bac/with_16S/100/MAG_16/Protologger --out_dir /home1/christina/Elos_meta/Curtain3/MAGs/bac/with_16S/100/MAG_16/Protologger/GTDB-TK-Results --cpus 20
[2022-04-23 18:27:14] INFO: Using GTDB-Tk reference data version r202: /mnt/big/miniconda3/envs/protologger/share/gtdbtk-1.5.0/db/
[2022-04-23 18:27:14] INFO: Identifying markers in 1 genomes with 20 threads.
[2022-04-23 18:27:14] TASK: Running Prodigal V2.6.3 to identify genes.
[2022-04-23 18:27:26] INFO: Completed 1 genome in 12.47 seconds (12.47 seconds/genome).
[2022-04-23 18:27:26] TASK: Identifying TIGRFAM protein families.
[2022-04-23 18:27:32] INFO: Completed 1 genome in 5.87 seconds (5.87 seconds/genome).
[2022-04-23 18:27:32] TASK: Identifying Pfam protein families.
[2022-04-23 18:27:33] INFO: Completed 1 genome in 0.91 seconds (1.10 genomes/second).
[2022-04-23 18:27:33] INFO: Annotations done using HMMER 3.1b2 (February 2015).
[2022-04-23 18:27:33] TASK: Summarising identified marker genes.
[2022-04-23 18:27:33] INFO: Completed 1 genome in 0.03 seconds (35.40 genomes/second).
[2022-04-23 18:27:33] INFO: Done.
[2022-04-23 18:27:33] INFO: Aligning markers in 1 genomes with 20 CPUs.
[2022-04-23 18:27:33] INFO: Processing 1 genomes identified as bacterial.
[2022-04-23 18:27:38] INFO: Read concatenated alignment for 45,555 GTDB genomes.
[2022-04-23 18:27:38] TASK: Generating concatenated alignment for each marker.
[2022-04-23 18:27:38] INFO: Completed 1 genome in 0.07 seconds (15.37 genomes/second).
[2022-04-23 18:27:39] TASK: Aligning 107 identified markers using hmmalign 3.1b2 (February 2015).
[2022-04-23 18:27:39] INFO: Completed 107 markers in 0.21 seconds (520.43 markers/second).
[2022-04-23 18:27:40] TASK: Masking columns of bacterial multiple sequence alignment using canonical mask.
[2022-04-23 18:28:40] INFO: Completed 45,556 sequences in 1.01 minutes (45,271.18 sequences/minute).
[2022-04-23 18:28:40] INFO: Masked bacterial alignment from 41,084 to 5,037 AAs.
[2022-04-23 18:28:40] INFO: 0 bacterial user genomes have amino acids in <10.0% of columns in filtered MSA.
[2022-04-23 18:28:40] INFO: Creating concatenated alignment for 45,556 bacterial GTDB and user genomes.
[2022-04-23 18:28:42] INFO: Creating concatenated alignment for 1 bacterial user genomes.
[2022-04-23 18:28:42] INFO: Done.
[2022-04-23 18:28:42] TASK: Placing 1 bacterial genomes into reference tree with pplacer using 20 CPUs (be patient).
[2022-04-23 18:28:42] INFO: pplacer version: v1.1.alpha19-0-g807f6f3
[2022-04-23 18:57:44] INFO: Calculating RED values based on reference tree.
[2022-04-23 18:57:53] TASK: Traversing tree to determine classification method.
[2022-04-23 18:57:53] INFO: Completed 1 genome in 0.00 seconds (488.85 genomes/second).
[2022-04-23 18:57:53] TASK: Calculating average nucleotide identity using FastANI (v1.33).
[2022-04-23 18:57:53] INFO: Completed 2 comparisons in 0.62 seconds (3.21 comparisons/second).
[2022-04-23 18:57:53] INFO: 0 genome(s) have been classified using FastANI and pplacer.
[2022-04-23 18:57:54] INFO: Done.
