[2022-04-24 06:20:49] INFO: GTDB-Tk v1.5.0
[2022-04-24 06:20:49] INFO: gtdbtk classify_wf --genome_dir /home1/christina/Elos_meta/Curtain3/MAGs/bac/with_16S/rest/MAG_98/Protologger --out_dir /home1/christina/Elos_meta/Curtain3/MAGs/bac/with_16S/rest/MAG_98/Protologger/GTDB-TK-Results --cpus 20
[2022-04-24 06:20:49] INFO: Using GTDB-Tk reference data version r202: /mnt/big/miniconda3/envs/protologger/share/gtdbtk-1.5.0/db/
[2022-04-24 06:20:49] INFO: Identifying markers in 1 genomes with 20 threads.
[2022-04-24 06:20:49] TASK: Running Prodigal V2.6.3 to identify genes.
[2022-04-24 06:21:02] INFO: Completed 1 genome in 13.59 seconds (13.59 seconds/genome).
[2022-04-24 06:21:02] TASK: Identifying TIGRFAM protein families.
[2022-04-24 06:21:08] INFO: Completed 1 genome in 5.99 seconds (5.99 seconds/genome).
[2022-04-24 06:21:08] TASK: Identifying Pfam protein families.
[2022-04-24 06:21:09] INFO: Completed 1 genome in 0.95 seconds (1.05 genomes/second).
[2022-04-24 06:21:09] INFO: Annotations done using HMMER 3.1b2 (February 2015).
[2022-04-24 06:21:09] TASK: Summarising identified marker genes.
[2022-04-24 06:21:09] INFO: Completed 1 genome in 0.02 seconds (40.06 genomes/second).
[2022-04-24 06:21:09] INFO: Done.
[2022-04-24 06:21:09] INFO: Aligning markers in 1 genomes with 20 CPUs.
[2022-04-24 06:21:10] INFO: Processing 1 genomes identified as bacterial.
[2022-04-24 06:21:14] INFO: Read concatenated alignment for 45,555 GTDB genomes.
[2022-04-24 06:21:14] TASK: Generating concatenated alignment for each marker.
[2022-04-24 06:21:15] INFO: Completed 1 genome in 0.02 seconds (43.63 genomes/second).
[2022-04-24 06:21:15] TASK: Aligning 110 identified markers using hmmalign 3.1b2 (February 2015).
[2022-04-24 06:21:16] INFO: Completed 110 markers in 0.17 seconds (639.51 markers/second).
[2022-04-24 06:21:16] TASK: Masking columns of bacterial multiple sequence alignment using canonical mask.
[2022-04-24 06:22:17] INFO: Completed 45,556 sequences in 1.01 minutes (45,157.32 sequences/minute).
[2022-04-24 06:22:17] INFO: Masked bacterial alignment from 41,084 to 5,037 AAs.
[2022-04-24 06:22:17] INFO: 0 bacterial user genomes have amino acids in <10.0% of columns in filtered MSA.
[2022-04-24 06:22:17] INFO: Creating concatenated alignment for 45,556 bacterial GTDB and user genomes.
[2022-04-24 06:22:19] INFO: Creating concatenated alignment for 1 bacterial user genomes.
[2022-04-24 06:22:19] INFO: Done.
[2022-04-24 06:22:19] TASK: Placing 1 bacterial genomes into reference tree with pplacer using 20 CPUs (be patient).
[2022-04-24 06:22:19] INFO: pplacer version: v1.1.alpha19-0-g807f6f3
[2022-04-24 06:51:23] INFO: Calculating RED values based on reference tree.
[2022-04-24 06:51:31] TASK: Traversing tree to determine classification method.
[2022-04-24 06:51:31] INFO: Completed 1 genome in 0.00 seconds (546.42 genomes/second).
[2022-04-24 06:51:31] INFO: 0 genome(s) have been classified using FastANI and pplacer.
[2022-04-24 06:51:31] INFO: Done.
