[2022-04-23 21:28:43] INFO: GTDB-Tk v1.5.0
[2022-04-23 21:28:43] INFO: gtdbtk classify_wf --genome_dir /home1/christina/Elos_meta/Curtain3/MAGs/bac/with_16S/100/MAG_165/Protologger --out_dir /home1/christina/Elos_meta/Curtain3/MAGs/bac/with_16S/100/MAG_165/Protologger/GTDB-TK-Results --cpus 20
[2022-04-23 21:28:43] INFO: Using GTDB-Tk reference data version r202: /mnt/big/miniconda3/envs/protologger/share/gtdbtk-1.5.0/db/
[2022-04-23 21:28:43] INFO: Identifying markers in 1 genomes with 20 threads.
[2022-04-23 21:28:43] TASK: Running Prodigal V2.6.3 to identify genes.
[2022-04-23 21:28:51] INFO: Completed 1 genome in 7.50 seconds (7.50 seconds/genome).
[2022-04-23 21:28:51] TASK: Identifying TIGRFAM protein families.
[2022-04-23 21:28:56] INFO: Completed 1 genome in 4.99 seconds (4.99 seconds/genome).
[2022-04-23 21:28:56] TASK: Identifying Pfam protein families.
[2022-04-23 21:28:56] INFO: Completed 1 genome in 0.68 seconds (1.47 genomes/second).
[2022-04-23 21:28:56] INFO: Annotations done using HMMER 3.1b2 (February 2015).
[2022-04-23 21:28:56] TASK: Summarising identified marker genes.
[2022-04-23 21:28:56] INFO: Completed 1 genome in 0.03 seconds (38.88 genomes/second).
[2022-04-23 21:28:56] INFO: Done.
[2022-04-23 21:28:56] INFO: Aligning markers in 1 genomes with 20 CPUs.
[2022-04-23 21:28:57] INFO: Processing 1 genomes identified as bacterial.
[2022-04-23 21:29:01] INFO: Read concatenated alignment for 45,555 GTDB genomes.
[2022-04-23 21:29:01] TASK: Generating concatenated alignment for each marker.
[2022-04-23 21:29:02] INFO: Completed 1 genome in 0.02 seconds (52.07 genomes/second).
[2022-04-23 21:29:02] TASK: Aligning 101 identified markers using hmmalign 3.1b2 (February 2015).
[2022-04-23 21:29:03] INFO: Completed 101 markers in 0.15 seconds (678.34 markers/second).
[2022-04-23 21:29:03] TASK: Masking columns of bacterial multiple sequence alignment using canonical mask.
[2022-04-23 21:30:03] INFO: Completed 45,556 sequences in 1.01 minutes (45,116.10 sequences/minute).
[2022-04-23 21:30:03] INFO: Masked bacterial alignment from 41,084 to 5,037 AAs.
[2022-04-23 21:30:03] INFO: 0 bacterial user genomes have amino acids in <10.0% of columns in filtered MSA.
[2022-04-23 21:30:03] INFO: Creating concatenated alignment for 45,556 bacterial GTDB and user genomes.
[2022-04-23 21:30:05] INFO: Creating concatenated alignment for 1 bacterial user genomes.
[2022-04-23 21:30:05] INFO: Done.
[2022-04-23 21:30:06] TASK: Placing 1 bacterial genomes into reference tree with pplacer using 20 CPUs (be patient).
[2022-04-23 21:30:06] INFO: pplacer version: v1.1.alpha19-0-g807f6f3
[2022-04-23 21:55:24] INFO: Calculating RED values based on reference tree.
[2022-04-23 21:55:32] TASK: Traversing tree to determine classification method.
[2022-04-23 21:55:32] INFO: Completed 1 genome in 0.00 seconds (446.68 genomes/second).
[2022-04-23 21:55:32] INFO: 0 genome(s) have been classified using FastANI and pplacer.
[2022-04-23 21:55:32] INFO: Done.
