[2022-04-25 04:04:33] INFO: GTDB-Tk v1.5.0
[2022-04-25 04:04:33] INFO: gtdbtk classify_wf --genome_dir /home1/christina/Elos_meta/Curtain3/MAGs/bac/with_16S/200/MAG_276/Protologger --out_dir /home1/christina/Elos_meta/Curtain3/MAGs/bac/with_16S/200/MAG_276/Protologger/GTDB-TK-Results --cpus 20
[2022-04-25 04:04:33] INFO: Using GTDB-Tk reference data version r202: /mnt/big/miniconda3/envs/protologger/share/gtdbtk-1.5.0/db/
[2022-04-25 04:04:33] INFO: Identifying markers in 1 genomes with 20 threads.
[2022-04-25 04:04:33] TASK: Running Prodigal V2.6.3 to identify genes.
[2022-04-25 04:04:41] INFO: Completed 1 genome in 7.91 seconds (7.91 seconds/genome).
[2022-04-25 04:04:41] TASK: Identifying TIGRFAM protein families.
[2022-04-25 04:04:47] INFO: Completed 1 genome in 5.65 seconds (5.65 seconds/genome).
[2022-04-25 04:04:47] TASK: Identifying Pfam protein families.
[2022-04-25 04:04:47] INFO: Completed 1 genome in 0.79 seconds (1.27 genomes/second).
[2022-04-25 04:04:47] INFO: Annotations done using HMMER 3.1b2 (February 2015).
[2022-04-25 04:04:47] TASK: Summarising identified marker genes.
[2022-04-25 04:04:47] INFO: Completed 1 genome in 0.02 seconds (54.18 genomes/second).
[2022-04-25 04:04:47] INFO: Done.
[2022-04-25 04:04:48] INFO: Aligning markers in 1 genomes with 20 CPUs.
[2022-04-25 04:04:48] INFO: Processing 1 genomes identified as bacterial.
[2022-04-25 04:04:52] INFO: Read concatenated alignment for 45,555 GTDB genomes.
[2022-04-25 04:04:52] TASK: Generating concatenated alignment for each marker.
[2022-04-25 04:04:54] INFO: Completed 1 genome in 0.02 seconds (64.90 genomes/second).
[2022-04-25 04:04:54] TASK: Aligning 118 identified markers using hmmalign 3.1b2 (February 2015).
[2022-04-25 04:04:56] INFO: Completed 118 markers in 0.17 seconds (694.38 markers/second).
[2022-04-25 04:04:56] TASK: Masking columns of bacterial multiple sequence alignment using canonical mask.
[2022-04-25 04:05:57] INFO: Completed 45,556 sequences in 1.01 minutes (44,950.64 sequences/minute).
[2022-04-25 04:05:57] INFO: Masked bacterial alignment from 41,084 to 5,037 AAs.
[2022-04-25 04:05:57] INFO: 0 bacterial user genomes have amino acids in <10.0% of columns in filtered MSA.
[2022-04-25 04:05:57] INFO: Creating concatenated alignment for 45,556 bacterial GTDB and user genomes.
[2022-04-25 04:05:59] INFO: Creating concatenated alignment for 1 bacterial user genomes.
[2022-04-25 04:05:59] INFO: Done.
[2022-04-25 04:06:00] TASK: Placing 1 bacterial genomes into reference tree with pplacer using 20 CPUs (be patient).
[2022-04-25 04:06:00] INFO: pplacer version: v1.1.alpha19-0-g807f6f3
[2022-04-25 04:37:50] INFO: Calculating RED values based on reference tree.
[2022-04-25 04:37:59] TASK: Traversing tree to determine classification method.
[2022-04-25 04:37:59] INFO: Completed 1 genome in 0.00 seconds (612.22 genomes/second).
[2022-04-25 04:37:59] TASK: Calculating average nucleotide identity using FastANI (v1.33).
[2022-04-25 04:37:59] INFO: Completed 2 comparisons in 0.49 seconds (4.11 comparisons/second).
[2022-04-25 04:37:59] INFO: 0 genome(s) have been classified using FastANI and pplacer.
[2022-04-25 04:37:59] INFO: Done.
