[2022-04-20 23:23:17] INFO: GTDB-Tk v1.5.0
[2022-04-20 23:23:17] INFO: gtdbtk classify_wf --genome_dir /home1/christina/Elos_meta/Curtain3/MAGs/bac/with_16S/200/MAG_216/Protologger --out_dir /home1/christina/Elos_meta/Curtain3/MAGs/bac/with_16S/200/MAG_216/Protologger/GTDB-TK-Results --cpus 20
[2022-04-20 23:23:17] INFO: Using GTDB-Tk reference data version r202: /mnt/big/miniconda3/envs/protologger/share/gtdbtk-1.5.0/db/
[2022-04-20 23:23:17] INFO: Identifying markers in 1 genomes with 20 threads.
[2022-04-20 23:23:17] TASK: Running Prodigal V2.6.3 to identify genes.
[2022-04-20 23:23:36] INFO: Completed 1 genome in 18.50 seconds (18.50 seconds/genome).
[2022-04-20 23:23:36] TASK: Identifying TIGRFAM protein families.
[2022-04-20 23:23:43] INFO: Completed 1 genome in 6.86 seconds (6.86 seconds/genome).
[2022-04-20 23:23:43] TASK: Identifying Pfam protein families.
[2022-04-20 23:23:44] INFO: Completed 1 genome in 1.05 seconds (1.05 seconds/genome).
[2022-04-20 23:23:44] INFO: Annotations done using HMMER 3.1b2 (February 2015).
[2022-04-20 23:23:44] TASK: Summarising identified marker genes.
[2022-04-20 23:23:44] INFO: Completed 1 genome in 0.05 seconds (22.18 genomes/second).
[2022-04-20 23:23:44] INFO: Done.
[2022-04-20 23:23:44] INFO: Aligning markers in 1 genomes with 20 CPUs.
[2022-04-20 23:23:44] INFO: Processing 1 genomes identified as bacterial.
[2022-04-20 23:23:49] INFO: Read concatenated alignment for 45,555 GTDB genomes.
[2022-04-20 23:23:49] TASK: Generating concatenated alignment for each marker.
[2022-04-20 23:23:50] INFO: Completed 1 genome in 0.03 seconds (38.62 genomes/second).
[2022-04-20 23:23:50] TASK: Aligning 108 identified markers using hmmalign 3.1b2 (February 2015).
[2022-04-20 23:23:51] INFO: Completed 108 markers in 0.27 seconds (404.27 markers/second).
[2022-04-20 23:23:52] TASK: Masking columns of bacterial multiple sequence alignment using canonical mask.
[2022-04-20 23:25:17] INFO: Completed 45,556 sequences in 1.43 minutes (31,885.99 sequences/minute).
[2022-04-20 23:25:17] INFO: Masked bacterial alignment from 41,084 to 5,037 AAs.
[2022-04-20 23:25:17] INFO: 0 bacterial user genomes have amino acids in <10.0% of columns in filtered MSA.
[2022-04-20 23:25:17] INFO: Creating concatenated alignment for 45,556 bacterial GTDB and user genomes.
[2022-04-20 23:25:19] INFO: Creating concatenated alignment for 1 bacterial user genomes.
[2022-04-20 23:25:19] INFO: Done.
[2022-04-20 23:25:20] WARNING: pplacer requires ~204 GB of RAM to fully load the bacterial tree into memory. However, 131.8 GB was detected. This may affect pplacer performance, or fail if there is insufficient swap space.
[2022-04-20 23:25:20] TASK: Placing 1 bacterial genomes into reference tree with pplacer using 20 CPUs (be patient).
[2022-04-20 23:25:20] INFO: pplacer version: v1.1.alpha19-0-g807f6f3
[2022-04-21 00:26:08] ERROR: Controlled exit resulting from an unrecoverable error or warning.

================================================================================
EXCEPTION: PplacerException
  MESSAGE: An error was encountered while running pplacer.
________________________________________________________________________________

Traceback (most recent call last):
  File "/mnt/big/miniconda3/envs/protologger/lib/python3.7/site-packages/gtdbtk/__main__.py", line 95, in main
    gt_parser.parse_options(args)
  File "/mnt/big/miniconda3/envs/protologger/lib/python3.7/site-packages/gtdbtk/main.py", line 718, in parse_options
    self.classify(options)
  File "/mnt/big/miniconda3/envs/protologger/lib/python3.7/site-packages/gtdbtk/main.py", line 447, in classify
    options.split_tree)
  File "/mnt/big/miniconda3/envs/protologger/lib/python3.7/site-packages/gtdbtk/classify.py", line 448, in run
    scratch_dir)
  File "/mnt/big/miniconda3/envs/protologger/lib/python3.7/site-packages/gtdbtk/classify.py", line 241, in place_genomes
    user_msa_file, pplacer_out, pplacer_mmap_file)
  File "/mnt/big/miniconda3/envs/protologger/lib/python3.7/site-packages/gtdbtk/external/pplacer.py", line 93, in run
    'An error was encountered while running pplacer.')
gtdbtk.exceptions.PplacerException: An error was encountered while running pplacer.
================================================================================
[2022-04-22 01:17:58] INFO: GTDB-Tk v1.5.0
[2022-04-22 01:17:58] INFO: gtdbtk classify_wf --genome_dir /home1/christina/Elos_meta/Curtain3/MAGs/bac/with_16S/200/MAG_216/Protologger --out_dir /home1/christina/Elos_meta/Curtain3/MAGs/bac/with_16S/200/MAG_216/Protologger/GTDB-TK-Results --cpus 20
[2022-04-22 01:17:58] INFO: Using GTDB-Tk reference data version r202: /mnt/big/miniconda3/envs/protologger/share/gtdbtk-1.5.0/db/
[2022-04-22 01:17:58] INFO: Identifying markers in 1 genomes with 20 threads.
[2022-04-22 01:17:58] TASK: Running Prodigal V2.6.3 to identify genes.
[2022-04-22 01:17:58] INFO: Completed 1 genome in 0.33 seconds (2.99 genomes/second).
[2022-04-22 01:17:58] WARNING: Prodigal skipped 1 genome due to pre-existing data, see warnings.log
[2022-04-22 01:17:58] TASK: Identifying TIGRFAM protein families.
[2022-04-22 01:17:58] INFO: Completed 1 genome in 0.08 seconds (12.26 genomes/second).
[2022-04-22 01:17:58] WARNING: TIGRFAM skipped 1 genome due to pre-existing data, see warnings.log
[2022-04-22 01:17:58] TASK: Identifying Pfam protein families.
[2022-04-22 01:17:58] INFO: Completed 1 genome in 0.02 seconds (52.15 genomes/second).
[2022-04-22 01:17:58] WARNING: Pfam skipped 1 genome due to pre-existing data, see warnings.log
[2022-04-22 01:17:58] INFO: Annotations done using HMMER 3.1b2 (February 2015).
[2022-04-22 01:17:58] TASK: Summarising identified marker genes.
[2022-04-22 01:17:58] INFO: Completed 1 genome in 0.03 seconds (30.83 genomes/second).
[2022-04-22 01:17:58] INFO: Done.
[2022-04-22 01:17:58] INFO: Aligning markers in 1 genomes with 20 CPUs.
[2022-04-22 01:17:58] INFO: Processing 1 genomes identified as bacterial.
[2022-04-22 01:18:03] INFO: Read concatenated alignment for 45,555 GTDB genomes.
[2022-04-22 01:18:03] TASK: Generating concatenated alignment for each marker.
[2022-04-22 01:18:04] INFO: Completed 1 genome in 0.02 seconds (46.64 genomes/second).
[2022-04-22 01:18:04] TASK: Aligning 108 identified markers using hmmalign 3.1b2 (February 2015).
[2022-04-22 01:18:06] INFO: Completed 108 markers in 0.16 seconds (655.98 markers/second).
[2022-04-22 01:18:06] TASK: Masking columns of bacterial multiple sequence alignment using canonical mask.
[2022-04-22 01:19:07] INFO: Completed 45,556 sequences in 1.01 minutes (45,153.79 sequences/minute).
[2022-04-22 01:19:07] INFO: Masked bacterial alignment from 41,084 to 5,037 AAs.
[2022-04-22 01:19:07] INFO: 0 bacterial user genomes have amino acids in <10.0% of columns in filtered MSA.
[2022-04-22 01:19:07] INFO: Creating concatenated alignment for 45,556 bacterial GTDB and user genomes.
[2022-04-22 01:19:09] INFO: Creating concatenated alignment for 1 bacterial user genomes.
[2022-04-22 01:19:09] INFO: Done.
[2022-04-22 01:19:09] TASK: Placing 1 bacterial genomes into reference tree with pplacer using 20 CPUs (be patient).
[2022-04-22 01:19:09] INFO: pplacer version: v1.1.alpha19-0-g807f6f3
[2022-04-22 01:46:47] INFO: Calculating RED values based on reference tree.
[2022-04-22 01:46:55] TASK: Traversing tree to determine classification method.
[2022-04-22 01:46:55] INFO: Completed 1 genome in 0.00 seconds (517.69 genomes/second).
[2022-04-22 01:46:55] TASK: Calculating average nucleotide identity using FastANI (v1.33).
[2022-04-22 01:46:56] INFO: Completed 2 comparisons in 0.65 seconds (3.10 comparisons/second).
[2022-04-22 01:46:56] INFO: 0 genome(s) have been classified using FastANI and pplacer.
[2022-04-22 01:46:56] INFO: Done.
