[2022-04-25 07:15:58] INFO: GTDB-Tk v1.5.0
[2022-04-25 07:15:58] INFO: gtdbtk classify_wf --genome_dir /home1/christina/Elos_meta/Curtain3/MAGs/bac/with_16S/100/MAG_197/Protologger --out_dir /home1/christina/Elos_meta/Curtain3/MAGs/bac/with_16S/100/MAG_197/Protologger/GTDB-TK-Results --cpus 20
[2022-04-25 07:15:58] INFO: Using GTDB-Tk reference data version r202: /mnt/big/miniconda3/envs/protologger/share/gtdbtk-1.5.0/db/
[2022-04-25 07:15:58] INFO: Identifying markers in 1 genomes with 20 threads.
[2022-04-25 07:15:58] TASK: Running Prodigal V2.6.3 to identify genes.
[2022-04-25 07:16:44] INFO: Completed 1 genome in 46.00 seconds (46.00 seconds/genome).
[2022-04-25 07:16:44] TASK: Identifying TIGRFAM protein families.
[2022-04-25 07:16:51] INFO: Completed 1 genome in 6.51 seconds (6.51 seconds/genome).
[2022-04-25 07:16:51] TASK: Identifying Pfam protein families.
[2022-04-25 07:16:52] INFO: Completed 1 genome in 1.14 seconds (1.14 seconds/genome).
[2022-04-25 07:16:52] INFO: Annotations done using HMMER 3.1b2 (February 2015).
[2022-04-25 07:16:52] TASK: Summarising identified marker genes.
[2022-04-25 07:16:52] INFO: Completed 1 genome in 0.05 seconds (22.20 genomes/second).
[2022-04-25 07:16:52] INFO: Done.
[2022-04-25 07:16:52] INFO: Aligning markers in 1 genomes with 20 CPUs.
[2022-04-25 07:16:52] INFO: Processing 1 genomes identified as bacterial.
[2022-04-25 07:16:57] INFO: Read concatenated alignment for 45,555 GTDB genomes.
[2022-04-25 07:16:57] TASK: Generating concatenated alignment for each marker.
[2022-04-25 07:16:58] INFO: Completed 1 genome in 0.03 seconds (31.66 genomes/second).
[2022-04-25 07:16:58] TASK: Aligning 108 identified markers using hmmalign 3.1b2 (February 2015).
[2022-04-25 07:16:59] INFO: Completed 108 markers in 0.18 seconds (612.36 markers/second).
[2022-04-25 07:16:59] TASK: Masking columns of bacterial multiple sequence alignment using canonical mask.
[2022-04-25 07:17:59] INFO: Completed 45,556 sequences in 1.01 minutes (45,303.03 sequences/minute).
[2022-04-25 07:17:59] INFO: Masked bacterial alignment from 41,084 to 5,037 AAs.
[2022-04-25 07:17:59] INFO: 0 bacterial user genomes have amino acids in <10.0% of columns in filtered MSA.
[2022-04-25 07:17:59] INFO: Creating concatenated alignment for 45,556 bacterial GTDB and user genomes.
[2022-04-25 07:18:01] INFO: Creating concatenated alignment for 1 bacterial user genomes.
[2022-04-25 07:18:01] INFO: Done.
[2022-04-25 07:18:02] TASK: Placing 1 bacterial genomes into reference tree with pplacer using 20 CPUs (be patient).
[2022-04-25 07:18:02] INFO: pplacer version: v1.1.alpha19-0-g807f6f3
[2022-04-25 07:47:20] INFO: Calculating RED values based on reference tree.
[2022-04-25 07:47:28] TASK: Traversing tree to determine classification method.
[2022-04-25 07:47:29] INFO: Completed 1 genome in 0.00 seconds (682.78 genomes/second).
[2022-04-25 07:47:29] TASK: Calculating average nucleotide identity using FastANI (v1.33).
[2022-04-25 07:47:30] INFO: Completed 2 comparisons in 1.09 seconds (1.83 comparisons/second).
[2022-04-25 07:47:30] INFO: 0 genome(s) have been classified using FastANI and pplacer.
[2022-04-25 07:47:30] INFO: Done.
