[2022-04-21 22:45:08] INFO: GTDB-Tk v1.5.0
[2022-04-21 22:45:08] INFO: gtdbtk classify_wf --genome_dir /home1/christina/Elos_meta/Curtain3/MAGs/bac/with_16S/rest/MAG_41/Protologger --out_dir /home1/christina/Elos_meta/Curtain3/MAGs/bac/with_16S/rest/MAG_41/Protologger/GTDB-TK-Results --cpus 20
[2022-04-21 22:45:08] INFO: Using GTDB-Tk reference data version r202: /mnt/big/miniconda3/envs/protologger/share/gtdbtk-1.5.0/db/
[2022-04-21 22:45:09] INFO: Identifying markers in 1 genomes with 20 threads.
[2022-04-21 22:45:09] TASK: Running Prodigal V2.6.3 to identify genes.
[2022-04-21 22:45:25] INFO: Completed 1 genome in 16.53 seconds (16.53 seconds/genome).
[2022-04-21 22:45:25] TASK: Identifying TIGRFAM protein families.
[2022-04-21 22:45:31] INFO: Completed 1 genome in 5.72 seconds (5.72 seconds/genome).
[2022-04-21 22:45:31] TASK: Identifying Pfam protein families.
[2022-04-21 22:45:32] INFO: Completed 1 genome in 0.90 seconds (1.11 genomes/second).
[2022-04-21 22:45:32] INFO: Annotations done using HMMER 3.1b2 (February 2015).
[2022-04-21 22:45:32] TASK: Summarising identified marker genes.
[2022-04-21 22:45:32] INFO: Completed 1 genome in 0.02 seconds (42.73 genomes/second).
[2022-04-21 22:45:32] INFO: Done.
[2022-04-21 22:45:32] INFO: Aligning markers in 1 genomes with 20 CPUs.
[2022-04-21 22:45:32] INFO: Processing 1 genomes identified as bacterial.
[2022-04-21 22:45:36] INFO: Read concatenated alignment for 45,555 GTDB genomes.
[2022-04-21 22:45:36] TASK: Generating concatenated alignment for each marker.
[2022-04-21 22:45:38] INFO: Completed 1 genome in 0.02 seconds (49.13 genomes/second).
[2022-04-21 22:45:38] TASK: Aligning 116 identified markers using hmmalign 3.1b2 (February 2015).
[2022-04-21 22:45:39] INFO: Completed 116 markers in 0.17 seconds (677.60 markers/second).
[2022-04-21 22:45:39] TASK: Masking columns of bacterial multiple sequence alignment using canonical mask.
[2022-04-21 22:46:40] INFO: Completed 45,556 sequences in 1.02 minutes (44,877.45 sequences/minute).
[2022-04-21 22:46:40] INFO: Masked bacterial alignment from 41,084 to 5,037 AAs.
[2022-04-21 22:46:40] INFO: 0 bacterial user genomes have amino acids in <10.0% of columns in filtered MSA.
[2022-04-21 22:46:40] INFO: Creating concatenated alignment for 45,556 bacterial GTDB and user genomes.
[2022-04-21 22:46:42] INFO: Creating concatenated alignment for 1 bacterial user genomes.
[2022-04-21 22:46:42] INFO: Done.
[2022-04-21 22:46:42] TASK: Placing 1 bacterial genomes into reference tree with pplacer using 20 CPUs (be patient).
[2022-04-21 22:46:42] INFO: pplacer version: v1.1.alpha19-0-g807f6f3
[2022-04-21 23:18:04] INFO: Calculating RED values based on reference tree.
[2022-04-21 23:18:13] TASK: Traversing tree to determine classification method.
[2022-04-21 23:18:13] INFO: Completed 1 genome in 0.00 seconds (358.64 genomes/second).
[2022-04-21 23:18:13] INFO: 0 genome(s) have been classified using FastANI and pplacer.
[2022-04-21 23:18:13] INFO: Done.
