[2022-04-25 20:23:23] INFO: GTDB-Tk v1.5.0
[2022-04-25 20:23:23] INFO: gtdbtk classify_wf --genome_dir /home1/christina/Elos_meta/Curtain3/MAGs/arc/with_16S/MAG_155/Protologger --out_dir /home1/christina/Elos_meta/Curtain3/MAGs/arc/with_16S/MAG_155/Protologger/GTDB-TK-Results --cpus 20
[2022-04-25 20:23:23] INFO: Using GTDB-Tk reference data version r202: /mnt/big/miniconda3/envs/protologger/share/gtdbtk-1.5.0/db/
[2022-04-25 20:23:23] INFO: Identifying markers in 1 genomes with 20 threads.
[2022-04-25 20:23:23] TASK: Running Prodigal V2.6.3 to identify genes.
[2022-04-25 20:23:26] INFO: Completed 1 genome in 2.91 seconds (2.91 seconds/genome).
[2022-04-25 20:23:26] TASK: Identifying TIGRFAM protein families.
[2022-04-25 20:23:31] INFO: Completed 1 genome in 4.91 seconds (4.91 seconds/genome).
[2022-04-25 20:23:31] TASK: Identifying Pfam protein families.
[2022-04-25 20:23:32] INFO: Completed 1 genome in 0.87 seconds (1.15 genomes/second).
[2022-04-25 20:23:32] INFO: Annotations done using HMMER 3.1b2 (February 2015).
[2022-04-25 20:23:32] TASK: Summarising identified marker genes.
[2022-04-25 20:23:32] INFO: Completed 1 genome in 0.01 seconds (103.83 genomes/second).
[2022-04-25 20:23:32] INFO: Done.
[2022-04-25 20:23:32] INFO: Aligning markers in 1 genomes with 20 CPUs.
[2022-04-25 20:23:32] INFO: Processing 1 genomes identified as archaeal.
[2022-04-25 20:23:32] INFO: Read concatenated alignment for 2,339 GTDB genomes.
[2022-04-25 20:23:32] TASK: Generating concatenated alignment for each marker.
[2022-04-25 20:23:33] INFO: Completed 1 genome in 0.25 seconds (3.94 genomes/second).
[2022-04-25 20:23:33] TASK: Aligning 89 identified markers using hmmalign 3.1b2 (February 2015).
[2022-04-25 20:23:33] INFO: Completed 89 markers in 0.48 seconds (185.81 markers/second).
[2022-04-25 20:23:33] TASK: Masking columns of archaeal multiple sequence alignment using canonical mask.
[2022-04-25 20:23:36] INFO: Completed 2,340 sequences in 2.60 seconds (901.18 sequences/second).
[2022-04-25 20:23:36] INFO: Masked archaeal alignment from 32,754 to 5,124 AAs.
[2022-04-25 20:23:36] INFO: 0 archaeal user genomes have amino acids in <10.0% of columns in filtered MSA.
[2022-04-25 20:23:36] INFO: Creating concatenated alignment for 2,340 archaeal GTDB and user genomes.
[2022-04-25 20:23:37] INFO: Creating concatenated alignment for 1 archaeal user genomes.
[2022-04-25 20:23:37] INFO: Done.
[2022-04-25 20:23:37] TASK: Placing 1 archaeal genomes into reference tree with pplacer using 20 CPUs (be patient).
[2022-04-25 20:23:37] INFO: pplacer version: v1.1.alpha19-0-g807f6f3
[2022-04-25 20:24:28] INFO: Calculating RED values based on reference tree.
[2022-04-25 20:24:28] TASK: Traversing tree to determine classification method.
[2022-04-25 20:24:28] INFO: Completed 1 genome in 0.00 seconds (8,355.19 genomes/second).
[2022-04-25 20:24:28] TASK: Calculating average nucleotide identity using FastANI (v1.33).
[2022-04-25 20:24:28] INFO: Completed 2 comparisons in 0.31 seconds (6.39 comparisons/second).
[2022-04-25 20:24:28] INFO: 0 genome(s) have been classified using FastANI and pplacer.
[2022-04-25 20:24:28] INFO: Done.
