[2022-04-24 20:30:00] INFO: GTDB-Tk v1.5.0
[2022-04-24 20:30:00] INFO: gtdbtk classify_wf --genome_dir /home1/christina/Elos_meta/Curtain3/MAGs/bac/with_16S/100/MAG_187/Protologger --out_dir /home1/christina/Elos_meta/Curtain3/MAGs/bac/with_16S/100/MAG_187/Protologger/GTDB-TK-Results --cpus 20
[2022-04-24 20:30:00] INFO: Using GTDB-Tk reference data version r202: /mnt/big/miniconda3/envs/protologger/share/gtdbtk-1.5.0/db/
[2022-04-24 20:30:00] INFO: Identifying markers in 1 genomes with 20 threads.
[2022-04-24 20:30:01] TASK: Running Prodigal V2.6.3 to identify genes.
[2022-04-24 20:30:25] INFO: Completed 1 genome in 24.61 seconds (24.61 seconds/genome).
[2022-04-24 20:30:25] TASK: Identifying TIGRFAM protein families.
[2022-04-24 20:30:31] INFO: Completed 1 genome in 5.66 seconds (5.66 seconds/genome).
[2022-04-24 20:30:31] TASK: Identifying Pfam protein families.
[2022-04-24 20:30:32] INFO: Completed 1 genome in 0.86 seconds (1.17 genomes/second).
[2022-04-24 20:30:32] INFO: Annotations done using HMMER 3.1b2 (February 2015).
[2022-04-24 20:30:32] TASK: Summarising identified marker genes.
[2022-04-24 20:30:32] INFO: Completed 1 genome in 0.03 seconds (30.38 genomes/second).
[2022-04-24 20:30:32] INFO: Done.
[2022-04-24 20:30:32] INFO: Aligning markers in 1 genomes with 20 CPUs.
[2022-04-24 20:30:32] INFO: Processing 1 genomes identified as bacterial.
[2022-04-24 20:30:36] INFO: Read concatenated alignment for 45,555 GTDB genomes.
[2022-04-24 20:30:36] TASK: Generating concatenated alignment for each marker.
[2022-04-24 20:30:37] INFO: Completed 1 genome in 0.02 seconds (56.78 genomes/second).
[2022-04-24 20:30:37] TASK: Aligning 101 identified markers using hmmalign 3.1b2 (February 2015).
[2022-04-24 20:30:38] INFO: Completed 101 markers in 0.16 seconds (645.46 markers/second).
[2022-04-24 20:30:38] TASK: Masking columns of bacterial multiple sequence alignment using canonical mask.
[2022-04-24 20:31:39] INFO: Completed 45,556 sequences in 1.01 minutes (45,254.14 sequences/minute).
[2022-04-24 20:31:39] INFO: Masked bacterial alignment from 41,084 to 5,037 AAs.
[2022-04-24 20:31:39] INFO: 0 bacterial user genomes have amino acids in <10.0% of columns in filtered MSA.
[2022-04-24 20:31:39] INFO: Creating concatenated alignment for 45,556 bacterial GTDB and user genomes.
[2022-04-24 20:31:41] INFO: Creating concatenated alignment for 1 bacterial user genomes.
[2022-04-24 20:31:41] INFO: Done.
[2022-04-24 20:31:41] TASK: Placing 1 bacterial genomes into reference tree with pplacer using 20 CPUs (be patient).
[2022-04-24 20:31:41] INFO: pplacer version: v1.1.alpha19-0-g807f6f3
[2022-04-24 20:58:04] INFO: Calculating RED values based on reference tree.
[2022-04-24 20:58:12] TASK: Traversing tree to determine classification method.
[2022-04-24 20:58:13] INFO: Completed 1 genome in 0.00 seconds (605.85 genomes/second).
[2022-04-24 20:58:13] TASK: Calculating average nucleotide identity using FastANI (v1.33).
[2022-04-24 20:58:13] INFO: Completed 4 comparisons in 0.78 seconds (5.14 comparisons/second).
[2022-04-24 20:58:14] INFO: 0 genome(s) have been classified using FastANI and pplacer.
[2022-04-24 20:58:14] INFO: Done.
