[2022-04-23 22:26:51] INFO: GTDB-Tk v1.5.0
[2022-04-23 22:26:51] INFO: gtdbtk classify_wf --genome_dir /home1/christina/Elos_meta/Curtain3/MAGs/bac/with_16S/200/MAG_249/Protologger --out_dir /home1/christina/Elos_meta/Curtain3/MAGs/bac/with_16S/200/MAG_249/Protologger/GTDB-TK-Results --cpus 20
[2022-04-23 22:26:51] INFO: Using GTDB-Tk reference data version r202: /mnt/big/miniconda3/envs/protologger/share/gtdbtk-1.5.0/db/
[2022-04-23 22:26:51] INFO: Identifying markers in 1 genomes with 20 threads.
[2022-04-23 22:26:51] TASK: Running Prodigal V2.6.3 to identify genes.
[2022-04-23 22:27:06] INFO: Completed 1 genome in 14.69 seconds (14.69 seconds/genome).
[2022-04-23 22:27:06] TASK: Identifying TIGRFAM protein families.
[2022-04-23 22:27:12] INFO: Completed 1 genome in 6.20 seconds (6.20 seconds/genome).
[2022-04-23 22:27:12] TASK: Identifying Pfam protein families.
[2022-04-23 22:27:13] INFO: Completed 1 genome in 1.07 seconds (1.07 seconds/genome).
[2022-04-23 22:27:13] INFO: Annotations done using HMMER 3.1b2 (February 2015).
[2022-04-23 22:27:13] TASK: Summarising identified marker genes.
[2022-04-23 22:27:13] INFO: Completed 1 genome in 0.03 seconds (28.62 genomes/second).
[2022-04-23 22:27:13] INFO: Done.
[2022-04-23 22:27:14] INFO: Aligning markers in 1 genomes with 20 CPUs.
[2022-04-23 22:27:14] INFO: Processing 1 genomes identified as bacterial.
[2022-04-23 22:27:18] INFO: Read concatenated alignment for 45,555 GTDB genomes.
[2022-04-23 22:27:18] TASK: Generating concatenated alignment for each marker.
[2022-04-23 22:27:20] INFO: Completed 1 genome in 0.02 seconds (49.25 genomes/second).
[2022-04-23 22:27:20] TASK: Aligning 110 identified markers using hmmalign 3.1b2 (February 2015).
[2022-04-23 22:27:22] INFO: Completed 110 markers in 0.17 seconds (640.45 markers/second).
[2022-04-23 22:27:22] TASK: Masking columns of bacterial multiple sequence alignment using canonical mask.
[2022-04-23 22:28:23] INFO: Completed 45,556 sequences in 1.01 minutes (45,073.48 sequences/minute).
[2022-04-23 22:28:23] INFO: Masked bacterial alignment from 41,084 to 5,037 AAs.
[2022-04-23 22:28:23] INFO: 0 bacterial user genomes have amino acids in <10.0% of columns in filtered MSA.
[2022-04-23 22:28:23] INFO: Creating concatenated alignment for 45,556 bacterial GTDB and user genomes.
[2022-04-23 22:28:25] INFO: Creating concatenated alignment for 1 bacterial user genomes.
[2022-04-23 22:28:25] INFO: Done.
[2022-04-23 22:28:25] TASK: Placing 1 bacterial genomes into reference tree with pplacer using 20 CPUs (be patient).
[2022-04-23 22:28:25] INFO: pplacer version: v1.1.alpha19-0-g807f6f3
[2022-04-23 22:58:16] INFO: Calculating RED values based on reference tree.
[2022-04-23 22:58:24] TASK: Traversing tree to determine classification method.
[2022-04-23 22:58:24] INFO: Completed 1 genome in 0.00 seconds (662.92 genomes/second).
[2022-04-23 22:58:24] INFO: 0 genome(s) have been classified using FastANI and pplacer.
[2022-04-23 22:58:24] INFO: Done.
