[2022-04-21 14:13:53] INFO: GTDB-Tk v1.5.0
[2022-04-21 14:13:53] INFO: gtdbtk classify_wf --genome_dir /home1/christina/Elos_meta/Curtain3/MAGs/bac/with_16S/200/MAG_201/Protologger --out_dir /home1/christina/Elos_meta/Curtain3/MAGs/bac/with_16S/200/MAG_201/Protologger/GTDB-TK-Results --cpus 20
[2022-04-21 14:13:53] INFO: Using GTDB-Tk reference data version r202: /mnt/big/miniconda3/envs/protologger/share/gtdbtk-1.5.0/db/
[2022-04-21 14:13:53] INFO: Identifying markers in 1 genomes with 20 threads.
[2022-04-21 14:13:53] TASK: Running Prodigal V2.6.3 to identify genes.
[2022-04-21 14:14:28] INFO: Completed 1 genome in 34.80 seconds (34.80 seconds/genome).
[2022-04-21 14:14:28] TASK: Identifying TIGRFAM protein families.
[2022-04-21 14:14:34] INFO: Completed 1 genome in 6.02 seconds (6.02 seconds/genome).
[2022-04-21 14:14:34] TASK: Identifying Pfam protein families.
[2022-04-21 14:14:35] INFO: Completed 1 genome in 0.96 seconds (1.04 genomes/second).
[2022-04-21 14:14:35] INFO: Annotations done using HMMER 3.1b2 (February 2015).
[2022-04-21 14:14:35] TASK: Summarising identified marker genes.
[2022-04-21 14:14:35] INFO: Completed 1 genome in 0.04 seconds (24.99 genomes/second).
[2022-04-21 14:14:35] INFO: Done.
[2022-04-21 14:14:35] INFO: Aligning markers in 1 genomes with 20 CPUs.
[2022-04-21 14:14:36] INFO: Processing 1 genomes identified as bacterial.
[2022-04-21 14:14:40] INFO: Read concatenated alignment for 45,555 GTDB genomes.
[2022-04-21 14:14:40] TASK: Generating concatenated alignment for each marker.
[2022-04-21 14:14:41] INFO: Completed 1 genome in 0.02 seconds (48.72 genomes/second).
[2022-04-21 14:14:42] TASK: Aligning 106 identified markers using hmmalign 3.1b2 (February 2015).
[2022-04-21 14:14:43] INFO: Completed 106 markers in 0.15 seconds (708.71 markers/second).
[2022-04-21 14:14:43] TASK: Masking columns of bacterial multiple sequence alignment using canonical mask.
[2022-04-21 14:15:45] INFO: Completed 45,556 sequences in 1.04 minutes (43,984.46 sequences/minute).
[2022-04-21 14:15:46] INFO: Masked bacterial alignment from 41,084 to 5,037 AAs.
[2022-04-21 14:15:46] INFO: 0 bacterial user genomes have amino acids in <10.0% of columns in filtered MSA.
[2022-04-21 14:15:46] INFO: Creating concatenated alignment for 45,556 bacterial GTDB and user genomes.
[2022-04-21 14:15:48] INFO: Creating concatenated alignment for 1 bacterial user genomes.
[2022-04-21 14:15:48] INFO: Done.
[2022-04-21 14:15:48] TASK: Placing 1 bacterial genomes into reference tree with pplacer using 20 CPUs (be patient).
[2022-04-21 14:15:48] INFO: pplacer version: v1.1.alpha19-0-g807f6f3
[2022-04-21 14:42:35] INFO: Calculating RED values based on reference tree.
[2022-04-21 14:42:44] TASK: Traversing tree to determine classification method.
[2022-04-21 14:42:44] INFO: Completed 1 genome in 0.00 seconds (441.09 genomes/second).
[2022-04-21 14:42:44] TASK: Calculating average nucleotide identity using FastANI (v1.33).
[2022-04-21 14:42:45] INFO: Completed 2 comparisons in 1.00 seconds (2.00 comparisons/second).
[2022-04-21 14:42:45] INFO: 0 genome(s) have been classified using FastANI and pplacer.
[2022-04-21 14:42:45] INFO: Done.
