[2022-04-21 14:12:39] INFO: GTDB-Tk v1.5.0
[2022-04-21 14:12:39] INFO: gtdbtk classify_wf --genome_dir /home1/christina/Elos_meta/Curtain3/MAGs/bac/with_16S/100/MAG_106/Protologger --out_dir /home1/christina/Elos_meta/Curtain3/MAGs/bac/with_16S/100/MAG_106/Protologger/GTDB-TK-Results --cpus 20
[2022-04-21 14:12:39] INFO: Using GTDB-Tk reference data version r202: /mnt/big/miniconda3/envs/protologger/share/gtdbtk-1.5.0/db/
[2022-04-21 14:12:40] INFO: Identifying markers in 1 genomes with 20 threads.
[2022-04-21 14:12:40] TASK: Running Prodigal V2.6.3 to identify genes.
[2022-04-21 14:12:44] INFO: Completed 1 genome in 4.14 seconds (4.14 seconds/genome).
[2022-04-21 14:12:44] TASK: Identifying TIGRFAM protein families.
[2022-04-21 14:12:49] INFO: Completed 1 genome in 5.07 seconds (5.07 seconds/genome).
[2022-04-21 14:12:49] TASK: Identifying Pfam protein families.
[2022-04-21 14:12:50] INFO: Completed 1 genome in 0.69 seconds (1.45 genomes/second).
[2022-04-21 14:12:50] INFO: Annotations done using HMMER 3.1b2 (February 2015).
[2022-04-21 14:12:50] TASK: Summarising identified marker genes.
[2022-04-21 14:12:50] INFO: Completed 1 genome in 0.02 seconds (54.36 genomes/second).
[2022-04-21 14:12:50] INFO: Done.
[2022-04-21 14:12:50] INFO: Aligning markers in 1 genomes with 20 CPUs.
[2022-04-21 14:12:50] INFO: Processing 1 genomes identified as bacterial.
[2022-04-21 14:12:54] INFO: Read concatenated alignment for 45,555 GTDB genomes.
[2022-04-21 14:12:54] TASK: Generating concatenated alignment for each marker.
[2022-04-21 14:12:55] INFO: Completed 1 genome in 0.01 seconds (91.75 genomes/second).
[2022-04-21 14:12:55] TASK: Aligning 102 identified markers using hmmalign 3.1b2 (February 2015).
[2022-04-21 14:12:56] INFO: Completed 102 markers in 0.16 seconds (654.42 markers/second).
[2022-04-21 14:12:56] TASK: Masking columns of bacterial multiple sequence alignment using canonical mask.
[2022-04-21 14:13:57] INFO: Completed 45,556 sequences in 1.02 minutes (44,713.07 sequences/minute).
[2022-04-21 14:13:57] INFO: Masked bacterial alignment from 41,084 to 5,037 AAs.
[2022-04-21 14:13:57] INFO: 0 bacterial user genomes have amino acids in <10.0% of columns in filtered MSA.
[2022-04-21 14:13:57] INFO: Creating concatenated alignment for 45,556 bacterial GTDB and user genomes.
[2022-04-21 14:14:01] INFO: Creating concatenated alignment for 1 bacterial user genomes.
[2022-04-21 14:14:01] INFO: Done.
[2022-04-21 14:14:01] TASK: Placing 1 bacterial genomes into reference tree with pplacer using 20 CPUs (be patient).
[2022-04-21 14:14:01] INFO: pplacer version: v1.1.alpha19-0-g807f6f3
[2022-04-21 14:41:06] INFO: Calculating RED values based on reference tree.
[2022-04-21 14:41:14] TASK: Traversing tree to determine classification method.
[2022-04-21 14:41:15] INFO: Completed 1 genome in 0.00 seconds (585.39 genomes/second).
[2022-04-21 14:41:15] TASK: Calculating average nucleotide identity using FastANI (v1.33).
[2022-04-21 14:41:15] INFO: Completed 2 comparisons in 0.54 seconds (3.72 comparisons/second).
[2022-04-21 14:41:15] INFO: 0 genome(s) have been classified using FastANI and pplacer.
[2022-04-21 14:41:16] INFO: Done.
