[2022-04-23 09:18:53] INFO: GTDB-Tk v1.5.0
[2022-04-23 09:18:53] INFO: gtdbtk classify_wf --genome_dir /home1/christina/Elos_meta/Curtain3/MAGs/bac/with_16S/100/MAG_15/Protologger --out_dir /home1/christina/Elos_meta/Curtain3/MAGs/bac/with_16S/100/MAG_15/Protologger/GTDB-TK-Results --cpus 20
[2022-04-23 09:18:53] INFO: Using GTDB-Tk reference data version r202: /mnt/big/miniconda3/envs/protologger/share/gtdbtk-1.5.0/db/
[2022-04-23 09:18:53] INFO: Identifying markers in 1 genomes with 20 threads.
[2022-04-23 09:18:53] TASK: Running Prodigal V2.6.3 to identify genes.
[2022-04-23 09:19:10] INFO: Completed 1 genome in 17.46 seconds (17.46 seconds/genome).
[2022-04-23 09:19:10] TASK: Identifying TIGRFAM protein families.
[2022-04-23 09:19:17] INFO: Completed 1 genome in 6.20 seconds (6.20 seconds/genome).
[2022-04-23 09:19:17] TASK: Identifying Pfam protein families.
[2022-04-23 09:19:18] INFO: Completed 1 genome in 1.11 seconds (1.11 seconds/genome).
[2022-04-23 09:19:18] INFO: Annotations done using HMMER 3.1b2 (February 2015).
[2022-04-23 09:19:18] TASK: Summarising identified marker genes.
[2022-04-23 09:19:18] INFO: Completed 1 genome in 0.04 seconds (24.69 genomes/second).
[2022-04-23 09:19:18] INFO: Done.
[2022-04-23 09:19:18] INFO: Aligning markers in 1 genomes with 20 CPUs.
[2022-04-23 09:19:18] INFO: Processing 1 genomes identified as bacterial.
[2022-04-23 09:19:22] INFO: Read concatenated alignment for 45,555 GTDB genomes.
[2022-04-23 09:19:22] TASK: Generating concatenated alignment for each marker.
[2022-04-23 09:19:23] INFO: Completed 1 genome in 0.02 seconds (43.41 genomes/second).
[2022-04-23 09:19:23] TASK: Aligning 106 identified markers using hmmalign 3.1b2 (February 2015).
[2022-04-23 09:19:24] INFO: Completed 106 markers in 0.20 seconds (539.72 markers/second).
[2022-04-23 09:19:24] TASK: Masking columns of bacterial multiple sequence alignment using canonical mask.
[2022-04-23 09:20:25] INFO: Completed 45,556 sequences in 1.02 minutes (44,720.97 sequences/minute).
[2022-04-23 09:20:25] INFO: Masked bacterial alignment from 41,084 to 5,037 AAs.
[2022-04-23 09:20:25] INFO: 0 bacterial user genomes have amino acids in <10.0% of columns in filtered MSA.
[2022-04-23 09:20:25] INFO: Creating concatenated alignment for 45,556 bacterial GTDB and user genomes.
[2022-04-23 09:20:27] INFO: Creating concatenated alignment for 1 bacterial user genomes.
[2022-04-23 09:20:28] INFO: Done.
[2022-04-23 09:20:28] TASK: Placing 1 bacterial genomes into reference tree with pplacer using 20 CPUs (be patient).
[2022-04-23 09:20:28] INFO: pplacer version: v1.1.alpha19-0-g807f6f3
[2022-04-23 09:48:51] INFO: Calculating RED values based on reference tree.
[2022-04-23 09:48:59] TASK: Traversing tree to determine classification method.
[2022-04-23 09:48:59] INFO: Completed 1 genome in 0.00 seconds (687.70 genomes/second).
[2022-04-23 09:48:59] TASK: Calculating average nucleotide identity using FastANI (v1.33).
[2022-04-23 09:49:00] INFO: Completed 2 comparisons in 0.78 seconds (2.57 comparisons/second).
[2022-04-23 09:49:00] INFO: 0 genome(s) have been classified using FastANI and pplacer.
[2022-04-23 09:49:01] INFO: Done.
