[2022-04-27 19:26:41] INFO: GTDB-Tk v1.5.0
[2022-04-27 19:26:41] INFO: gtdbtk classify_wf --genome_dir /home1/christina/Elos_meta/Curtain3/MAGs/arc/with_16S/MAG_225/Protologger --out_dir /home1/christina/Elos_meta/Curtain3/MAGs/arc/with_16S/MAG_225/Protologger/GTDB-TK-Results --cpus 20
[2022-04-27 19:26:41] INFO: Using GTDB-Tk reference data version r202: /mnt/big/miniconda3/envs/protologger/share/gtdbtk-1.5.0/db/
[2022-04-27 19:26:41] INFO: Identifying markers in 1 genomes with 20 threads.
[2022-04-27 19:26:41] TASK: Running Prodigal V2.6.3 to identify genes.
[2022-04-27 19:26:54] INFO: Completed 1 genome in 13.21 seconds (13.21 seconds/genome).
[2022-04-27 19:26:54] TASK: Identifying TIGRFAM protein families.
[2022-04-27 19:27:01] INFO: Completed 1 genome in 6.09 seconds (6.09 seconds/genome).
[2022-04-27 19:27:01] TASK: Identifying Pfam protein families.
[2022-04-27 19:27:02] INFO: Completed 1 genome in 1.13 seconds (1.13 seconds/genome).
[2022-04-27 19:27:02] INFO: Annotations done using HMMER 3.1b2 (February 2015).
[2022-04-27 19:27:02] TASK: Summarising identified marker genes.
[2022-04-27 19:27:02] INFO: Completed 1 genome in 0.03 seconds (31.78 genomes/second).
[2022-04-27 19:27:02] INFO: Done.
[2022-04-27 19:27:02] INFO: Aligning markers in 1 genomes with 20 CPUs.
[2022-04-27 19:27:02] INFO: Processing 1 genomes identified as archaeal.
[2022-04-27 19:27:02] INFO: Read concatenated alignment for 2,339 GTDB genomes.
[2022-04-27 19:27:02] TASK: Generating concatenated alignment for each marker.
[2022-04-27 19:27:03] INFO: Completed 1 genome in 0.32 seconds (3.13 genomes/second).
[2022-04-27 19:27:03] TASK: Aligning 114 identified markers using hmmalign 3.1b2 (February 2015).
[2022-04-27 19:27:03] INFO: Completed 114 markers in 0.51 seconds (224.12 markers/second).
[2022-04-27 19:27:03] TASK: Masking columns of archaeal multiple sequence alignment using canonical mask.
[2022-04-27 19:27:06] INFO: Completed 2,340 sequences in 2.61 seconds (896.96 sequences/second).
[2022-04-27 19:27:06] INFO: Masked archaeal alignment from 32,754 to 5,124 AAs.
[2022-04-27 19:27:06] INFO: 0 archaeal user genomes have amino acids in <10.0% of columns in filtered MSA.
[2022-04-27 19:27:06] INFO: Creating concatenated alignment for 2,340 archaeal GTDB and user genomes.
[2022-04-27 19:27:06] INFO: Creating concatenated alignment for 1 archaeal user genomes.
[2022-04-27 19:27:06] INFO: Done.
[2022-04-27 19:27:06] TASK: Placing 1 archaeal genomes into reference tree with pplacer using 20 CPUs (be patient).
[2022-04-27 19:27:06] INFO: pplacer version: v1.1.alpha19-0-g807f6f3
[2022-04-27 19:28:16] INFO: Calculating RED values based on reference tree.
[2022-04-27 19:28:17] TASK: Traversing tree to determine classification method.
[2022-04-27 19:28:17] INFO: Completed 1 genome in 0.00 seconds (13,148.29 genomes/second).
[2022-04-27 19:28:17] TASK: Calculating average nucleotide identity using FastANI (v1.33).
[2022-04-27 19:28:17] INFO: Completed 2 comparisons in 0.49 seconds (4.04 comparisons/second).
[2022-04-27 19:28:17] INFO: 0 genome(s) have been classified using FastANI and pplacer.
[2022-04-27 19:28:17] INFO: Done.
