[2022-04-26 10:12:36] INFO: GTDB-Tk v1.5.0
[2022-04-26 10:12:36] INFO: gtdbtk classify_wf --genome_dir /home1/christina/Elos_meta/Curtain3/MAGs/bac/with_16S/200/MAG_289/Protologger --out_dir /home1/christina/Elos_meta/Curtain3/MAGs/bac/with_16S/200/MAG_289/Protologger/GTDB-TK-Results --cpus 20
[2022-04-26 10:12:36] INFO: Using GTDB-Tk reference data version r202: /mnt/big/miniconda3/envs/protologger/share/gtdbtk-1.5.0/db/
[2022-04-26 10:12:36] INFO: Identifying markers in 1 genomes with 20 threads.
[2022-04-26 10:12:36] TASK: Running Prodigal V2.6.3 to identify genes.
[2022-04-26 10:12:54] INFO: Completed 1 genome in 17.27 seconds (17.27 seconds/genome).
[2022-04-26 10:12:54] TASK: Identifying TIGRFAM protein families.
[2022-04-26 10:12:59] INFO: Completed 1 genome in 5.71 seconds (5.71 seconds/genome).
[2022-04-26 10:12:59] TASK: Identifying Pfam protein families.
[2022-04-26 10:13:00] INFO: Completed 1 genome in 0.86 seconds (1.16 genomes/second).
[2022-04-26 10:13:00] INFO: Annotations done using HMMER 3.1b2 (February 2015).
[2022-04-26 10:13:00] TASK: Summarising identified marker genes.
[2022-04-26 10:13:00] INFO: Completed 1 genome in 0.03 seconds (31.67 genomes/second).
[2022-04-26 10:13:00] INFO: Done.
[2022-04-26 10:13:00] INFO: Aligning markers in 1 genomes with 20 CPUs.
[2022-04-26 10:13:00] INFO: Processing 1 genomes identified as bacterial.
[2022-04-26 10:13:05] INFO: Read concatenated alignment for 45,555 GTDB genomes.
[2022-04-26 10:13:05] TASK: Generating concatenated alignment for each marker.
[2022-04-26 10:13:06] INFO: Completed 1 genome in 0.02 seconds (62.22 genomes/second).
[2022-04-26 10:13:06] TASK: Aligning 107 identified markers using hmmalign 3.1b2 (February 2015).
[2022-04-26 10:13:08] INFO: Completed 107 markers in 0.18 seconds (588.00 markers/second).
[2022-04-26 10:13:08] TASK: Masking columns of bacterial multiple sequence alignment using canonical mask.
[2022-04-26 10:14:09] INFO: Completed 45,556 sequences in 1.02 minutes (44,853.73 sequences/minute).
[2022-04-26 10:14:09] INFO: Masked bacterial alignment from 41,084 to 5,037 AAs.
[2022-04-26 10:14:09] INFO: 0 bacterial user genomes have amino acids in <10.0% of columns in filtered MSA.
[2022-04-26 10:14:09] INFO: Creating concatenated alignment for 45,556 bacterial GTDB and user genomes.
[2022-04-26 10:14:11] INFO: Creating concatenated alignment for 1 bacterial user genomes.
[2022-04-26 10:14:12] INFO: Done.
[2022-04-26 10:14:12] TASK: Placing 1 bacterial genomes into reference tree with pplacer using 20 CPUs (be patient).
[2022-04-26 10:14:12] INFO: pplacer version: v1.1.alpha19-0-g807f6f3
[2022-04-26 10:41:36] INFO: Calculating RED values based on reference tree.
[2022-04-26 10:41:44] TASK: Traversing tree to determine classification method.
[2022-04-26 10:41:44] INFO: Completed 1 genome in 0.00 seconds (644.68 genomes/second).
[2022-04-26 10:41:44] TASK: Calculating average nucleotide identity using FastANI (v1.33).
[2022-04-26 10:41:45] INFO: Completed 2 comparisons in 0.57 seconds (3.51 comparisons/second).
[2022-04-26 10:41:45] INFO: 0 genome(s) have been classified using FastANI and pplacer.
[2022-04-26 10:41:45] INFO: Done.
