[2022-04-23 08:06:34] INFO: GTDB-Tk v1.5.0
[2022-04-23 08:06:34] INFO: gtdbtk classify_wf --genome_dir /home1/christina/Elos_meta/Curtain3/MAGs/bac/with_16S/200/MAG_240/Protologger --out_dir /home1/christina/Elos_meta/Curtain3/MAGs/bac/with_16S/200/MAG_240/Protologger/GTDB-TK-Results --cpus 20
[2022-04-23 08:06:34] INFO: Using GTDB-Tk reference data version r202: /mnt/big/miniconda3/envs/protologger/share/gtdbtk-1.5.0/db/
[2022-04-23 08:06:34] INFO: Identifying markers in 1 genomes with 20 threads.
[2022-04-23 08:06:34] TASK: Running Prodigal V2.6.3 to identify genes.
[2022-04-23 08:06:43] INFO: Completed 1 genome in 9.68 seconds (9.68 seconds/genome).
[2022-04-23 08:06:43] TASK: Identifying TIGRFAM protein families.
[2022-04-23 08:06:49] INFO: Completed 1 genome in 5.73 seconds (5.73 seconds/genome).
[2022-04-23 08:06:49] TASK: Identifying Pfam protein families.
[2022-04-23 08:06:50] INFO: Completed 1 genome in 0.83 seconds (1.21 genomes/second).
[2022-04-23 08:06:50] INFO: Annotations done using HMMER 3.1b2 (February 2015).
[2022-04-23 08:06:50] TASK: Summarising identified marker genes.
[2022-04-23 08:06:50] INFO: Completed 1 genome in 0.02 seconds (40.99 genomes/second).
[2022-04-23 08:06:50] INFO: Done.
[2022-04-23 08:06:50] INFO: Aligning markers in 1 genomes with 20 CPUs.
[2022-04-23 08:06:50] INFO: Processing 1 genomes identified as bacterial.
[2022-04-23 08:06:55] INFO: Read concatenated alignment for 45,555 GTDB genomes.
[2022-04-23 08:06:55] TASK: Generating concatenated alignment for each marker.
[2022-04-23 08:06:56] INFO: Completed 1 genome in 0.01 seconds (85.06 genomes/second).
[2022-04-23 08:06:56] TASK: Aligning 106 identified markers using hmmalign 3.1b2 (February 2015).
[2022-04-23 08:06:57] INFO: Completed 106 markers in 0.17 seconds (622.27 markers/second).
[2022-04-23 08:06:58] TASK: Masking columns of bacterial multiple sequence alignment using canonical mask.
[2022-04-23 08:07:58] INFO: Completed 45,556 sequences in 1.01 minutes (45,110.45 sequences/minute).
[2022-04-23 08:07:58] INFO: Masked bacterial alignment from 41,084 to 5,037 AAs.
[2022-04-23 08:07:58] INFO: 0 bacterial user genomes have amino acids in <10.0% of columns in filtered MSA.
[2022-04-23 08:07:58] INFO: Creating concatenated alignment for 45,556 bacterial GTDB and user genomes.
[2022-04-23 08:08:00] INFO: Creating concatenated alignment for 1 bacterial user genomes.
[2022-04-23 08:08:01] INFO: Done.
[2022-04-23 08:08:01] TASK: Placing 1 bacterial genomes into reference tree with pplacer using 20 CPUs (be patient).
[2022-04-23 08:08:01] INFO: pplacer version: v1.1.alpha19-0-g807f6f3
[2022-04-23 08:34:32] INFO: Calculating RED values based on reference tree.
[2022-04-23 08:34:40] TASK: Traversing tree to determine classification method.
[2022-04-23 08:34:40] INFO: Completed 1 genome in 0.00 seconds (637.04 genomes/second).
[2022-04-23 08:34:40] TASK: Calculating average nucleotide identity using FastANI (v1.33).
[2022-04-23 08:34:41] INFO: Completed 2 comparisons in 0.60 seconds (3.34 comparisons/second).
[2022-04-23 08:34:41] INFO: 0 genome(s) have been classified using FastANI and pplacer.
[2022-04-23 08:34:41] INFO: Done.
