[2022-04-21 11:15:04] INFO: GTDB-Tk v1.5.0
[2022-04-21 11:15:04] INFO: gtdbtk classify_wf --genome_dir /home1/christina/Elos_meta/Curtain3/MAGs/bac/with_16S/200/MAG_200/Protologger --out_dir /home1/christina/Elos_meta/Curtain3/MAGs/bac/with_16S/200/MAG_200/Protologger/GTDB-TK-Results --cpus 20
[2022-04-21 11:15:04] INFO: Using GTDB-Tk reference data version r202: /mnt/big/miniconda3/envs/protologger/share/gtdbtk-1.5.0/db/
[2022-04-21 11:15:04] INFO: Identifying markers in 1 genomes with 20 threads.
[2022-04-21 11:15:04] TASK: Running Prodigal V2.6.3 to identify genes.
[2022-04-21 11:15:19] INFO: Completed 1 genome in 15.39 seconds (15.39 seconds/genome).
[2022-04-21 11:15:19] TASK: Identifying TIGRFAM protein families.
[2022-04-21 11:15:25] INFO: Completed 1 genome in 5.24 seconds (5.24 seconds/genome).
[2022-04-21 11:15:25] TASK: Identifying Pfam protein families.
[2022-04-21 11:15:25] INFO: Completed 1 genome in 0.79 seconds (1.27 genomes/second).
[2022-04-21 11:15:25] INFO: Annotations done using HMMER 3.1b2 (February 2015).
[2022-04-21 11:15:25] TASK: Summarising identified marker genes.
[2022-04-21 11:15:25] INFO: Completed 1 genome in 0.02 seconds (43.51 genomes/second).
[2022-04-21 11:15:25] INFO: Done.
[2022-04-21 11:15:26] INFO: Aligning markers in 1 genomes with 20 CPUs.
[2022-04-21 11:15:26] INFO: Processing 1 genomes identified as bacterial.
[2022-04-21 11:15:30] INFO: Read concatenated alignment for 45,555 GTDB genomes.
[2022-04-21 11:15:30] TASK: Generating concatenated alignment for each marker.
[2022-04-21 11:15:32] INFO: Completed 1 genome in 0.01 seconds (82.97 genomes/second).
[2022-04-21 11:15:32] TASK: Aligning 97 identified markers using hmmalign 3.1b2 (February 2015).
[2022-04-21 11:15:34] INFO: Completed 97 markers in 0.13 seconds (756.10 markers/second).
[2022-04-21 11:15:34] TASK: Masking columns of bacterial multiple sequence alignment using canonical mask.
[2022-04-21 11:16:36] INFO: Completed 45,556 sequences in 1.03 minutes (44,213.57 sequences/minute).
[2022-04-21 11:16:36] INFO: Masked bacterial alignment from 41,084 to 5,037 AAs.
[2022-04-21 11:16:36] INFO: 0 bacterial user genomes have amino acids in <10.0% of columns in filtered MSA.
[2022-04-21 11:16:36] INFO: Creating concatenated alignment for 45,556 bacterial GTDB and user genomes.
[2022-04-21 11:16:39] INFO: Creating concatenated alignment for 1 bacterial user genomes.
[2022-04-21 11:16:39] INFO: Done.
[2022-04-21 11:16:39] TASK: Placing 1 bacterial genomes into reference tree with pplacer using 20 CPUs (be patient).
[2022-04-21 11:16:39] INFO: pplacer version: v1.1.alpha19-0-g807f6f3
[2022-04-21 11:41:16] INFO: Calculating RED values based on reference tree.
[2022-04-21 11:41:24] TASK: Traversing tree to determine classification method.
[2022-04-21 11:41:24] INFO: Completed 1 genome in 0.00 seconds (510.19 genomes/second).
[2022-04-21 11:41:24] TASK: Calculating average nucleotide identity using FastANI (v1.33).
[2022-04-21 11:41:26] INFO: Completed 4 comparisons in 1.03 seconds (3.90 comparisons/second).
[2022-04-21 11:41:26] INFO: 0 genome(s) have been classified using FastANI and pplacer.
[2022-04-21 11:41:26] INFO: Done.
