[2022-04-24 01:05:05] INFO: GTDB-Tk v1.5.0
[2022-04-24 01:05:05] INFO: gtdbtk classify_wf --genome_dir /home1/christina/Elos_meta/Curtain3/MAGs/bac/with_16S/rest/MAG_93/Protologger --out_dir /home1/christina/Elos_meta/Curtain3/MAGs/bac/with_16S/rest/MAG_93/Protologger/GTDB-TK-Results --cpus 20
[2022-04-24 01:05:05] INFO: Using GTDB-Tk reference data version r202: /mnt/big/miniconda3/envs/protologger/share/gtdbtk-1.5.0/db/
[2022-04-24 01:05:05] INFO: Identifying markers in 1 genomes with 20 threads.
[2022-04-24 01:05:05] TASK: Running Prodigal V2.6.3 to identify genes.
[2022-04-24 01:05:20] INFO: Completed 1 genome in 15.11 seconds (15.11 seconds/genome).
[2022-04-24 01:05:20] TASK: Identifying TIGRFAM protein families.
[2022-04-24 01:05:26] INFO: Completed 1 genome in 5.89 seconds (5.89 seconds/genome).
[2022-04-24 01:05:26] TASK: Identifying Pfam protein families.
[2022-04-24 01:05:27] INFO: Completed 1 genome in 0.95 seconds (1.05 genomes/second).
[2022-04-24 01:05:27] INFO: Annotations done using HMMER 3.1b2 (February 2015).
[2022-04-24 01:05:27] TASK: Summarising identified marker genes.
[2022-04-24 01:05:27] INFO: Completed 1 genome in 0.04 seconds (26.58 genomes/second).
[2022-04-24 01:05:27] INFO: Done.
[2022-04-24 01:05:27] INFO: Aligning markers in 1 genomes with 20 CPUs.
[2022-04-24 01:05:27] INFO: Processing 1 genomes identified as bacterial.
[2022-04-24 01:05:31] INFO: Read concatenated alignment for 45,555 GTDB genomes.
[2022-04-24 01:05:31] TASK: Generating concatenated alignment for each marker.
[2022-04-24 01:05:32] INFO: Completed 1 genome in 0.02 seconds (45.01 genomes/second).
[2022-04-24 01:05:32] TASK: Aligning 93 identified markers using hmmalign 3.1b2 (February 2015).
[2022-04-24 01:05:33] INFO: Completed 93 markers in 0.17 seconds (537.07 markers/second).
[2022-04-24 01:05:33] TASK: Masking columns of bacterial multiple sequence alignment using canonical mask.
[2022-04-24 01:06:34] INFO: Completed 45,556 sequences in 1.01 minutes (45,209.76 sequences/minute).
[2022-04-24 01:06:34] INFO: Masked bacterial alignment from 41,084 to 5,037 AAs.
[2022-04-24 01:06:34] INFO: 0 bacterial user genomes have amino acids in <10.0% of columns in filtered MSA.
[2022-04-24 01:06:34] INFO: Creating concatenated alignment for 45,556 bacterial GTDB and user genomes.
[2022-04-24 01:06:36] INFO: Creating concatenated alignment for 1 bacterial user genomes.
[2022-04-24 01:06:36] INFO: Done.
[2022-04-24 01:06:36] TASK: Placing 1 bacterial genomes into reference tree with pplacer using 20 CPUs (be patient).
[2022-04-24 01:06:36] INFO: pplacer version: v1.1.alpha19-0-g807f6f3
[2022-04-24 01:30:06] INFO: Calculating RED values based on reference tree.
[2022-04-24 01:30:14] TASK: Traversing tree to determine classification method.
[2022-04-24 01:30:14] INFO: Completed 1 genome in 0.00 seconds (587.03 genomes/second).
[2022-04-24 01:30:14] INFO: 0 genome(s) have been classified using FastANI and pplacer.
[2022-04-24 01:30:14] INFO: Done.
