[2022-04-21 18:20:55] INFO: GTDB-Tk v1.5.0
[2022-04-21 18:20:55] INFO: gtdbtk classify_wf --genome_dir /home1/christina/Elos_meta/Curtain3/MAGs/bac/with_16S/200/MAG_202/Protologger --out_dir /home1/christina/Elos_meta/Curtain3/MAGs/bac/with_16S/200/MAG_202/Protologger/GTDB-TK-Results --cpus 20
[2022-04-21 18:20:55] INFO: Using GTDB-Tk reference data version r202: /mnt/big/miniconda3/envs/protologger/share/gtdbtk-1.5.0/db/
[2022-04-21 18:20:55] INFO: Identifying markers in 1 genomes with 20 threads.
[2022-04-21 18:20:55] TASK: Running Prodigal V2.6.3 to identify genes.
[2022-04-21 18:21:00] INFO: Completed 1 genome in 5.16 seconds (5.16 seconds/genome).
[2022-04-21 18:21:00] TASK: Identifying TIGRFAM protein families.
[2022-04-21 18:21:05] INFO: Completed 1 genome in 4.93 seconds (4.93 seconds/genome).
[2022-04-21 18:21:05] TASK: Identifying Pfam protein families.
[2022-04-21 18:21:06] INFO: Completed 1 genome in 0.67 seconds (1.48 genomes/second).
[2022-04-21 18:21:06] INFO: Annotations done using HMMER 3.1b2 (February 2015).
[2022-04-21 18:21:06] TASK: Summarising identified marker genes.
[2022-04-21 18:21:06] INFO: Completed 1 genome in 0.02 seconds (41.97 genomes/second).
[2022-04-21 18:21:06] INFO: Done.
[2022-04-21 18:21:06] INFO: Aligning markers in 1 genomes with 20 CPUs.
[2022-04-21 18:21:06] INFO: Processing 1 genomes identified as bacterial.
[2022-04-21 18:21:11] INFO: Read concatenated alignment for 45,555 GTDB genomes.
[2022-04-21 18:21:11] TASK: Generating concatenated alignment for each marker.
[2022-04-21 18:21:12] INFO: Completed 1 genome in 0.02 seconds (60.70 genomes/second).
[2022-04-21 18:21:12] TASK: Aligning 81 identified markers using hmmalign 3.1b2 (February 2015).
[2022-04-21 18:21:14] INFO: Completed 81 markers in 0.12 seconds (680.58 markers/second).
[2022-04-21 18:21:14] TASK: Masking columns of bacterial multiple sequence alignment using canonical mask.
[2022-04-21 18:22:16] INFO: Completed 45,556 sequences in 1.04 minutes (43,659.63 sequences/minute).
[2022-04-21 18:22:16] INFO: Masked bacterial alignment from 41,084 to 5,037 AAs.
[2022-04-21 18:22:16] INFO: 0 bacterial user genomes have amino acids in <10.0% of columns in filtered MSA.
[2022-04-21 18:22:16] INFO: Creating concatenated alignment for 45,556 bacterial GTDB and user genomes.
[2022-04-21 18:22:19] INFO: Creating concatenated alignment for 1 bacterial user genomes.
[2022-04-21 18:22:19] INFO: Done.
[2022-04-21 18:22:19] TASK: Placing 1 bacterial genomes into reference tree with pplacer using 20 CPUs (be patient).
[2022-04-21 18:22:19] INFO: pplacer version: v1.1.alpha19-0-g807f6f3
[2022-04-21 18:41:11] INFO: Calculating RED values based on reference tree.
[2022-04-21 18:41:20] TASK: Traversing tree to determine classification method.
[2022-04-21 18:41:20] INFO: Completed 1 genome in 0.65 seconds (1.55 genomes/second).
[2022-04-21 18:41:20] INFO: 0 genome(s) have been classified using FastANI and pplacer.
[2022-04-21 18:41:21] INFO: Done.
