[2022-04-22 16:01:37] INFO: GTDB-Tk v1.5.0
[2022-04-22 16:01:37] INFO: gtdbtk classify_wf --genome_dir /home1/christina/Elos_meta/Curtain3/MAGs/bac/with_16S/rest/MAG_59/Protologger --out_dir /home1/christina/Elos_meta/Curtain3/MAGs/bac/with_16S/rest/MAG_59/Protologger/GTDB-TK-Results --cpus 20
[2022-04-22 16:01:37] INFO: Using GTDB-Tk reference data version r202: /mnt/big/miniconda3/envs/protologger/share/gtdbtk-1.5.0/db/
[2022-04-22 16:01:37] INFO: Identifying markers in 1 genomes with 20 threads.
[2022-04-22 16:01:37] TASK: Running Prodigal V2.6.3 to identify genes.
[2022-04-22 16:01:56] INFO: Completed 1 genome in 18.93 seconds (18.93 seconds/genome).
[2022-04-22 16:01:56] TASK: Identifying TIGRFAM protein families.
[2022-04-22 16:02:01] INFO: Completed 1 genome in 5.41 seconds (5.41 seconds/genome).
[2022-04-22 16:02:01] TASK: Identifying Pfam protein families.
[2022-04-22 16:02:02] INFO: Completed 1 genome in 0.83 seconds (1.21 genomes/second).
[2022-04-22 16:02:02] INFO: Annotations done using HMMER 3.1b2 (February 2015).
[2022-04-22 16:02:02] TASK: Summarising identified marker genes.
[2022-04-22 16:02:02] INFO: Completed 1 genome in 0.03 seconds (36.47 genomes/second).
[2022-04-22 16:02:02] INFO: Done.
[2022-04-22 16:02:02] INFO: Aligning markers in 1 genomes with 20 CPUs.
[2022-04-22 16:02:02] INFO: Processing 1 genomes identified as bacterial.
[2022-04-22 16:02:06] INFO: Read concatenated alignment for 45,555 GTDB genomes.
[2022-04-22 16:02:06] TASK: Generating concatenated alignment for each marker.
[2022-04-22 16:02:07] INFO: Completed 1 genome in 0.02 seconds (66.13 genomes/second).
[2022-04-22 16:02:07] TASK: Aligning 107 identified markers using hmmalign 3.1b2 (February 2015).
[2022-04-22 16:02:08] INFO: Completed 107 markers in 0.19 seconds (577.92 markers/second).
[2022-04-22 16:02:08] TASK: Masking columns of bacterial multiple sequence alignment using canonical mask.
[2022-04-22 16:03:09] INFO: Completed 45,556 sequences in 1.01 minutes (44,971.98 sequences/minute).
[2022-04-22 16:03:09] INFO: Masked bacterial alignment from 41,084 to 5,037 AAs.
[2022-04-22 16:03:09] INFO: 0 bacterial user genomes have amino acids in <10.0% of columns in filtered MSA.
[2022-04-22 16:03:09] INFO: Creating concatenated alignment for 45,556 bacterial GTDB and user genomes.
[2022-04-22 16:03:12] INFO: Creating concatenated alignment for 1 bacterial user genomes.
[2022-04-22 16:03:12] INFO: Done.
[2022-04-22 16:03:13] TASK: Placing 1 bacterial genomes into reference tree with pplacer using 20 CPUs (be patient).
[2022-04-22 16:03:13] INFO: pplacer version: v1.1.alpha19-0-g807f6f3
[2022-04-22 16:31:03] INFO: Calculating RED values based on reference tree.
[2022-04-22 16:31:11] TASK: Traversing tree to determine classification method.
[2022-04-22 16:31:11] INFO: Completed 1 genome in 0.00 seconds (200.83 genomes/second).
[2022-04-22 16:31:11] INFO: 0 genome(s) have been classified using FastANI and pplacer.
[2022-04-22 16:31:11] INFO: Done.
