[2022-04-23 00:58:28] INFO: GTDB-Tk v1.5.0
[2022-04-23 00:58:28] INFO: gtdbtk classify_wf --genome_dir /home1/christina/Elos_meta/Curtain3/MAGs/bac/with_16S/200/MAG_233/Protologger --out_dir /home1/christina/Elos_meta/Curtain3/MAGs/bac/with_16S/200/MAG_233/Protologger/GTDB-TK-Results --cpus 20
[2022-04-23 00:58:28] INFO: Using GTDB-Tk reference data version r202: /mnt/big/miniconda3/envs/protologger/share/gtdbtk-1.5.0/db/
[2022-04-23 00:58:28] INFO: Identifying markers in 1 genomes with 20 threads.
[2022-04-23 00:58:28] TASK: Running Prodigal V2.6.3 to identify genes.
[2022-04-23 00:58:53] INFO: Completed 1 genome in 24.31 seconds (24.31 seconds/genome).
[2022-04-23 00:58:53] TASK: Identifying TIGRFAM protein families.
[2022-04-23 00:58:59] INFO: Completed 1 genome in 6.57 seconds (6.57 seconds/genome).
[2022-04-23 00:58:59] TASK: Identifying Pfam protein families.
[2022-04-23 00:59:00] INFO: Completed 1 genome in 1.08 seconds (1.08 seconds/genome).
[2022-04-23 00:59:00] INFO: Annotations done using HMMER 3.1b2 (February 2015).
[2022-04-23 00:59:00] TASK: Summarising identified marker genes.
[2022-04-23 00:59:00] INFO: Completed 1 genome in 0.05 seconds (22.17 genomes/second).
[2022-04-23 00:59:00] INFO: Done.
[2022-04-23 00:59:01] INFO: Aligning markers in 1 genomes with 20 CPUs.
[2022-04-23 00:59:01] INFO: Processing 1 genomes identified as bacterial.
[2022-04-23 00:59:05] INFO: Read concatenated alignment for 45,555 GTDB genomes.
[2022-04-23 00:59:05] TASK: Generating concatenated alignment for each marker.
[2022-04-23 00:59:06] INFO: Completed 1 genome in 0.03 seconds (31.53 genomes/second).
[2022-04-23 00:59:06] TASK: Aligning 111 identified markers using hmmalign 3.1b2 (February 2015).
[2022-04-23 00:59:08] INFO: Completed 111 markers in 0.17 seconds (651.68 markers/second).
[2022-04-23 00:59:08] TASK: Masking columns of bacterial multiple sequence alignment using canonical mask.
[2022-04-23 01:00:09] INFO: Completed 45,556 sequences in 1.01 minutes (44,912.76 sequences/minute).
[2022-04-23 01:00:09] INFO: Masked bacterial alignment from 41,084 to 5,037 AAs.
[2022-04-23 01:00:09] INFO: 0 bacterial user genomes have amino acids in <10.0% of columns in filtered MSA.
[2022-04-23 01:00:09] INFO: Creating concatenated alignment for 45,556 bacterial GTDB and user genomes.
[2022-04-23 01:00:11] INFO: Creating concatenated alignment for 1 bacterial user genomes.
[2022-04-23 01:00:11] INFO: Done.
[2022-04-23 01:00:11] TASK: Placing 1 bacterial genomes into reference tree with pplacer using 20 CPUs (be patient).
[2022-04-23 01:00:11] INFO: pplacer version: v1.1.alpha19-0-g807f6f3
[2022-04-23 01:28:55] INFO: Calculating RED values based on reference tree.
[2022-04-23 01:29:03] TASK: Traversing tree to determine classification method.
[2022-04-23 01:29:03] INFO: Completed 1 genome in 0.00 seconds (718.57 genomes/second).
[2022-04-23 01:29:03] INFO: 0 genome(s) have been classified using FastANI and pplacer.
[2022-04-23 01:29:03] INFO: Done.
