[2022-04-24 11:58:42] INFO: GTDB-Tk v1.5.0
[2022-04-24 11:58:42] INFO: gtdbtk classify_wf --genome_dir /home1/christina/Elos_meta/Curtain3/MAGs/bac/with_16S/100/MAG_18/Protologger --out_dir /home1/christina/Elos_meta/Curtain3/MAGs/bac/with_16S/100/MAG_18/Protologger/GTDB-TK-Results --cpus 20
[2022-04-24 11:58:42] INFO: Using GTDB-Tk reference data version r202: /mnt/big/miniconda3/envs/protologger/share/gtdbtk-1.5.0/db/
[2022-04-24 11:58:43] INFO: Identifying markers in 1 genomes with 20 threads.
[2022-04-24 11:58:43] TASK: Running Prodigal V2.6.3 to identify genes.
[2022-04-24 11:58:51] INFO: Completed 1 genome in 8.08 seconds (8.08 seconds/genome).
[2022-04-24 11:58:51] TASK: Identifying TIGRFAM protein families.
[2022-04-24 11:58:56] INFO: Completed 1 genome in 5.74 seconds (5.74 seconds/genome).
[2022-04-24 11:58:56] TASK: Identifying Pfam protein families.
[2022-04-24 11:58:57] INFO: Completed 1 genome in 0.91 seconds (1.10 genomes/second).
[2022-04-24 11:58:57] INFO: Annotations done using HMMER 3.1b2 (February 2015).
[2022-04-24 11:58:57] TASK: Summarising identified marker genes.
[2022-04-24 11:58:57] INFO: Completed 1 genome in 0.03 seconds (38.09 genomes/second).
[2022-04-24 11:58:57] INFO: Done.
[2022-04-24 11:58:58] INFO: Aligning markers in 1 genomes with 20 CPUs.
[2022-04-24 11:58:58] INFO: Processing 1 genomes identified as bacterial.
[2022-04-24 11:59:02] INFO: Read concatenated alignment for 45,555 GTDB genomes.
[2022-04-24 11:59:02] TASK: Generating concatenated alignment for each marker.
[2022-04-24 11:59:03] INFO: Completed 1 genome in 0.02 seconds (56.48 genomes/second).
[2022-04-24 11:59:03] TASK: Aligning 116 identified markers using hmmalign 3.1b2 (February 2015).
[2022-04-24 11:59:04] INFO: Completed 116 markers in 0.19 seconds (619.78 markers/second).
[2022-04-24 11:59:04] TASK: Masking columns of bacterial multiple sequence alignment using canonical mask.
[2022-04-24 12:00:05] INFO: Completed 45,556 sequences in 1.01 minutes (45,027.23 sequences/minute).
[2022-04-24 12:00:05] INFO: Masked bacterial alignment from 41,084 to 5,037 AAs.
[2022-04-24 12:00:05] INFO: 0 bacterial user genomes have amino acids in <10.0% of columns in filtered MSA.
[2022-04-24 12:00:05] INFO: Creating concatenated alignment for 45,556 bacterial GTDB and user genomes.
[2022-04-24 12:00:07] INFO: Creating concatenated alignment for 1 bacterial user genomes.
[2022-04-24 12:00:07] INFO: Done.
[2022-04-24 12:00:07] TASK: Placing 1 bacterial genomes into reference tree with pplacer using 20 CPUs (be patient).
[2022-04-24 12:00:07] INFO: pplacer version: v1.1.alpha19-0-g807f6f3
[2022-04-24 12:31:54] INFO: Calculating RED values based on reference tree.
[2022-04-24 12:32:03] TASK: Traversing tree to determine classification method.
[2022-04-24 12:32:03] INFO: Completed 1 genome in 0.00 seconds (764.13 genomes/second).
[2022-04-24 12:32:03] TASK: Calculating average nucleotide identity using FastANI (v1.33).
[2022-04-24 12:32:04] INFO: Completed 2 comparisons in 0.65 seconds (3.08 comparisons/second).
[2022-04-24 12:32:04] INFO: 0 genome(s) have been classified using FastANI and pplacer.
[2022-04-24 12:32:04] INFO: Done.
