[2022-04-21 23:16:05] INFO: GTDB-Tk v1.5.0
[2022-04-21 23:16:05] INFO: gtdbtk classify_wf --genome_dir /home1/christina/Elos_meta/Curtain3/MAGs/bac/with_16S/100/MAG_110/Protologger --out_dir /home1/christina/Elos_meta/Curtain3/MAGs/bac/with_16S/100/MAG_110/Protologger/GTDB-TK-Results --cpus 20
[2022-04-21 23:16:05] INFO: Using GTDB-Tk reference data version r202: /mnt/big/miniconda3/envs/protologger/share/gtdbtk-1.5.0/db/
[2022-04-21 23:16:06] INFO: Identifying markers in 1 genomes with 20 threads.
[2022-04-21 23:16:06] TASK: Running Prodigal V2.6.3 to identify genes.
[2022-04-21 23:16:26] INFO: Completed 1 genome in 20.81 seconds (20.81 seconds/genome).
[2022-04-21 23:16:26] TASK: Identifying TIGRFAM protein families.
[2022-04-21 23:16:33] INFO: Completed 1 genome in 6.46 seconds (6.46 seconds/genome).
[2022-04-21 23:16:33] TASK: Identifying Pfam protein families.
[2022-04-21 23:16:34] INFO: Completed 1 genome in 1.17 seconds (1.17 seconds/genome).
[2022-04-21 23:16:34] INFO: Annotations done using HMMER 3.1b2 (February 2015).
[2022-04-21 23:16:34] TASK: Summarising identified marker genes.
[2022-04-21 23:16:34] INFO: Completed 1 genome in 0.04 seconds (23.26 genomes/second).
[2022-04-21 23:16:34] INFO: Done.
[2022-04-21 23:16:34] INFO: Aligning markers in 1 genomes with 20 CPUs.
[2022-04-21 23:16:34] INFO: Processing 1 genomes identified as bacterial.
[2022-04-21 23:16:38] INFO: Read concatenated alignment for 45,555 GTDB genomes.
[2022-04-21 23:16:38] TASK: Generating concatenated alignment for each marker.
[2022-04-21 23:16:39] INFO: Completed 1 genome in 0.03 seconds (35.68 genomes/second).
[2022-04-21 23:16:40] TASK: Aligning 105 identified markers using hmmalign 3.1b2 (February 2015).
[2022-04-21 23:16:41] INFO: Completed 105 markers in 0.17 seconds (634.47 markers/second).
[2022-04-21 23:16:41] TASK: Masking columns of bacterial multiple sequence alignment using canonical mask.
[2022-04-21 23:17:42] INFO: Completed 45,556 sequences in 1.02 minutes (44,845.99 sequences/minute).
[2022-04-21 23:17:42] INFO: Masked bacterial alignment from 41,084 to 5,037 AAs.
[2022-04-21 23:17:42] INFO: 0 bacterial user genomes have amino acids in <10.0% of columns in filtered MSA.
[2022-04-21 23:17:42] INFO: Creating concatenated alignment for 45,556 bacterial GTDB and user genomes.
[2022-04-21 23:17:44] INFO: Creating concatenated alignment for 1 bacterial user genomes.
[2022-04-21 23:17:44] INFO: Done.
[2022-04-21 23:17:44] TASK: Placing 1 bacterial genomes into reference tree with pplacer using 20 CPUs (be patient).
[2022-04-21 23:17:44] INFO: pplacer version: v1.1.alpha19-0-g807f6f3
[2022-04-21 23:46:04] INFO: Calculating RED values based on reference tree.
[2022-04-21 23:46:12] TASK: Traversing tree to determine classification method.
[2022-04-21 23:46:12] INFO: Completed 1 genome in 0.00 seconds (350.87 genomes/second).
[2022-04-21 23:46:12] INFO: 0 genome(s) have been classified using FastANI and pplacer.
[2022-04-21 23:46:12] INFO: Done.
