[2022-04-23 04:46:16] INFO: GTDB-Tk v1.5.0
[2022-04-23 04:46:16] INFO: gtdbtk classify_wf --genome_dir /home1/christina/Elos_meta/Curtain3/MAGs/bac/with_16S/200/MAG_234/Protologger --out_dir /home1/christina/Elos_meta/Curtain3/MAGs/bac/with_16S/200/MAG_234/Protologger/GTDB-TK-Results --cpus 20
[2022-04-23 04:46:16] INFO: Using GTDB-Tk reference data version r202: /mnt/big/miniconda3/envs/protologger/share/gtdbtk-1.5.0/db/
[2022-04-23 04:46:16] INFO: Identifying markers in 1 genomes with 20 threads.
[2022-04-23 04:46:16] TASK: Running Prodigal V2.6.3 to identify genes.
[2022-04-23 04:46:39] INFO: Completed 1 genome in 22.85 seconds (22.85 seconds/genome).
[2022-04-23 04:46:39] TASK: Identifying TIGRFAM protein families.
[2022-04-23 04:46:45] INFO: Completed 1 genome in 6.04 seconds (6.04 seconds/genome).
[2022-04-23 04:46:45] TASK: Identifying Pfam protein families.
[2022-04-23 04:46:46] INFO: Completed 1 genome in 1.00 seconds (1.00 seconds/genome).
[2022-04-23 04:46:46] INFO: Annotations done using HMMER 3.1b2 (February 2015).
[2022-04-23 04:46:46] TASK: Summarising identified marker genes.
[2022-04-23 04:46:46] INFO: Completed 1 genome in 0.04 seconds (27.10 genomes/second).
[2022-04-23 04:46:46] INFO: Done.
[2022-04-23 04:46:47] INFO: Aligning markers in 1 genomes with 20 CPUs.
[2022-04-23 04:46:47] INFO: Processing 1 genomes identified as bacterial.
[2022-04-23 04:46:51] INFO: Read concatenated alignment for 45,555 GTDB genomes.
[2022-04-23 04:46:51] TASK: Generating concatenated alignment for each marker.
[2022-04-23 04:46:53] INFO: Completed 1 genome in 0.02 seconds (44.36 genomes/second).
[2022-04-23 04:46:53] TASK: Aligning 105 identified markers using hmmalign 3.1b2 (February 2015).
[2022-04-23 04:46:55] INFO: Completed 105 markers in 0.16 seconds (676.55 markers/second).
[2022-04-23 04:46:55] TASK: Masking columns of bacterial multiple sequence alignment using canonical mask.
[2022-04-23 04:47:56] INFO: Completed 45,556 sequences in 1.01 minutes (45,037.33 sequences/minute).
[2022-04-23 04:47:56] INFO: Masked bacterial alignment from 41,084 to 5,037 AAs.
[2022-04-23 04:47:56] INFO: 0 bacterial user genomes have amino acids in <10.0% of columns in filtered MSA.
[2022-04-23 04:47:56] INFO: Creating concatenated alignment for 45,556 bacterial GTDB and user genomes.
[2022-04-23 04:47:58] INFO: Creating concatenated alignment for 1 bacterial user genomes.
[2022-04-23 04:47:58] INFO: Done.
[2022-04-23 04:47:59] TASK: Placing 1 bacterial genomes into reference tree with pplacer using 20 CPUs (be patient).
[2022-04-23 04:47:59] INFO: pplacer version: v1.1.alpha19-0-g807f6f3
[2022-04-23 05:15:54] INFO: Calculating RED values based on reference tree.
[2022-04-23 05:16:03] TASK: Traversing tree to determine classification method.
[2022-04-23 05:16:03] INFO: Completed 1 genome in 0.00 seconds (435.14 genomes/second).
[2022-04-23 05:16:03] INFO: 0 genome(s) have been classified using FastANI and pplacer.
[2022-04-23 05:16:03] INFO: Done.
