[2022-04-22 22:20:26] INFO: GTDB-Tk v1.5.0
[2022-04-22 22:20:26] INFO: gtdbtk classify_wf --genome_dir /home1/christina/Elos_meta/Curtain3/MAGs/bac/with_16S/200/MAG_229/Protologger --out_dir /home1/christina/Elos_meta/Curtain3/MAGs/bac/with_16S/200/MAG_229/Protologger/GTDB-TK-Results --cpus 20
[2022-04-22 22:20:26] INFO: Using GTDB-Tk reference data version r202: /mnt/big/miniconda3/envs/protologger/share/gtdbtk-1.5.0/db/
[2022-04-22 22:20:26] INFO: Identifying markers in 1 genomes with 20 threads.
[2022-04-22 22:20:26] TASK: Running Prodigal V2.6.3 to identify genes.
[2022-04-22 22:20:57] INFO: Completed 1 genome in 31.37 seconds (31.37 seconds/genome).
[2022-04-22 22:20:57] TASK: Identifying TIGRFAM protein families.
[2022-04-22 22:21:03] INFO: Completed 1 genome in 6.11 seconds (6.11 seconds/genome).
[2022-04-22 22:21:04] TASK: Identifying Pfam protein families.
[2022-04-22 22:21:05] INFO: Completed 1 genome in 1.04 seconds (1.04 seconds/genome).
[2022-04-22 22:21:05] INFO: Annotations done using HMMER 3.1b2 (February 2015).
[2022-04-22 22:21:05] TASK: Summarising identified marker genes.
[2022-04-22 22:21:05] INFO: Completed 1 genome in 0.04 seconds (28.52 genomes/second).
[2022-04-22 22:21:05] INFO: Done.
[2022-04-22 22:21:05] INFO: Aligning markers in 1 genomes with 20 CPUs.
[2022-04-22 22:21:05] INFO: Processing 1 genomes identified as bacterial.
[2022-04-22 22:21:10] INFO: Read concatenated alignment for 45,555 GTDB genomes.
[2022-04-22 22:21:10] TASK: Generating concatenated alignment for each marker.
[2022-04-22 22:21:11] INFO: Completed 1 genome in 0.03 seconds (33.39 genomes/second).
[2022-04-22 22:21:11] TASK: Aligning 118 identified markers using hmmalign 3.1b2 (February 2015).
[2022-04-22 22:21:13] INFO: Completed 118 markers in 0.17 seconds (693.82 markers/second).
[2022-04-22 22:21:13] TASK: Masking columns of bacterial multiple sequence alignment using canonical mask.
[2022-04-22 22:22:14] INFO: Completed 45,556 sequences in 1.01 minutes (45,048.16 sequences/minute).
[2022-04-22 22:22:14] INFO: Masked bacterial alignment from 41,084 to 5,037 AAs.
[2022-04-22 22:22:14] INFO: 0 bacterial user genomes have amino acids in <10.0% of columns in filtered MSA.
[2022-04-22 22:22:14] INFO: Creating concatenated alignment for 45,556 bacterial GTDB and user genomes.
[2022-04-22 22:22:16] INFO: Creating concatenated alignment for 1 bacterial user genomes.
[2022-04-22 22:22:16] INFO: Done.
[2022-04-22 22:22:16] TASK: Placing 1 bacterial genomes into reference tree with pplacer using 20 CPUs (be patient).
[2022-04-22 22:22:16] INFO: pplacer version: v1.1.alpha19-0-g807f6f3
[2022-04-22 22:54:19] INFO: Calculating RED values based on reference tree.
[2022-04-22 22:54:27] TASK: Traversing tree to determine classification method.
[2022-04-22 22:54:27] INFO: Completed 1 genome in 0.00 seconds (514.58 genomes/second).
[2022-04-22 22:54:27] TASK: Calculating average nucleotide identity using FastANI (v1.33).
[2022-04-22 22:54:28] INFO: Completed 2 comparisons in 0.74 seconds (2.72 comparisons/second).
[2022-04-22 22:54:28] INFO: 0 genome(s) have been classified using FastANI and pplacer.
[2022-04-22 22:54:28] INFO: Done.
