[2022-04-23 15:09:15] INFO: GTDB-Tk v1.5.0
[2022-04-23 15:09:15] INFO: gtdbtk classify_wf --genome_dir /home1/christina/Elos_meta/Curtain3/MAGs/bac/with_16S/rest/MAG_83/Protologger --out_dir /home1/christina/Elos_meta/Curtain3/MAGs/bac/with_16S/rest/MAG_83/Protologger/GTDB-TK-Results --cpus 20
[2022-04-23 15:09:15] INFO: Using GTDB-Tk reference data version r202: /mnt/big/miniconda3/envs/protologger/share/gtdbtk-1.5.0/db/
[2022-04-23 15:09:15] INFO: Identifying markers in 1 genomes with 20 threads.
[2022-04-23 15:09:15] TASK: Running Prodigal V2.6.3 to identify genes.
[2022-04-23 15:09:30] INFO: Completed 1 genome in 14.24 seconds (14.24 seconds/genome).
[2022-04-23 15:09:30] TASK: Identifying TIGRFAM protein families.
[2022-04-23 15:09:35] INFO: Completed 1 genome in 5.39 seconds (5.39 seconds/genome).
[2022-04-23 15:09:35] TASK: Identifying Pfam protein families.
[2022-04-23 15:09:36] INFO: Completed 1 genome in 0.85 seconds (1.18 genomes/second).
[2022-04-23 15:09:36] INFO: Annotations done using HMMER 3.1b2 (February 2015).
[2022-04-23 15:09:36] TASK: Summarising identified marker genes.
[2022-04-23 15:09:36] INFO: Completed 1 genome in 0.03 seconds (36.36 genomes/second).
[2022-04-23 15:09:36] INFO: Done.
[2022-04-23 15:09:36] INFO: Aligning markers in 1 genomes with 20 CPUs.
[2022-04-23 15:09:36] INFO: Processing 1 genomes identified as bacterial.
[2022-04-23 15:09:40] INFO: Read concatenated alignment for 45,555 GTDB genomes.
[2022-04-23 15:09:40] TASK: Generating concatenated alignment for each marker.
[2022-04-23 15:09:41] INFO: Completed 1 genome in 0.01 seconds (73.94 genomes/second).
[2022-04-23 15:09:41] TASK: Aligning 117 identified markers using hmmalign 3.1b2 (February 2015).
[2022-04-23 15:09:42] INFO: Completed 117 markers in 0.21 seconds (561.85 markers/second).
[2022-04-23 15:09:42] TASK: Masking columns of bacterial multiple sequence alignment using canonical mask.
[2022-04-23 15:10:43] INFO: Completed 45,556 sequences in 1.01 minutes (45,209.44 sequences/minute).
[2022-04-23 15:10:43] INFO: Masked bacterial alignment from 41,084 to 5,037 AAs.
[2022-04-23 15:10:43] INFO: 0 bacterial user genomes have amino acids in <10.0% of columns in filtered MSA.
[2022-04-23 15:10:43] INFO: Creating concatenated alignment for 45,556 bacterial GTDB and user genomes.
[2022-04-23 15:10:45] INFO: Creating concatenated alignment for 1 bacterial user genomes.
[2022-04-23 15:10:45] INFO: Done.
[2022-04-23 15:10:45] TASK: Placing 1 bacterial genomes into reference tree with pplacer using 20 CPUs (be patient).
[2022-04-23 15:10:45] INFO: pplacer version: v1.1.alpha19-0-g807f6f3
[2022-04-23 15:42:04] INFO: Calculating RED values based on reference tree.
[2022-04-23 15:42:12] TASK: Traversing tree to determine classification method.
[2022-04-23 15:42:12] INFO: Completed 1 genome in 0.00 seconds (600.56 genomes/second).
[2022-04-23 15:42:12] INFO: 0 genome(s) have been classified using FastANI and pplacer.
[2022-04-23 15:42:12] INFO: Done.
