[2022-04-24 06:32:09] INFO: GTDB-Tk v1.5.0
[2022-04-24 06:32:09] INFO: gtdbtk classify_wf --genome_dir /home1/christina/Elos_meta/Curtain3/MAGs/bac/with_16S/200/MAG_254/Protologger --out_dir /home1/christina/Elos_meta/Curtain3/MAGs/bac/with_16S/200/MAG_254/Protologger/GTDB-TK-Results --cpus 20
[2022-04-24 06:32:09] INFO: Using GTDB-Tk reference data version r202: /mnt/big/miniconda3/envs/protologger/share/gtdbtk-1.5.0/db/
[2022-04-24 06:32:09] INFO: Identifying markers in 1 genomes with 20 threads.
[2022-04-24 06:32:09] TASK: Running Prodigal V2.6.3 to identify genes.
[2022-04-24 06:32:24] INFO: Completed 1 genome in 14.70 seconds (14.70 seconds/genome).
[2022-04-24 06:32:24] TASK: Identifying TIGRFAM protein families.
[2022-04-24 06:32:30] INFO: Completed 1 genome in 5.83 seconds (5.83 seconds/genome).
[2022-04-24 06:32:30] TASK: Identifying Pfam protein families.
[2022-04-24 06:32:31] INFO: Completed 1 genome in 0.86 seconds (1.16 genomes/second).
[2022-04-24 06:32:31] INFO: Annotations done using HMMER 3.1b2 (February 2015).
[2022-04-24 06:32:31] TASK: Summarising identified marker genes.
[2022-04-24 06:32:31] INFO: Completed 1 genome in 0.03 seconds (30.81 genomes/second).
[2022-04-24 06:32:31] INFO: Done.
[2022-04-24 06:32:31] INFO: Aligning markers in 1 genomes with 20 CPUs.
[2022-04-24 06:32:31] INFO: Processing 1 genomes identified as bacterial.
[2022-04-24 06:32:35] INFO: Read concatenated alignment for 45,555 GTDB genomes.
[2022-04-24 06:32:35] TASK: Generating concatenated alignment for each marker.
[2022-04-24 06:32:36] INFO: Completed 1 genome in 0.02 seconds (55.61 genomes/second).
[2022-04-24 06:32:37] TASK: Aligning 108 identified markers using hmmalign 3.1b2 (February 2015).
[2022-04-24 06:32:38] INFO: Completed 108 markers in 0.17 seconds (625.83 markers/second).
[2022-04-24 06:32:38] TASK: Masking columns of bacterial multiple sequence alignment using canonical mask.
[2022-04-24 06:33:39] INFO: Completed 45,556 sequences in 1.01 minutes (45,172.28 sequences/minute).
[2022-04-24 06:33:39] INFO: Masked bacterial alignment from 41,084 to 5,037 AAs.
[2022-04-24 06:33:39] INFO: 0 bacterial user genomes have amino acids in <10.0% of columns in filtered MSA.
[2022-04-24 06:33:39] INFO: Creating concatenated alignment for 45,556 bacterial GTDB and user genomes.
[2022-04-24 06:33:41] INFO: Creating concatenated alignment for 1 bacterial user genomes.
[2022-04-24 06:33:41] INFO: Done.
[2022-04-24 06:33:41] TASK: Placing 1 bacterial genomes into reference tree with pplacer using 20 CPUs (be patient).
[2022-04-24 06:33:41] INFO: pplacer version: v1.1.alpha19-0-g807f6f3
[2022-04-24 07:01:10] INFO: Calculating RED values based on reference tree.
[2022-04-24 07:01:18] TASK: Traversing tree to determine classification method.
[2022-04-24 07:01:18] INFO: Completed 1 genome in 0.00 seconds (605.50 genomes/second).
[2022-04-24 07:01:18] TASK: Calculating average nucleotide identity using FastANI (v1.33).
[2022-04-24 07:01:19] INFO: Completed 2 comparisons in 0.70 seconds (2.85 comparisons/second).
[2022-04-24 07:01:19] INFO: 0 genome(s) have been classified using FastANI and pplacer.
[2022-04-24 07:01:19] INFO: Done.
