[2022-04-22 12:59:23] INFO: GTDB-Tk v1.5.0
[2022-04-22 12:59:23] INFO: gtdbtk classify_wf --genome_dir /home1/christina/Elos_meta/Curtain3/MAGs/bac/with_16S/rest/MAG_55/Protologger --out_dir /home1/christina/Elos_meta/Curtain3/MAGs/bac/with_16S/rest/MAG_55/Protologger/GTDB-TK-Results --cpus 20
[2022-04-22 12:59:23] INFO: Using GTDB-Tk reference data version r202: /mnt/big/miniconda3/envs/protologger/share/gtdbtk-1.5.0/db/
[2022-04-22 12:59:23] INFO: Identifying markers in 1 genomes with 20 threads.
[2022-04-22 12:59:23] TASK: Running Prodigal V2.6.3 to identify genes.
[2022-04-22 12:59:34] INFO: Completed 1 genome in 11.07 seconds (11.07 seconds/genome).
[2022-04-22 12:59:34] TASK: Identifying TIGRFAM protein families.
[2022-04-22 12:59:40] INFO: Completed 1 genome in 5.89 seconds (5.89 seconds/genome).
[2022-04-22 12:59:40] TASK: Identifying Pfam protein families.
[2022-04-22 12:59:41] INFO: Completed 1 genome in 0.95 seconds (1.05 genomes/second).
[2022-04-22 12:59:41] INFO: Annotations done using HMMER 3.1b2 (February 2015).
[2022-04-22 12:59:41] TASK: Summarising identified marker genes.
[2022-04-22 12:59:41] INFO: Completed 1 genome in 0.03 seconds (28.62 genomes/second).
[2022-04-22 12:59:41] INFO: Done.
[2022-04-22 12:59:41] INFO: Aligning markers in 1 genomes with 20 CPUs.
[2022-04-22 12:59:41] INFO: Processing 1 genomes identified as bacterial.
[2022-04-22 12:59:46] INFO: Read concatenated alignment for 45,555 GTDB genomes.
[2022-04-22 12:59:46] TASK: Generating concatenated alignment for each marker.
[2022-04-22 12:59:46] INFO: Completed 1 genome in 0.02 seconds (41.67 genomes/second).
[2022-04-22 12:59:47] TASK: Aligning 109 identified markers using hmmalign 3.1b2 (February 2015).
[2022-04-22 12:59:47] INFO: Completed 109 markers in 0.18 seconds (595.21 markers/second).
[2022-04-22 12:59:47] TASK: Masking columns of bacterial multiple sequence alignment using canonical mask.
[2022-04-22 13:00:48] INFO: Completed 45,556 sequences in 1.01 minutes (45,026.42 sequences/minute).
[2022-04-22 13:00:48] INFO: Masked bacterial alignment from 41,084 to 5,037 AAs.
[2022-04-22 13:00:48] INFO: 0 bacterial user genomes have amino acids in <10.0% of columns in filtered MSA.
[2022-04-22 13:00:48] INFO: Creating concatenated alignment for 45,556 bacterial GTDB and user genomes.
[2022-04-22 13:00:50] INFO: Creating concatenated alignment for 1 bacterial user genomes.
[2022-04-22 13:00:50] INFO: Done.
[2022-04-22 13:00:51] TASK: Placing 1 bacterial genomes into reference tree with pplacer using 20 CPUs (be patient).
[2022-04-22 13:00:51] INFO: pplacer version: v1.1.alpha19-0-g807f6f3
[2022-04-22 13:30:15] INFO: Calculating RED values based on reference tree.
[2022-04-22 13:30:23] TASK: Traversing tree to determine classification method.
[2022-04-22 13:30:23] INFO: Completed 1 genome in 0.00 seconds (572.91 genomes/second).
[2022-04-22 13:30:23] INFO: 0 genome(s) have been classified using FastANI and pplacer.
[2022-04-22 13:30:23] INFO: Done.
