[2022-04-22 19:24:48] INFO: GTDB-Tk v1.5.0
[2022-04-22 19:24:48] INFO: gtdbtk classify_wf --genome_dir /home1/christina/Elos_meta/Curtain3/MAGs/bac/with_16S/200/MAG_228/Protologger --out_dir /home1/christina/Elos_meta/Curtain3/MAGs/bac/with_16S/200/MAG_228/Protologger/GTDB-TK-Results --cpus 20
[2022-04-22 19:24:48] INFO: Using GTDB-Tk reference data version r202: /mnt/big/miniconda3/envs/protologger/share/gtdbtk-1.5.0/db/
[2022-04-22 19:24:48] INFO: Identifying markers in 1 genomes with 20 threads.
[2022-04-22 19:24:48] TASK: Running Prodigal V2.6.3 to identify genes.
[2022-04-22 19:25:22] INFO: Completed 1 genome in 34.17 seconds (34.17 seconds/genome).
[2022-04-22 19:25:22] TASK: Identifying TIGRFAM protein families.
[2022-04-22 19:25:29] INFO: Completed 1 genome in 6.33 seconds (6.33 seconds/genome).
[2022-04-22 19:25:29] TASK: Identifying Pfam protein families.
[2022-04-22 19:25:30] INFO: Completed 1 genome in 1.05 seconds (1.05 seconds/genome).
[2022-04-22 19:25:30] INFO: Annotations done using HMMER 3.1b2 (February 2015).
[2022-04-22 19:25:30] TASK: Summarising identified marker genes.
[2022-04-22 19:25:30] INFO: Completed 1 genome in 0.04 seconds (25.08 genomes/second).
[2022-04-22 19:25:30] INFO: Done.
[2022-04-22 19:25:30] INFO: Aligning markers in 1 genomes with 20 CPUs.
[2022-04-22 19:25:30] INFO: Processing 1 genomes identified as bacterial.
[2022-04-22 19:25:34] INFO: Read concatenated alignment for 45,555 GTDB genomes.
[2022-04-22 19:25:34] TASK: Generating concatenated alignment for each marker.
[2022-04-22 19:25:36] INFO: Completed 1 genome in 0.03 seconds (32.94 genomes/second).
[2022-04-22 19:25:36] TASK: Aligning 114 identified markers using hmmalign 3.1b2 (February 2015).
[2022-04-22 19:25:37] INFO: Completed 114 markers in 0.19 seconds (594.17 markers/second).
[2022-04-22 19:25:37] TASK: Masking columns of bacterial multiple sequence alignment using canonical mask.
[2022-04-22 19:26:38] INFO: Completed 45,556 sequences in 1.02 minutes (44,850.97 sequences/minute).
[2022-04-22 19:26:38] INFO: Masked bacterial alignment from 41,084 to 5,037 AAs.
[2022-04-22 19:26:38] INFO: 0 bacterial user genomes have amino acids in <10.0% of columns in filtered MSA.
[2022-04-22 19:26:38] INFO: Creating concatenated alignment for 45,556 bacterial GTDB and user genomes.
[2022-04-22 19:26:41] INFO: Creating concatenated alignment for 1 bacterial user genomes.
[2022-04-22 19:26:41] INFO: Done.
[2022-04-22 19:26:42] TASK: Placing 1 bacterial genomes into reference tree with pplacer using 20 CPUs (be patient).
[2022-04-22 19:26:42] INFO: pplacer version: v1.1.alpha19-0-g807f6f3
[2022-04-22 19:55:57] INFO: Calculating RED values based on reference tree.
[2022-04-22 19:56:05] TASK: Traversing tree to determine classification method.
[2022-04-22 19:56:05] INFO: Completed 1 genome in 0.00 seconds (619.54 genomes/second).
[2022-04-22 19:56:05] TASK: Calculating average nucleotide identity using FastANI (v1.33).
[2022-04-22 19:56:06] INFO: Completed 2 comparisons in 0.87 seconds (2.31 comparisons/second).
[2022-04-22 19:56:06] INFO: 0 genome(s) have been classified using FastANI and pplacer.
[2022-04-22 19:56:06] INFO: Done.
