[2022-04-20 17:04:59] INFO: GTDB-Tk v1.5.0
[2022-04-20 17:04:59] INFO: gtdbtk classify_wf --genome_dir /home1/christina/Elos_meta/Curtain3/MAGs/bac/with_16S/100/MAG_10/Protologger --out_dir /home1/christina/Elos_meta/Curtain3/MAGs/bac/with_16S/100/MAG_10/Protologger/GTDB-TK-Results --cpus 20
[2022-04-20 17:04:59] INFO: Using GTDB-Tk reference data version r202: /mnt/big/miniconda3/envs/protologger/share/gtdbtk-1.5.0/db/
[2022-04-20 17:04:59] INFO: Identifying markers in 1 genomes with 20 threads.
[2022-04-20 17:04:59] TASK: Running Prodigal V2.6.3 to identify genes.
[2022-04-20 17:05:37] INFO: Completed 1 genome in 38.18 seconds (38.18 seconds/genome).
[2022-04-20 17:05:37] TASK: Identifying TIGRFAM protein families.
[2022-04-20 17:05:44] INFO: Completed 1 genome in 7.02 seconds (7.02 seconds/genome).
[2022-04-20 17:05:44] TASK: Identifying Pfam protein families.
[2022-04-20 17:05:45] INFO: Completed 1 genome in 1.10 seconds (1.10 seconds/genome).
[2022-04-20 17:05:45] INFO: Annotations done using HMMER 3.1b2 (February 2015).
[2022-04-20 17:05:45] TASK: Summarising identified marker genes.
[2022-04-20 17:05:45] INFO: Completed 1 genome in 0.05 seconds (20.87 genomes/second).
[2022-04-20 17:05:45] INFO: Done.
[2022-04-20 17:05:45] INFO: Aligning markers in 1 genomes with 20 CPUs.
[2022-04-20 17:05:46] INFO: Processing 1 genomes identified as bacterial.
[2022-04-20 17:05:56] INFO: Read concatenated alignment for 45,555 GTDB genomes.
[2022-04-20 17:05:56] TASK: Generating concatenated alignment for each marker.
[2022-04-20 17:05:57] INFO: Completed 1 genome in 0.02 seconds (42.30 genomes/second).
[2022-04-20 17:05:57] TASK: Aligning 118 identified markers using hmmalign 3.1b2 (February 2015).
[2022-04-20 17:05:58] INFO: Completed 118 markers in 0.27 seconds (436.28 markers/second).
[2022-04-20 17:05:58] TASK: Masking columns of bacterial multiple sequence alignment using canonical mask.
[2022-04-20 17:07:24] INFO: Completed 45,556 sequences in 1.42 minutes (32,033.11 sequences/minute).
[2022-04-20 17:07:24] INFO: Masked bacterial alignment from 41,084 to 5,037 AAs.
[2022-04-20 17:07:24] INFO: 0 bacterial user genomes have amino acids in <10.0% of columns in filtered MSA.
[2022-04-20 17:07:24] INFO: Creating concatenated alignment for 45,556 bacterial GTDB and user genomes.
[2022-04-20 17:07:26] INFO: Creating concatenated alignment for 1 bacterial user genomes.
[2022-04-20 17:07:27] INFO: Done.
[2022-04-20 17:07:27] WARNING: pplacer requires ~204 GB of RAM to fully load the bacterial tree into memory. However, 131.8 GB was detected. This may affect pplacer performance, or fail if there is insufficient swap space.
[2022-04-20 17:07:27] TASK: Placing 1 bacterial genomes into reference tree with pplacer using 20 CPUs (be patient).
[2022-04-20 17:07:27] INFO: pplacer version: v1.1.alpha19-0-g807f6f3
[2022-04-20 18:25:43] ERROR: Controlled exit resulting from an unrecoverable error or warning.

================================================================================
EXCEPTION: PplacerException
  MESSAGE: An error was encountered while running pplacer.
________________________________________________________________________________

Traceback (most recent call last):
  File "/mnt/big/miniconda3/envs/protologger/lib/python3.7/site-packages/gtdbtk/__main__.py", line 95, in main
    gt_parser.parse_options(args)
  File "/mnt/big/miniconda3/envs/protologger/lib/python3.7/site-packages/gtdbtk/main.py", line 718, in parse_options
    self.classify(options)
  File "/mnt/big/miniconda3/envs/protologger/lib/python3.7/site-packages/gtdbtk/main.py", line 447, in classify
    options.split_tree)
  File "/mnt/big/miniconda3/envs/protologger/lib/python3.7/site-packages/gtdbtk/classify.py", line 448, in run
    scratch_dir)
  File "/mnt/big/miniconda3/envs/protologger/lib/python3.7/site-packages/gtdbtk/classify.py", line 241, in place_genomes
    user_msa_file, pplacer_out, pplacer_mmap_file)
  File "/mnt/big/miniconda3/envs/protologger/lib/python3.7/site-packages/gtdbtk/external/pplacer.py", line 93, in run
    'An error was encountered while running pplacer.')
gtdbtk.exceptions.PplacerException: An error was encountered while running pplacer.
================================================================================
[2022-04-21 01:52:11] INFO: GTDB-Tk v1.5.0
[2022-04-21 01:52:11] INFO: gtdbtk classify_wf --genome_dir /home1/christina/Elos_meta/Curtain3/MAGs/bac/with_16S/100/MAG_10/Protologger --out_dir /home1/christina/Elos_meta/Curtain3/MAGs/bac/with_16S/100/MAG_10/Protologger/GTDB-TK-Results --cpus 20
[2022-04-21 01:52:11] INFO: Using GTDB-Tk reference data version r202: /mnt/big/miniconda3/envs/protologger/share/gtdbtk-1.5.0/db/
[2022-04-21 01:52:11] INFO: Identifying markers in 1 genomes with 20 threads.
[2022-04-21 01:52:11] TASK: Running Prodigal V2.6.3 to identify genes.
[2022-04-21 01:52:11] INFO: Completed 1 genome in 0.03 seconds (32.76 genomes/second).
[2022-04-21 01:52:11] WARNING: Prodigal skipped 1 genome due to pre-existing data, see warnings.log
[2022-04-21 01:52:11] TASK: Identifying TIGRFAM protein families.
[2022-04-21 01:52:11] INFO: Completed 1 genome in 0.02 seconds (49.15 genomes/second).
[2022-04-21 01:52:11] WARNING: TIGRFAM skipped 1 genome due to pre-existing data, see warnings.log
[2022-04-21 01:52:11] TASK: Identifying Pfam protein families.
[2022-04-21 01:52:11] INFO: Completed 1 genome in 0.02 seconds (50.21 genomes/second).
[2022-04-21 01:52:11] WARNING: Pfam skipped 1 genome due to pre-existing data, see warnings.log
[2022-04-21 01:52:11] INFO: Annotations done using HMMER 3.1b2 (February 2015).
[2022-04-21 01:52:11] TASK: Summarising identified marker genes.
[2022-04-21 01:52:11] INFO: Completed 1 genome in 0.05 seconds (22.19 genomes/second).
[2022-04-21 01:52:11] INFO: Done.
[2022-04-21 01:52:12] INFO: Aligning markers in 1 genomes with 20 CPUs.
[2022-04-21 01:52:12] INFO: Processing 1 genomes identified as bacterial.
[2022-04-21 01:52:17] INFO: Read concatenated alignment for 45,555 GTDB genomes.
[2022-04-21 01:52:17] TASK: Generating concatenated alignment for each marker.
[2022-04-21 01:52:17] INFO: Completed 1 genome in 0.03 seconds (37.29 genomes/second).
[2022-04-21 01:52:17] TASK: Aligning 118 identified markers using hmmalign 3.1b2 (February 2015).
[2022-04-21 01:52:18] INFO: Completed 118 markers in 0.29 seconds (409.58 markers/second).
[2022-04-21 01:52:18] TASK: Masking columns of bacterial multiple sequence alignment using canonical mask.
[2022-04-21 01:53:43] INFO: Completed 45,556 sequences in 1.41 minutes (32,284.16 sequences/minute).
[2022-04-21 01:53:43] INFO: Masked bacterial alignment from 41,084 to 5,037 AAs.
[2022-04-21 01:53:43] INFO: 0 bacterial user genomes have amino acids in <10.0% of columns in filtered MSA.
[2022-04-21 01:53:43] INFO: Creating concatenated alignment for 45,556 bacterial GTDB and user genomes.
[2022-04-21 01:53:45] INFO: Creating concatenated alignment for 1 bacterial user genomes.
[2022-04-21 01:53:45] INFO: Done.
[2022-04-21 01:53:45] WARNING: pplacer requires ~204 GB of RAM to fully load the bacterial tree into memory. However, 131.8 GB was detected. This may affect pplacer performance, or fail if there is insufficient swap space.
[2022-04-21 01:53:45] TASK: Placing 1 bacterial genomes into reference tree with pplacer using 20 CPUs (be patient).
[2022-04-21 01:53:45] INFO: pplacer version: v1.1.alpha19-0-g807f6f3
[2022-04-21 02:27:40] INFO: GTDB-Tk v1.5.0
[2022-04-21 02:27:40] INFO: gtdbtk classify_wf --genome_dir /home1/christina/Elos_meta/Curtain3/MAGs/bac/with_16S/100/MAG_10/Protologger --out_dir /home1/christina/Elos_meta/Curtain3/MAGs/bac/with_16S/100/MAG_10/Protologger/GTDB-TK-Results --cpus 20
[2022-04-21 02:27:40] INFO: Using GTDB-Tk reference data version r202: /mnt/big/miniconda3/envs/protologger/share/gtdbtk-1.5.0/db/
[2022-04-21 02:27:40] INFO: Identifying markers in 1 genomes with 20 threads.
[2022-04-21 02:27:40] TASK: Running Prodigal V2.6.3 to identify genes.
[2022-04-21 02:27:41] INFO: Completed 1 genome in 0.50 seconds (2.01 genomes/second).
[2022-04-21 02:27:41] WARNING: Prodigal skipped 1 genome due to pre-existing data, see warnings.log
[2022-04-21 02:27:41] TASK: Identifying TIGRFAM protein families.
[2022-04-21 02:27:41] INFO: Completed 1 genome in 0.05 seconds (18.54 genomes/second).
[2022-04-21 02:27:41] WARNING: TIGRFAM skipped 1 genome due to pre-existing data, see warnings.log
[2022-04-21 02:27:41] TASK: Identifying Pfam protein families.
[2022-04-21 02:27:41] INFO: Completed 1 genome in 0.02 seconds (43.91 genomes/second).
[2022-04-21 02:27:41] WARNING: Pfam skipped 1 genome due to pre-existing data, see warnings.log
[2022-04-21 02:27:41] INFO: Annotations done using HMMER 3.1b2 (February 2015).
[2022-04-21 02:27:41] TASK: Summarising identified marker genes.
[2022-04-21 02:27:41] INFO: Completed 1 genome in 0.04 seconds (28.29 genomes/second).
[2022-04-21 02:27:41] INFO: Done.
[2022-04-21 02:27:41] INFO: Aligning markers in 1 genomes with 20 CPUs.
[2022-04-21 02:27:41] INFO: Processing 1 genomes identified as bacterial.
[2022-04-21 02:27:46] INFO: Read concatenated alignment for 45,555 GTDB genomes.
[2022-04-21 02:27:46] TASK: Generating concatenated alignment for each marker.
[2022-04-21 02:27:47] INFO: Completed 1 genome in 0.02 seconds (40.75 genomes/second).
[2022-04-21 02:27:48] TASK: Aligning 118 identified markers using hmmalign 3.1b2 (February 2015).
[2022-04-21 02:27:49] INFO: Completed 118 markers in 0.17 seconds (708.03 markers/second).
[2022-04-21 02:27:49] TASK: Masking columns of bacterial multiple sequence alignment using canonical mask.
[2022-04-21 02:28:49] INFO: Completed 45,556 sequences in 1.00 minutes (45,339.69 sequences/minute).
[2022-04-21 02:28:49] INFO: Masked bacterial alignment from 41,084 to 5,037 AAs.
[2022-04-21 02:28:49] INFO: 0 bacterial user genomes have amino acids in <10.0% of columns in filtered MSA.
[2022-04-21 02:28:49] INFO: Creating concatenated alignment for 45,556 bacterial GTDB and user genomes.
[2022-04-21 02:28:52] INFO: Creating concatenated alignment for 1 bacterial user genomes.
[2022-04-21 02:28:52] INFO: Done.
[2022-04-21 02:28:52] TASK: Placing 1 bacterial genomes into reference tree with pplacer using 20 CPUs (be patient).
[2022-04-21 02:28:52] INFO: pplacer version: v1.1.alpha19-0-g807f6f3
[2022-04-21 03:01:43] INFO: Calculating RED values based on reference tree.
[2022-04-21 03:01:51] TASK: Traversing tree to determine classification method.
[2022-04-21 03:01:51] INFO: Completed 1 genome in 0.02 seconds (65.97 genomes/second).
[2022-04-21 03:01:51] INFO: 0 genome(s) have been classified using FastANI and pplacer.
[2022-04-21 03:01:51] INFO: Done.
