[2022-04-24 13:07:49] INFO: GTDB-Tk v1.5.0
[2022-04-24 13:07:49] INFO: gtdbtk classify_wf --genome_dir /home1/christina/Elos_meta/Curtain3/MAGs/bac/with_16S/200/MAG_258/Protologger --out_dir /home1/christina/Elos_meta/Curtain3/MAGs/bac/with_16S/200/MAG_258/Protologger/GTDB-TK-Results --cpus 20
[2022-04-24 13:07:49] INFO: Using GTDB-Tk reference data version r202: /mnt/big/miniconda3/envs/protologger/share/gtdbtk-1.5.0/db/
[2022-04-24 13:07:49] INFO: Identifying markers in 1 genomes with 20 threads.
[2022-04-24 13:07:49] TASK: Running Prodigal V2.6.3 to identify genes.
[2022-04-24 13:08:04] INFO: Completed 1 genome in 15.59 seconds (15.59 seconds/genome).
[2022-04-24 13:08:04] TASK: Identifying TIGRFAM protein families.
[2022-04-24 13:08:10] INFO: Completed 1 genome in 5.79 seconds (5.79 seconds/genome).
[2022-04-24 13:08:10] TASK: Identifying Pfam protein families.
[2022-04-24 13:08:11] INFO: Completed 1 genome in 1.00 seconds (1.00 seconds/genome).
[2022-04-24 13:08:11] INFO: Annotations done using HMMER 3.1b2 (February 2015).
[2022-04-24 13:08:11] TASK: Summarising identified marker genes.
[2022-04-24 13:08:11] INFO: Completed 1 genome in 0.03 seconds (32.49 genomes/second).
[2022-04-24 13:08:11] INFO: Done.
[2022-04-24 13:08:11] INFO: Aligning markers in 1 genomes with 20 CPUs.
[2022-04-24 13:08:11] INFO: Processing 1 genomes identified as bacterial.
[2022-04-24 13:08:16] INFO: Read concatenated alignment for 45,555 GTDB genomes.
[2022-04-24 13:08:16] TASK: Generating concatenated alignment for each marker.
[2022-04-24 13:08:18] INFO: Completed 1 genome in 0.05 seconds (19.30 genomes/second).
[2022-04-24 13:08:18] TASK: Aligning 109 identified markers using hmmalign 3.1b2 (February 2015).
[2022-04-24 13:08:20] INFO: Completed 109 markers in 0.16 seconds (683.81 markers/second).
[2022-04-24 13:08:20] TASK: Masking columns of bacterial multiple sequence alignment using canonical mask.
[2022-04-24 13:09:21] INFO: Completed 45,556 sequences in 1.02 minutes (44,572.27 sequences/minute).
[2022-04-24 13:09:21] INFO: Masked bacterial alignment from 41,084 to 5,037 AAs.
[2022-04-24 13:09:21] INFO: 0 bacterial user genomes have amino acids in <10.0% of columns in filtered MSA.
[2022-04-24 13:09:21] INFO: Creating concatenated alignment for 45,556 bacterial GTDB and user genomes.
[2022-04-24 13:09:24] INFO: Creating concatenated alignment for 1 bacterial user genomes.
[2022-04-24 13:09:24] INFO: Done.
[2022-04-24 13:09:24] TASK: Placing 1 bacterial genomes into reference tree with pplacer using 20 CPUs (be patient).
[2022-04-24 13:09:24] INFO: pplacer version: v1.1.alpha19-0-g807f6f3
[2022-04-24 13:38:23] INFO: Calculating RED values based on reference tree.
[2022-04-24 13:38:31] TASK: Traversing tree to determine classification method.
[2022-04-24 13:38:31] INFO: Completed 1 genome in 0.00 seconds (537.11 genomes/second).
[2022-04-24 13:38:31] INFO: 0 genome(s) have been classified using FastANI and pplacer.
[2022-04-24 13:38:31] INFO: Done.
