[2022-04-21 11:06:36] INFO: GTDB-Tk v1.5.0
[2022-04-21 11:06:36] INFO: gtdbtk classify_wf --genome_dir /home1/christina/Elos_meta/Curtain3/MAGs/bac/with_16S/100/MAG_105/Protologger --out_dir /home1/christina/Elos_meta/Curtain3/MAGs/bac/with_16S/100/MAG_105/Protologger/GTDB-TK-Results --cpus 20
[2022-04-21 11:06:36] INFO: Using GTDB-Tk reference data version r202: /mnt/big/miniconda3/envs/protologger/share/gtdbtk-1.5.0/db/
[2022-04-21 11:06:37] INFO: Identifying markers in 1 genomes with 20 threads.
[2022-04-21 11:06:37] TASK: Running Prodigal V2.6.3 to identify genes.
[2022-04-21 11:06:53] INFO: Completed 1 genome in 16.87 seconds (16.87 seconds/genome).
[2022-04-21 11:06:53] TASK: Identifying TIGRFAM protein families.
[2022-04-21 11:07:00] INFO: Completed 1 genome in 6.06 seconds (6.06 seconds/genome).
[2022-04-21 11:07:00] TASK: Identifying Pfam protein families.
[2022-04-21 11:07:01] INFO: Completed 1 genome in 0.99 seconds (1.01 genomes/second).
[2022-04-21 11:07:01] INFO: Annotations done using HMMER 3.1b2 (February 2015).
[2022-04-21 11:07:01] TASK: Summarising identified marker genes.
[2022-04-21 11:07:01] INFO: Completed 1 genome in 0.04 seconds (27.73 genomes/second).
[2022-04-21 11:07:01] INFO: Done.
[2022-04-21 11:07:01] INFO: Aligning markers in 1 genomes with 20 CPUs.
[2022-04-21 11:07:01] INFO: Processing 1 genomes identified as bacterial.
[2022-04-21 11:07:05] INFO: Read concatenated alignment for 45,555 GTDB genomes.
[2022-04-21 11:07:05] TASK: Generating concatenated alignment for each marker.
[2022-04-21 11:07:06] INFO: Completed 1 genome in 0.02 seconds (48.05 genomes/second).
[2022-04-21 11:07:06] TASK: Aligning 113 identified markers using hmmalign 3.1b2 (February 2015).
[2022-04-21 11:07:07] INFO: Completed 113 markers in 0.17 seconds (661.15 markers/second).
[2022-04-21 11:07:07] TASK: Masking columns of bacterial multiple sequence alignment using canonical mask.
[2022-04-21 11:08:08] INFO: Completed 45,556 sequences in 1.02 minutes (44,855.63 sequences/minute).
[2022-04-21 11:08:08] INFO: Masked bacterial alignment from 41,084 to 5,037 AAs.
[2022-04-21 11:08:08] INFO: 0 bacterial user genomes have amino acids in <10.0% of columns in filtered MSA.
[2022-04-21 11:08:08] INFO: Creating concatenated alignment for 45,556 bacterial GTDB and user genomes.
[2022-04-21 11:08:10] INFO: Creating concatenated alignment for 1 bacterial user genomes.
[2022-04-21 11:08:10] INFO: Done.
[2022-04-21 11:08:11] TASK: Placing 1 bacterial genomes into reference tree with pplacer using 20 CPUs (be patient).
[2022-04-21 11:08:11] INFO: pplacer version: v1.1.alpha19-0-g807f6f3
[2022-04-21 11:38:57] INFO: Calculating RED values based on reference tree.
[2022-04-21 11:39:05] TASK: Traversing tree to determine classification method.
[2022-04-21 11:39:05] INFO: Completed 1 genome in 0.00 seconds (470.27 genomes/second).
[2022-04-21 11:39:05] INFO: 0 genome(s) have been classified using FastANI and pplacer.
[2022-04-21 11:39:05] INFO: Done.
