[2022-04-20 20:12:51] INFO: GTDB-Tk v1.5.0
[2022-04-20 20:12:51] INFO: gtdbtk classify_wf --genome_dir /home1/christina/Elos_meta/Curtain3/MAGs/arc/with_16S/MAG_99/Protologger --out_dir /home1/christina/Elos_meta/Curtain3/MAGs/arc/with_16S/MAG_99/Protologger/GTDB-TK-Results --cpus 20
[2022-04-20 20:12:51] INFO: Using GTDB-Tk reference data version r202: /mnt/big/miniconda3/envs/protologger/share/gtdbtk-1.5.0/db/
[2022-04-20 20:12:51] INFO: Identifying markers in 1 genomes with 20 threads.
[2022-04-20 20:12:51] TASK: Running Prodigal V2.6.3 to identify genes.
[2022-04-20 20:12:55] INFO: Completed 1 genome in 3.94 seconds (3.94 seconds/genome).
[2022-04-20 20:12:55] TASK: Identifying TIGRFAM protein families.
[2022-04-20 20:13:01] INFO: Completed 1 genome in 5.55 seconds (5.55 seconds/genome).
[2022-04-20 20:13:01] TASK: Identifying Pfam protein families.
[2022-04-20 20:13:02] INFO: Completed 1 genome in 0.96 seconds (1.04 genomes/second).
[2022-04-20 20:13:02] INFO: Annotations done using HMMER 3.1b2 (February 2015).
[2022-04-20 20:13:02] TASK: Summarising identified marker genes.
[2022-04-20 20:13:02] INFO: Completed 1 genome in 0.01 seconds (70.80 genomes/second).
[2022-04-20 20:13:02] INFO: Done.
[2022-04-20 20:13:02] INFO: Aligning markers in 1 genomes with 20 CPUs.
[2022-04-20 20:13:02] INFO: Processing 1 genomes identified as archaeal.
[2022-04-20 20:13:02] INFO: Read concatenated alignment for 2,339 GTDB genomes.
[2022-04-20 20:13:02] TASK: Generating concatenated alignment for each marker.
[2022-04-20 20:13:03] INFO: Completed 1 genome in 0.36 seconds (2.80 genomes/second).
[2022-04-20 20:13:03] TASK: Aligning 77 identified markers using hmmalign 3.1b2 (February 2015).
[2022-04-20 20:13:04] INFO: Completed 77 markers in 0.46 seconds (166.06 markers/second).
[2022-04-20 20:13:04] TASK: Masking columns of archaeal multiple sequence alignment using canonical mask.
[2022-04-20 20:13:07] INFO: Completed 2,340 sequences in 3.87 seconds (604.31 sequences/second).
[2022-04-20 20:13:07] INFO: Masked archaeal alignment from 32,754 to 5,124 AAs.
[2022-04-20 20:13:07] INFO: 0 archaeal user genomes have amino acids in <10.0% of columns in filtered MSA.
[2022-04-20 20:13:07] INFO: Creating concatenated alignment for 2,340 archaeal GTDB and user genomes.
[2022-04-20 20:13:08] INFO: Creating concatenated alignment for 1 archaeal user genomes.
[2022-04-20 20:13:08] INFO: Done.
[2022-04-20 20:13:08] TASK: Placing 1 archaeal genomes into reference tree with pplacer using 20 CPUs (be patient).
[2022-04-20 20:13:08] INFO: pplacer version: v1.1.alpha19-0-g807f6f3
[2022-04-20 20:13:59] INFO: Calculating RED values based on reference tree.
[2022-04-20 20:14:00] TASK: Traversing tree to determine classification method.
[2022-04-20 20:14:00] INFO: Completed 1 genome in 0.00 seconds (355.18 genomes/second).
[2022-04-20 20:14:00] INFO: 0 genome(s) have been classified using FastANI and pplacer.
[2022-04-20 20:14:00] INFO: Done.
[2022-04-21 05:22:03] INFO: GTDB-Tk v1.5.0
[2022-04-21 05:22:03] INFO: gtdbtk classify_wf --genome_dir /home1/christina/Elos_meta/Curtain3/MAGs/arc/with_16S/MAG_99/Protologger --out_dir /home1/christina/Elos_meta/Curtain3/MAGs/arc/with_16S/MAG_99/Protologger/GTDB-TK-Results --cpus 20
[2022-04-21 05:22:03] INFO: Using GTDB-Tk reference data version r202: /mnt/big/miniconda3/envs/protologger/share/gtdbtk-1.5.0/db/
[2022-04-21 05:22:03] INFO: Identifying markers in 1 genomes with 20 threads.
[2022-04-21 05:22:03] TASK: Running Prodigal V2.6.3 to identify genes.
[2022-04-21 05:22:03] INFO: Completed 1 genome in 0.18 seconds (5.56 genomes/second).
[2022-04-21 05:22:03] WARNING: Prodigal skipped 1 genome due to pre-existing data, see warnings.log
[2022-04-21 05:22:03] TASK: Identifying TIGRFAM protein families.
[2022-04-21 05:22:03] INFO: Completed 1 genome in 0.05 seconds (20.45 genomes/second).
[2022-04-21 05:22:03] WARNING: TIGRFAM skipped 1 genome due to pre-existing data, see warnings.log
[2022-04-21 05:22:03] TASK: Identifying Pfam protein families.
[2022-04-21 05:22:03] INFO: Completed 1 genome in 0.02 seconds (60.13 genomes/second).
[2022-04-21 05:22:03] WARNING: Pfam skipped 1 genome due to pre-existing data, see warnings.log
[2022-04-21 05:22:03] INFO: Annotations done using HMMER 3.1b2 (February 2015).
[2022-04-21 05:22:03] TASK: Summarising identified marker genes.
[2022-04-21 05:22:03] INFO: Completed 1 genome in 0.01 seconds (76.95 genomes/second).
[2022-04-21 05:22:03] INFO: Done.
[2022-04-21 05:22:03] INFO: Aligning markers in 1 genomes with 20 CPUs.
[2022-04-21 05:22:03] INFO: Processing 1 genomes identified as archaeal.
[2022-04-21 05:22:04] INFO: Read concatenated alignment for 2,339 GTDB genomes.
[2022-04-21 05:22:04] TASK: Generating concatenated alignment for each marker.
[2022-04-21 05:22:04] INFO: Completed 1 genome in 0.28 seconds (3.62 genomes/second).
[2022-04-21 05:22:04] TASK: Aligning 77 identified markers using hmmalign 3.1b2 (February 2015).
[2022-04-21 05:22:05] INFO: Completed 77 markers in 0.46 seconds (168.18 markers/second).
[2022-04-21 05:22:05] TASK: Masking columns of archaeal multiple sequence alignment using canonical mask.
[2022-04-21 05:22:07] INFO: Completed 2,340 sequences in 2.65 seconds (881.42 sequences/second).
[2022-04-21 05:22:07] INFO: Masked archaeal alignment from 32,754 to 5,124 AAs.
[2022-04-21 05:22:07] INFO: 0 archaeal user genomes have amino acids in <10.0% of columns in filtered MSA.
[2022-04-21 05:22:07] INFO: Creating concatenated alignment for 2,340 archaeal GTDB and user genomes.
[2022-04-21 05:22:07] INFO: Creating concatenated alignment for 1 archaeal user genomes.
[2022-04-21 05:22:08] INFO: Done.
[2022-04-21 05:22:08] TASK: Placing 1 archaeal genomes into reference tree with pplacer using 20 CPUs (be patient).
[2022-04-21 05:22:08] INFO: pplacer version: v1.1.alpha19-0-g807f6f3
[2022-04-21 05:22:51] INFO: Calculating RED values based on reference tree.
[2022-04-21 05:22:52] TASK: Traversing tree to determine classification method.
[2022-04-21 05:22:52] INFO: Completed 1 genome in 0.00 seconds (424.40 genomes/second).
[2022-04-21 05:22:52] INFO: 0 genome(s) have been classified using FastANI and pplacer.
[2022-04-21 05:22:52] INFO: Done.
