[2022-04-25 09:53:22] INFO: GTDB-Tk v1.5.0
[2022-04-25 09:53:22] INFO: gtdbtk classify_wf --genome_dir /home1/christina/Elos_meta/Curtain3/MAGs/bac/with_16S/200/MAG_280/Protologger --out_dir /home1/christina/Elos_meta/Curtain3/MAGs/bac/with_16S/200/MAG_280/Protologger/GTDB-TK-Results --cpus 20
[2022-04-25 09:53:22] INFO: Using GTDB-Tk reference data version r202: /mnt/big/miniconda3/envs/protologger/share/gtdbtk-1.5.0/db/
[2022-04-25 09:53:22] INFO: Identifying markers in 1 genomes with 20 threads.
[2022-04-25 09:53:22] TASK: Running Prodigal V2.6.3 to identify genes.
[2022-04-25 09:53:34] INFO: Completed 1 genome in 12.48 seconds (12.48 seconds/genome).
[2022-04-25 09:53:34] TASK: Identifying TIGRFAM protein families.
[2022-04-25 09:53:40] INFO: Completed 1 genome in 6.23 seconds (6.23 seconds/genome).
[2022-04-25 09:53:40] TASK: Identifying Pfam protein families.
[2022-04-25 09:53:42] INFO: Completed 1 genome in 1.10 seconds (1.10 seconds/genome).
[2022-04-25 09:53:42] INFO: Annotations done using HMMER 3.1b2 (February 2015).
[2022-04-25 09:53:42] TASK: Summarising identified marker genes.
[2022-04-25 09:53:42] INFO: Completed 1 genome in 0.03 seconds (29.36 genomes/second).
[2022-04-25 09:53:42] INFO: Done.
[2022-04-25 09:53:42] INFO: Aligning markers in 1 genomes with 20 CPUs.
[2022-04-25 09:53:42] INFO: Processing 1 genomes identified as bacterial.
[2022-04-25 09:53:46] INFO: Read concatenated alignment for 45,555 GTDB genomes.
[2022-04-25 09:53:46] TASK: Generating concatenated alignment for each marker.
[2022-04-25 09:53:48] INFO: Completed 1 genome in 0.02 seconds (42.41 genomes/second).
[2022-04-25 09:53:48] TASK: Aligning 92 identified markers using hmmalign 3.1b2 (February 2015).
[2022-04-25 09:53:49] INFO: Completed 92 markers in 0.15 seconds (603.75 markers/second).
[2022-04-25 09:53:49] TASK: Masking columns of bacterial multiple sequence alignment using canonical mask.
[2022-04-25 09:54:50] INFO: Completed 45,556 sequences in 1.01 minutes (45,177.93 sequences/minute).
[2022-04-25 09:54:50] INFO: Masked bacterial alignment from 41,084 to 5,037 AAs.
[2022-04-25 09:54:50] INFO: 0 bacterial user genomes have amino acids in <10.0% of columns in filtered MSA.
[2022-04-25 09:54:50] INFO: Creating concatenated alignment for 45,556 bacterial GTDB and user genomes.
[2022-04-25 09:54:52] INFO: Creating concatenated alignment for 1 bacterial user genomes.
[2022-04-25 09:54:52] INFO: Done.
[2022-04-25 09:54:53] TASK: Placing 1 bacterial genomes into reference tree with pplacer using 20 CPUs (be patient).
[2022-04-25 09:54:53] INFO: pplacer version: v1.1.alpha19-0-g807f6f3
[2022-04-25 10:17:52] INFO: Calculating RED values based on reference tree.
[2022-04-25 10:18:00] TASK: Traversing tree to determine classification method.
[2022-04-25 10:18:00] INFO: Completed 1 genome in 0.00 seconds (747.25 genomes/second).
[2022-04-25 10:18:00] TASK: Calculating average nucleotide identity using FastANI (v1.33).
[2022-04-25 10:18:01] INFO: Completed 2 comparisons in 0.57 seconds (3.51 comparisons/second).
[2022-04-25 10:18:01] INFO: 0 genome(s) have been classified using FastANI and pplacer.
[2022-04-25 10:18:01] INFO: Done.
