[2022-04-23 06:52:57] INFO: GTDB-Tk v1.5.0
[2022-04-23 06:52:57] INFO: gtdbtk classify_wf --genome_dir /home1/christina/Elos_meta/Curtain3/MAGs/bac/with_16S/100/MAG_149/Protologger --out_dir /home1/christina/Elos_meta/Curtain3/MAGs/bac/with_16S/100/MAG_149/Protologger/GTDB-TK-Results --cpus 20
[2022-04-23 06:52:57] INFO: Using GTDB-Tk reference data version r202: /mnt/big/miniconda3/envs/protologger/share/gtdbtk-1.5.0/db/
[2022-04-23 06:52:57] INFO: Identifying markers in 1 genomes with 20 threads.
[2022-04-23 06:52:57] TASK: Running Prodigal V2.6.3 to identify genes.
[2022-04-23 06:53:06] INFO: Completed 1 genome in 8.62 seconds (8.62 seconds/genome).
[2022-04-23 06:53:06] TASK: Identifying TIGRFAM protein families.
[2022-04-23 06:53:12] INFO: Completed 1 genome in 5.46 seconds (5.46 seconds/genome).
[2022-04-23 06:53:12] TASK: Identifying Pfam protein families.
[2022-04-23 06:53:12] INFO: Completed 1 genome in 0.80 seconds (1.26 genomes/second).
[2022-04-23 06:53:12] INFO: Annotations done using HMMER 3.1b2 (February 2015).
[2022-04-23 06:53:12] TASK: Summarising identified marker genes.
[2022-04-23 06:53:13] INFO: Completed 1 genome in 0.02 seconds (41.03 genomes/second).
[2022-04-23 06:53:13] INFO: Done.
[2022-04-23 06:53:13] INFO: Aligning markers in 1 genomes with 20 CPUs.
[2022-04-23 06:53:13] INFO: Processing 1 genomes identified as bacterial.
[2022-04-23 06:53:17] INFO: Read concatenated alignment for 45,555 GTDB genomes.
[2022-04-23 06:53:17] TASK: Generating concatenated alignment for each marker.
[2022-04-23 06:53:18] INFO: Completed 1 genome in 0.02 seconds (61.77 genomes/second).
[2022-04-23 06:53:18] TASK: Aligning 102 identified markers using hmmalign 3.1b2 (February 2015).
[2022-04-23 06:53:19] INFO: Completed 102 markers in 0.17 seconds (587.48 markers/second).
[2022-04-23 06:53:19] TASK: Masking columns of bacterial multiple sequence alignment using canonical mask.
[2022-04-23 06:54:19] INFO: Completed 45,556 sequences in 1.01 minutes (45,265.85 sequences/minute).
[2022-04-23 06:54:19] INFO: Masked bacterial alignment from 41,084 to 5,037 AAs.
[2022-04-23 06:54:19] INFO: 0 bacterial user genomes have amino acids in <10.0% of columns in filtered MSA.
[2022-04-23 06:54:19] INFO: Creating concatenated alignment for 45,556 bacterial GTDB and user genomes.
[2022-04-23 06:54:21] INFO: Creating concatenated alignment for 1 bacterial user genomes.
[2022-04-23 06:54:22] INFO: Done.
[2022-04-23 06:54:22] TASK: Placing 1 bacterial genomes into reference tree with pplacer using 20 CPUs (be patient).
[2022-04-23 06:54:22] INFO: pplacer version: v1.1.alpha19-0-g807f6f3
[2022-04-23 07:21:15] INFO: Calculating RED values based on reference tree.
[2022-04-23 07:21:24] TASK: Traversing tree to determine classification method.
[2022-04-23 07:21:24] INFO: Completed 1 genome in 0.00 seconds (629.02 genomes/second).
[2022-04-23 07:21:24] TASK: Calculating average nucleotide identity using FastANI (v1.33).
[2022-04-23 07:21:24] INFO: Completed 2 comparisons in 0.44 seconds (4.55 comparisons/second).
[2022-04-23 07:21:24] INFO: 0 genome(s) have been classified using FastANI and pplacer.
[2022-04-23 07:21:25] INFO: Done.
